
 BerkeleyGW version 3.0
 BSE/IntEqp code, Complex version, run on 02-Jul-2023 at 19:49:29 -0700

                                                                 ..o.          
                                                                .oxxo.         
                                                               .oxxxxo...      
                                                               oxxxxxxo.       
                                                              .oxxxxxxx.       
                                                              .ooooooxxo..     
                                                              .oooooooxo..     
                                                              .oooooxxo...     
                                                       .........oxooo......    
                                                 ............................  
                                             ................................. 
                                          .................................... 
           .          ..oo. ....  .................................oooxxxxxxxo.
     .............oxxxx@ox@@@x@x.....................o...........ooooooooooxx. 
    .o.........oox@x.oo........xxx@@............ooxxxxo..........ooooxxxxxoxo  
    .x........x@xxo...............o@xxo........oxxx@@@xoooooooooooooooxxxo...  
    .o......ox@@o..................oox@o.....ooxxx@xoooxxxxxxxoooooooooooo.... 
    o..ooooo@@xoooo....ooo...........x@o.....ooxxxxo   .oxxxxxxxxxxooooooo.... 
    . .oooo@@@@@@@@@@@@@@@@@@@@@@@@@@@@@@....ooooox.     .oxx@@@@@xxoo........ 
      .ooooxxxxxxxooooooxooooooooooooooxo...oooooxx.        ..ox@xxxoo.........
      .ooooooxxxx@xoooooooooooooxxoooooooooooxxxxx.            .oxxooooooooxxo.
     .oooooxxxxx@@@xxxxxxxxxxxxxxxxxxxxxxxxoxxxxo.                .oxxxxxxxxo. 
   ....oooxxxxx@@@xo..oxxx@@@@@@xxxxoxxoooooooxx.                  .oxxxoo..   
  .....ooxxxx@@xo.       ........    .ooooooooxxo                              
  ..oooxxxx@@@o                       .oooooooxoo.                             
  ....oxooxxxxx.                       .ooo..oooo.                             
  .....o.ooxxxxxo.                     .oooooooxo.                             
 ......ooooxxxxxxo.                     .ooooooxoo..                           
........ooxxxxxxxo..                     .o....oxoo...                         
.......ooooxxxxxxxo.                     ........oooo.                         
.ooooooo..ooxxxxoooo.                    .........ooo...                       
..oxo...ooooxxxoooo..                    .ooo......oooo...                     
  .ooooo....o.                            .oxxxoo....ooo....                   
    .oooooo...                              ...ooooo...ooo..                   
       ...                                     .oo.......                      
                                               ....ooo...                      
                      __              __                                       
 ______              [  |            [  |                 ._____  _          _ 
|_   _ \              | |  _          | |                /  ___ \| |        | |
  | |_) | .---.  _. _.| | / |  .---.  | | .---.  _    _ / /    \_|\ \  /\  / / 
  |  __'./ /__\\[ /`\_| '' <  / /__\\ | |/ /__\\| \  | | |   _____ \ \/  \/ /  
 _| |__| | \__. | |   | |`\ \ | \___. | || \___. \ \/ / \ \.___| |  \  /\  /   
|_______/ \.__./[_]  [__|  \_] \.__./[___]\.__./  \  /   \.____./    \/  \/    
                                                  / /                          
                                                 /_/                           
 --------------------------------------------------------------------------------
 Please cite the main BerkeleyGW paper when using results from this calculation:

 Jack Deslippe, Georgy Samsonidze, David A. Strubbe, Manish Jain, Marvin L.
 Cohen, and Steven G. Louie, "BerkeleyGW: A Massively Parallel Computer Package
 for the Calculation of the Quasiparticle and Optical Properties of Materials
 and Nanostructures," Comput. Phys. Commun. 183, 1269 (2012)

 Aditionally, PLEASE CITE ALL PAPERS REPORTED AT THE END OF THIS CALCULATION.
 --------------------------------------------------------------------------------

 Running MPI version (parallel)
 Running with 320 MPI task(s)
 Using OpenMP. Number of threads per MPI task: 2

 Compilation flags:
 - Compiler: GNU
 - Para. flags: MPI, OMP
 - Math  flags: USESCALAPACK, UNPACKED, USEFFTW3, HDF5
 - Debug flags: 

 Running with verbosity level 1 (default).

 The restricted fi/co WFN transformation dvv',dcc' will be calculated.

 Using the Tamm-Dancoff approximation.

 Using the momentum operator

 Using the Delaunay interpolation method.


 Number of k-points in the coarse k-grid: 9
 A 2-D interpolation algorithm will be employed.
 No symmetries used in the fine grid-sampling
 K-grid: 0 0 0
 Highest occupied band (fine grid) = 36
 Valence max    (fine grid) = 3.602106 eV
 Conduction min (fine grid) = 4.575439 eV
 Middle energy  (fine grid) = 4.088772 eV
 Fermi  energy  (fine grid) = 4.088772 eV

 Number of electrons per unit cell (from ifmax) = 72.000000
 Number of electrons per unit cell (from occupations) = 72.000000
 Plasma Frequency = 1.538875 Ry


 Scissors parameters:
 - Valence:    es =   0.0000 eV, e0 =   0.0000 eV, edel =   0.0000
 - Conduction: es =   0.0000 eV, e0 =   0.0000 eV, edel =   0.0000

 You are doing a class 2 calculation - npes <= nk*nc

 Memory available: 15408.0 MB per PE
 Memory required for vcoul: 114.4 MB per PE
 Memory needed to store the effective Ham. and intkernel arrays: 251.7 MB per PE

 Distribution of kcv blocks among PE ranks:
   - PEs 0 to 203 : 5 blocks
   - PEs 204 to 319 : 4 blocks

 Started reading wavefunctions (WFN_fi) with 106 k-point(s) at 19:49:30.
 [ 19:49:30 |   0% ] k-point   1 / 106.
 [ 19:49:30 |   2% ] k-point   3 / 106, remaining: 4 s.
 [ 19:49:30 |   9% ] k-point  11 / 106, remaining: 2 s.
 [ 19:49:31 |  20% ] k-point  22 / 106, remaining: 2 s.
 [ 19:49:31 |  29% ] k-point  32 / 106, remaining: 2 s.
 [ 19:49:31 |  40% ] k-point  43 / 106, remaining: 1 s.
 [ 19:49:31 |  49% ] k-point  53 / 106, remaining: 1 s.
 [ 19:49:31 |  59% ] k-point  64 / 106, remaining: 1 s.
 [ 19:49:32 |  70% ] k-point  75 / 106, remaining: 1 s.
 [ 19:49:32 |  79% ] k-point  85 / 106, remaining: 0 s.
 [ 19:49:32 |  90% ] k-point  96 / 106, remaining: 0 s.
 [ 19:49:32 |  99% ] k-point 106 / 106, remaining: 0 s.
 Finished reading wavefunctions (WFN_fi) at 19:49:32.
 Elapsed time: 2 s.


 Conduction wavefunctions read from file WFN_fi:
 - Number of k-points in irreducible BZ: 106
 - Number of k-points in full BZ: 106

 Lowest-energy independent-particle transitions:

                k-point                 ik     ic     iv     energy (eV)
   -------------------------------- ------ ------ ------ ---------------
     0.333333   0.333333   0.000000     56      1      1        0.973333
     0.326667   0.326667   0.000000     57      1      1        0.986492
     0.311111   0.344444   0.000000     55      1      1        1.008023
     0.320000   0.320000   0.000000     58      1      1        1.025819
     0.313333   0.313333   0.000000     59      1      1        1.089687
  
 More Job Parameters: 
 Crystal volume =            161994.94382636787486 a.u.
 Number of valence bands =           36
 Number of cond. bands   =           14
 Number of spins   =            1
  
 Highest occupied band (fine grid) = 36
 Valence max    (fine grid) = 3.602106 eV
 Conduction min (fine grid) = 4.575439 eV
 Middle energy  (fine grid) = 4.088772 eV
 Fermi  energy  (fine grid) = 4.088772 eV

 No symmetries used in the shifted-grid sampling

 Started reading wavefunctions (WFN_fi) with 106 k-point(s) at 19:49:32.
 [ 19:49:32 |   0% ] k-point   1 / 106.
 [ 19:49:32 |   2% ] k-point   3 / 106, remaining: 2 s.
 [ 19:49:32 |   9% ] k-point  11 / 106, remaining: 2 s.
 [ 19:49:32 |  20% ] k-point  22 / 106, remaining: 2 s.
 [ 19:49:33 |  29% ] k-point  32 / 106, remaining: 1 s.
 [ 19:49:33 |  40% ] k-point  43 / 106, remaining: 1 s.
 [ 19:49:33 |  49% ] k-point  53 / 106, remaining: 1 s.
 [ 19:49:33 |  59% ] k-point  64 / 106, remaining: 1 s.
 [ 19:49:33 |  70% ] k-point  75 / 106, remaining: 1 s.
 [ 19:49:33 |  79% ] k-point  85 / 106, remaining: 0 s.
 [ 19:49:33 |  90% ] k-point  96 / 106, remaining: 0 s.
 [ 19:49:34 |  99% ] k-point 106 / 106, remaining: 0 s.
 Finished reading wavefunctions (WFN_fi) at 19:49:34.
 Elapsed time: 2 s.


 Valence wavefunctions read from file WFN_fi:
 - Number of k-points in irreducible BZ: 106
 - Number of k-points in full BZ: 106

 Reading quasiparticle energy corrections from eqp_co.dat
 Highest occupied band (coarse grid) = 36
 Valence max    (coarse grid) = 1.434608 eV
 Conduction min (coarse grid) = 4.317299 eV
 Middle energy  (coarse grid) = 2.875954 eV
 Fermi  energy  (coarse grid) = 2.875954 eV


 Reading quasiparticle energy corrections from eqp_co.dat
 Using symmetries to expand the coarse-grid sampling

 Started reading wavefunctions (WFN_co) with 4 k-point(s) at 19:49:34.
 [ 19:49:34 |   0% ] k-point 1 / 4.
 [ 19:49:34 |  25% ] k-point 2 / 4.
 [ 19:49:34 |  50% ] k-point 3 / 4, remaining: 0 s.
 [ 19:49:34 |  75% ] k-point 4 / 4, remaining: 0 s.
 Finished reading wavefunctions (WFN_co) at 19:49:34.
 Elapsed time: 0 s.


 Coarse-grid wavefunctions read from file WFN_co:
 - Number of k-points in irreducible BZ: 4
 - Number of k-points in full BZ: 9

 Started wavefunction interpolation with 1 k-point(s) at 19:49:34.
 [ 19:49:34 |   0% ] k-point 1 / 1.
 Finished wavefunction interpolation at 19:49:37.
 Elapsed time: 3 s.

 Max. error in norm of transformation coefficients (1 - \sum_co |d_fi,co|^2):
  - For valence states: 3.334E-01
  - For conduction states: 8.870E-01

WARNING: there are fine/coarse transformation coefficients with 2-norm < 50%.
Most likely, you are including the same number of bands in the coarse grid
as in the fine grid, or your coarse k-grid is too coarse. You should always
include more bands in the coarse grid to capture, for instance, band crossings.
To improve convergence, you might want to consider:
- including more bands from the coarse WFN_co file (number_*_bands_coarse)
- decreasing the number of bands from the fine WFN_fi file (number_*_bands_fine)
- using a coarse WFN_co file with a denser k-mesh
- using the "unrestricted_transformation" flag in the input file (if metal)

 
 Timing information
 
                                CPU time (s)          WALL time (s)       Number
 Routine                       min        max        min        max     of calls
 -------------------------  ---------  ---------  ---------  ---------  --------
 - Input                         1.90       2.03       2.03       2.03         1
 - Input q                       1.56       1.57       1.56       1.57         1
 - Intwfn                        4.42       4.47       4.46       4.47         1
 - Iw Input_co                   0.29       0.32       0.30       0.32         1
 - Iw Interp                     0.00       0.03       0.00       0.03         2
 - Iw Genwf                      0.00       0.00       0.00       0.00         6
 - Iw Gwnwf_Co                   2.77       3.25       2.77       3.24         3
 - Iw Mtxel_t                    0.00       0.00       0.00       0.00         6
 - Iw Write                      0.00       0.29       0.00       0.29         1
 - Iw Reduce                     0.03       0.03       0.03       0.03         1
 - TOTAL                         7.98       8.79       8.78       8.78         1
 
 Job Done
 
