
 frequency_dependence   1

 band_index    35    38
 sigma_matrix     0   0

 finite_difference_form   2
 finite_difference_spacing  1.000000

 symmetries
 ntran  =  6
 mtrx01 =  1  0  0  0  1  0  0  0  1
 mtrx02 =  0 -1  0  1 -1  0  0  0  1
 mtrx03 = -1  1  0 -1  0  0  0  0  1
 mtrx04 = -1  1  0  0  1  0  0  0  1
 mtrx05 =  1  0  0  1 -1  0  0  0  1
 mtrx06 =  0 -1  0 -1  0  0  0  0  1

       k =  0.000000  0.000000  0.000000 ik =   1 spin = 1

   n         Emf          Eo           X        SX-X          CH         Sig         Vxc        Eqp0        Eqp1       Znk
  35    2.828430    2.828430  -16.110835   10.679331   -9.583025  -15.014529  -14.930430    2.744331    2.757225    0.846685
  36    3.448072    3.448072  -16.254117   10.617666   -9.787785  -15.424235  -15.452079    3.475916    3.471623    0.845823
  37    5.731258    5.731258  -10.289402    5.837301   -9.362072  -13.814172  -14.975674    6.892760    6.712692    0.844970
  38    5.731259    5.731259  -10.289402    5.837301   -9.362072  -13.814172  -14.975674    6.892761    6.712693    0.844970

       k =  0.000000  0.083333  0.000000 ik =   2 spin = 1

   n         Emf          Eo           X        SX-X          CH         Sig         Vxc        Eqp0        Eqp1       Znk
  35    2.820976    2.820976  -16.245770   10.748521   -9.633815  -15.131065  -15.046951    2.736862    2.749763    0.846621
  36    3.336908    3.336908  -16.431709   10.719312   -9.803470  -15.515867  -15.501074    3.322115    3.324406    0.845134
  37    5.647446    5.647446  -10.163663    5.626925   -9.171186  -13.707924  -14.897402    6.836924    6.654861    0.846939
  38    5.735324    5.735324  -10.367177    5.914719   -9.283613  -13.736071  -14.728763    6.728016    6.572237    0.843075

       k =  0.000000  0.166667  0.000000 ik =   3 spin = 1

   n         Emf          Eo           X        SX-X          CH         Sig         Vxc        Eqp0        Eqp1       Znk
  35    2.688883    2.688883  -16.340954   10.779270   -9.600251  -15.161935  -15.045661    2.572609    2.590430    0.846732
  36    2.973902    2.973902  -16.880863   11.082658   -9.935213  -15.733419  -15.628164    2.868648    2.885170    0.843030
  37    5.316142    5.316142  -10.634793    5.936869   -9.102591  -13.800514  -14.601405    6.117032    5.993978    0.846353
  38    5.571686    5.571686  -10.692557    5.827036   -9.122379  -13.987900  -14.924749    6.508535    6.366394    0.848277

       k =  0.000000  0.250000  0.000000 ik =   4 spin = 1

   n         Emf          Eo           X        SX-X          CH         Sig         Vxc        Eqp0        Eqp1       Znk
  35    2.261683    2.261683  -18.235433   12.110762  -10.219644  -16.344315  -15.827452    1.744819    1.826452    0.842062
  36    2.566753    2.566753  -17.248561   11.839533  -10.473484  -15.882513  -15.771058    2.455298    2.473060    0.840638
  37    5.071686    5.071686  -11.049033    6.285370   -9.393027  -14.156689  -14.999320    5.914316    5.784218    0.845605
  38    5.433782    5.433782  -10.866643    5.986231   -9.320140  -14.200553  -15.440041    6.673270    6.479221    0.843445

       k = -0.000000  0.333333  0.000000 ik =   5 spin = 1

   n         Emf          Eo           X        SX-X          CH         Sig         Vxc        Eqp0        Eqp1       Znk
  35    2.379510    2.379510  -16.871623   11.540281  -10.129528  -15.460870  -15.268561    2.187202    2.217785    0.840968
  36    2.654970    2.654970  -17.987749   11.515896   -9.724666  -16.196519  -15.414404    1.872854    1.993609    0.845605
  37    5.251271    5.251271  -11.359431    6.519744   -9.769740  -14.609427  -15.656883    6.298728    6.134262    0.842986
  38    5.403835    5.403835  -11.175603    5.963091   -9.387216  -14.599727  -16.075349    6.879457    6.648169    0.843260

       k =  0.000000  0.416667  0.000000 ik =   6 spin = 1

   n         Emf          Eo           X        SX-X          CH         Sig         Vxc        Eqp0        Eqp1       Znk
  35    2.547973    2.547973  -16.459069   11.180294   -9.819591  -15.098366  -14.720668    2.170276    2.229287    0.843761
  36    2.910056    2.910056  -17.730254   11.034756   -9.267284  -15.962782  -14.894953    1.842227    2.003710    0.848774
  37    5.515544    5.515544  -11.663764    5.969401   -9.496428  -15.190791  -16.896311    7.221064    6.951611    0.842011
  38    5.568163    5.568163  -13.391631    7.685090  -10.886953  -16.593494  -18.011243    6.985912    6.753804    0.836284

       k =  0.000000  0.500000  0.000000 ik =   7 spin = 1

   n         Emf          Eo           X        SX-X          CH         Sig         Vxc        Eqp0        Eqp1       Znk
  35    2.697635    2.697635  -16.339671   10.938284   -9.610647  -15.012035  -14.543295    2.228895    2.301402    0.845314
  36    2.989998    2.989998  -17.615104   10.867049   -9.100331  -15.848386  -14.662487    1.804099    1.982020    0.849970
  37    5.583051    5.583051  -13.381842    7.625214  -10.933616  -16.690243  -18.298469    7.191277    6.926919    0.835622
  38    5.604465    5.604465  -12.007056    6.169735   -9.740199  -15.577520  -17.370955    7.397900    7.112227    0.840712

       k =  0.000000  0.583333  0.000000 ik =   8 spin = 1

   n         Emf          Eo           X        SX-X          CH         Sig         Vxc        Eqp0        Eqp1       Znk
  35    2.547973    2.547973  -16.459068   11.180277   -9.819574  -15.098366  -14.720668    2.170276    2.229287    0.843761
  36    2.910056    2.910056  -17.730255   11.034756   -9.267283  -15.962781  -14.894953    1.842227    2.003711    0.848774
  37    5.515544    5.515544  -11.663763    5.969391   -9.496418  -15.190790  -16.896311    7.221064    6.951612    0.842011
  38    5.568163    5.568163  -13.391631    7.685070  -10.886932  -16.593494  -18.011243    6.985912    6.753804    0.836284

       k =  0.000000  0.666667  0.000000 ik =   9 spin = 1

   n         Emf          Eo           X        SX-X          CH         Sig         Vxc        Eqp0        Eqp1       Znk
  35    2.379510    2.379510  -16.871622   11.540309  -10.129556  -15.460870  -15.268561    2.187201    2.217784    0.840968
  36    2.654970    2.654970  -17.987751   11.515906   -9.724673  -16.196518  -15.414404    1.872856    1.993610    0.845605
  37    5.251271    5.251271  -11.359432    6.519747   -9.769744  -14.609429  -15.656883    6.298726    6.134260    0.842986
  38    5.403835    5.403835  -11.175604    5.963100   -9.387223  -14.599727  -16.075349    6.879457    6.648169    0.843260

       k =  0.000000  0.750000  0.000000 ik =  10 spin = 1

   n         Emf          Eo           X        SX-X          CH         Sig         Vxc        Eqp0        Eqp1       Znk
  35    2.261683    2.261683  -18.235441   12.110918  -10.219792  -16.344314  -15.827452    1.744820    1.826453    0.842062
  36    2.566753    2.566753  -17.248562   11.839527  -10.473481  -15.882515  -15.771058    2.455296    2.473058    0.840638
  37    5.071686    5.071686  -11.049034    6.285546   -9.393207  -14.156696  -14.999320    5.914310    5.784213    0.845605
  38    5.433782    5.433782  -10.866653    5.986233   -9.320135  -14.200555  -15.440041    6.673268    6.479219    0.843445

       k =  0.000000  0.833333  0.000000 ik =  11 spin = 1

   n         Emf          Eo           X        SX-X          CH         Sig         Vxc        Eqp0        Eqp1       Znk
  35    2.688883    2.688883  -16.340954   10.779242   -9.600220  -15.161933  -15.045661    2.572611    2.590432    0.846732
  36    2.973902    2.973902  -16.880863   11.082688   -9.935251  -15.733426  -15.628164    2.868640    2.885163    0.843030
  37    5.316142    5.316142  -10.634795    5.936867   -9.102597  -13.800525  -14.601405    6.117021    5.993968    0.846353
  38    5.571686    5.571686  -10.692563    5.827150   -9.122490  -13.987903  -14.924749    6.508532    6.366391    0.848277

       k =  0.000000  0.916667  0.000000 ik =  12 spin = 1

   n         Emf          Eo           X        SX-X          CH         Sig         Vxc        Eqp0        Eqp1       Znk
  35    2.820976    2.820976  -16.245770   10.748535   -9.633827  -15.131062  -15.046951    2.736864    2.749765    0.846621
  36    3.336908    3.336908  -16.431709   10.719284   -9.803448  -15.515872  -15.501074    3.322110    3.324401    0.845134
  37    5.647446    5.647446  -10.163663    5.626925   -9.171187  -13.707925  -14.897402    6.836923    6.654860    0.846939
  38    5.735324    5.735324  -10.367183    5.914735   -9.283629  -13.736076  -14.728763    6.728011    6.572233    0.843075

       k =  0.083333  0.083333  0.000000 ik =  13 spin = 1

   n         Emf          Eo           X        SX-X          CH         Sig         Vxc        Eqp0        Eqp1       Znk
  35    2.767411    2.767411  -16.572888   10.952676   -9.725733  -15.345945  -15.155466    2.576933    2.606066    0.847050
  36    3.100340    3.100340  -16.755415   10.959704   -9.870525  -15.666235  -15.555624    2.989729    3.007000    0.843857
  37    5.447360    5.447360  -10.328798    5.753914   -8.999512  -13.574397  -14.469424    6.342387    6.205087    0.846597
  38    5.567463    5.567463  -10.339455    5.603365   -9.119478  -13.855568  -15.011318    6.723213    6.546563    0.847155

       k =  0.083333  0.166667  0.000000 ik =  14 spin = 1

   n         Emf          Eo           X        SX-X          CH         Sig         Vxc        Eqp0        Eqp1       Znk
  35    2.558351    2.558351  -17.039847   10.805014   -9.167291  -15.402124  -14.606145    1.762371    1.882050    0.849646
  36    2.738293    2.738293  -17.410813   11.726608  -10.375917  -16.060122  -15.928539    2.606709    2.627634    0.840974
  37    5.080109    5.080109  -10.944309    6.200849   -9.250952  -13.994412  -14.760473    5.846170    5.728550    0.846460
  38    5.332841    5.332841  -10.902076    6.110791   -9.290545  -14.081829  -15.045859    6.296871    6.148248    0.845831

       k =  0.083333  0.250000  0.000000 ik =  15 spin = 1

   n         Emf          Eo           X        SX-X          CH         Sig         Vxc        Eqp0        Eqp1       Znk
  35    2.178452    2.178452  -17.128350   10.896890   -9.109020  -15.340480  -14.508425    1.346397    1.473453    0.847299
  36    2.703747    2.703747  -17.825238   11.912075  -10.378371  -16.291533  -16.007939    2.420152    2.465030    0.841754
  37    4.995381    4.995381  -11.197300    6.454701   -9.506377  -14.248977  -15.137676    5.884079    5.746599    0.845302
  38    5.275065    5.275065  -11.021724    6.134534   -9.375953  -14.263143  -15.401439    6.413362    6.237054    0.845113

       k =  0.083333  0.333333  0.000000 ik =  16 spin = 1

   n         Emf          Eo           X        SX-X          CH         Sig         Vxc        Eqp0        Eqp1       Znk
  35    2.090488    2.090488  -16.172258   10.678017   -9.301179  -14.795420  -14.554086    1.849154    1.886553    0.845033
  36    2.926595    2.926595  -17.526526   11.442665   -9.955138  -16.038999  -15.506983    2.394578    2.477340    0.844438
  37    5.233922    5.233922  -11.650924    6.702138   -9.868699  -14.817486  -15.919502    6.335938    6.162617    0.842723
  38    5.463780    5.463780  -11.477582    6.178602   -9.532296  -14.831275  -16.213548    6.846053    6.629182    0.843105

       k =  0.083333  0.416667  0.000000 ik =  17 spin = 1

   n         Emf          Eo           X        SX-X          CH         Sig         Vxc        Eqp0        Eqp1       Znk
  35    2.283542    2.283542  -15.784969   10.426359   -9.190441  -14.549050  -14.301079    2.035571    2.073650    0.846439
  36    3.119263    3.119263  -17.114501   11.091965   -9.739996  -15.762531  -15.169154    2.525886    2.617356    0.845848
  37    5.505788    5.505788  -12.375157    6.885035  -10.201001  -15.691123  -17.173733    6.988398    6.750317    0.839418
  38    5.579148    5.579148  -12.437969    6.731021  -10.099907  -15.806854  -17.391506    7.163800    6.909323    0.839412

       k =  0.083333  0.500000  0.000000 ik =  18 spin = 1

   n         Emf          Eo           X        SX-X          CH         Sig         Vxc        Eqp0        Eqp1       Znk
  35    2.283542    2.283542  -15.784968   10.426360   -9.190423  -14.549031  -14.301079    2.035590    2.073665    0.846441
  36    3.119264    3.119264  -17.114501   11.091965   -9.739976  -15.762512  -15.169154    2.525906    2.617374    0.845846
  37    5.505788    5.505788  -12.375155    6.884990  -10.200930  -15.691096  -17.173732    6.988423    6.750337    0.839417
  38    5.579148    5.579148  -12.437969    6.731033  -10.099922  -15.806858  -17.391506    7.163796    6.909322    0.839412

       k =  0.083333  0.583333  0.000000 ik =  19 spin = 1

   n         Emf          Eo           X        SX-X          CH         Sig         Vxc        Eqp0        Eqp1       Znk
  35    2.090489    2.090489  -16.172252   10.677986   -9.301133  -14.795400  -14.554086    1.849174    1.886570    0.845034
  36    2.926595    2.926595  -17.526526   11.442640   -9.955099  -16.038985  -15.506984    2.394594    2.477349    0.844446
  37    5.233921    5.233921  -11.650923    6.702063   -9.868559  -14.817419  -15.919501    6.336003    6.162669    0.842721
  38    5.463780    5.463780  -11.477581    6.178622   -9.532290  -14.831249  -16.213547    6.846077    6.629202    0.843105

       k =  0.083333  0.666667  0.000000 ik =  20 spin = 1

   n         Emf          Eo           X        SX-X          CH         Sig         Vxc        Eqp0        Eqp1       Znk
  35    2.178451    2.178451  -17.128344   10.896774   -9.108931  -15.340500  -14.508426    1.346377    1.473435    0.847300
  36    2.703747    2.703747  -17.825238   11.912015  -10.378313  -16.291536  -16.007940    2.420152    2.465026    0.841766
  37    4.995380    4.995380  -11.197300    6.454730   -9.506374  -14.248943  -15.137675    5.884112    5.746626    0.845301
  38    5.275065    5.275065  -11.021725    6.134529   -9.375929  -14.263124  -15.401439    6.413380    6.237068    0.845112

       k =  0.083333  0.750000  0.000000 ik =  21 spin = 1

   n         Emf          Eo           X        SX-X          CH         Sig         Vxc        Eqp0        Eqp1       Znk
  35    2.558350    2.558350  -17.039845   10.804940   -9.167240  -15.402145  -14.606144    1.762349    1.882031    0.849647
  36    2.738292    2.738292  -17.410813   11.726557  -10.375870  -16.060126  -15.928540    2.606707    2.627633    0.840973
  37    5.080109    5.080109  -10.944308    6.200914   -9.251018  -13.994412  -14.760471    5.846169    5.728548    0.846460
  38    5.332841    5.332841  -10.902078    6.110760   -9.290517  -14.081834  -15.045860    6.296866    6.148243    0.845831

       k =  0.166667  0.166667  0.000000 ik =  22 spin = 1

   n         Emf          Eo           X        SX-X          CH         Sig         Vxc        Eqp0        Eqp1       Znk
  35    2.418049    2.418049  -17.459819   10.822682   -8.861152  -15.498288  -14.280240    1.200001    1.381928    0.850641
  36    2.741217    2.741217  -17.917988   12.075285  -10.590082  -16.432785  -16.279862    2.588294    2.612659    0.840672
  37    4.867154    4.867154  -11.135163    6.434327   -9.386864  -14.087700  -14.887803    5.667257    5.544342    0.846375
  38    5.166745    5.166745  -10.884110    6.128481   -9.301057  -14.056686  -15.092135    6.202195    6.042955    0.846212

       k =  0.166667  0.250000  0.000000 ik =  23 spin = 1

   n         Emf          Eo           X        SX-X          CH         Sig         Vxc        Eqp0        Eqp1       Znk
  35    2.142213    2.142213  -16.266271   10.723539   -9.427875  -14.970607  -14.896677    2.068283    2.079728    0.845191
  36    2.894511    2.894511  -17.656558   11.783328  -10.388683  -16.261912  -16.013676    2.646276    2.685578    0.841671
  37    4.968858    4.968858  -11.283890    6.561828   -9.565390  -14.287452  -15.208220    5.889626    5.747091    0.845201
  38    5.372592    5.372592  -10.930669    6.068326   -9.303087  -14.165430  -15.279495    6.486657    6.315005    0.845923

       k =  0.166667  0.333333  0.000000 ik =  24 spin = 1

   n         Emf          Eo           X        SX-X          CH         Sig         Vxc        Eqp0        Eqp1       Znk
  35    2.351104    2.351104  -15.767153   10.391632   -9.361052  -14.736572  -14.758487    2.373018    2.369636    0.845638
  36    3.103385    3.103385  -17.153401   11.422692  -10.249800  -15.980508  -15.745245    2.868122    2.905178    0.842490
  37    5.291126    5.291126  -11.769332    6.677194   -9.804273  -14.896411  -16.108436    6.503151    6.312121    0.842388
  38    5.498118    5.498118  -12.160686    6.735204   -9.919556  -15.345037  -16.677512    6.830593    6.618947    0.841163

       k =  0.166667  0.416667  0.000000 ik =  25 spin = 1

   n         Emf          Eo           X        SX-X          CH         Sig         Vxc        Eqp0        Eqp1       Znk
  35    2.521114    2.521114  -15.561676   10.169439   -9.258574  -14.650811  -14.662890    2.533193    2.531337    0.846340
  36    3.248885    3.248885  -16.927705   11.234919  -10.176126  -15.868912  -15.631895    3.011868    3.049040    0.843166
  37    5.275946    5.275946  -11.734852    6.239164   -9.494670  -14.990358  -16.608502    6.894089    6.639735    0.842811
  38    5.479608    5.479608  -13.349033    7.936698  -11.028533  -16.440868  -17.759187    6.797927    6.581824    0.836077

       k =  0.166667  0.500000  0.000000 ik =  26 spin = 1

   n         Emf          Eo           X        SX-X          CH         Sig         Vxc        Eqp0        Eqp1       Znk
  35    2.351104    2.351104  -15.767153   10.391582   -9.360974  -14.736545  -14.758487    2.373046    2.369659    0.845634
  36    3.103385    3.103385  -17.153402   11.422611  -10.249708  -15.980499  -15.745246    2.868132    2.905187    0.842490
  37    5.291126    5.291126  -11.769331    6.677202   -9.804235  -14.896364  -16.108435    6.503197    6.312159    0.842387
  38    5.498117    5.498117  -12.160685    6.735245   -9.919588  -15.345028  -16.677512    6.830601    6.618954    0.841164

       k =  0.166667  0.583333  0.000000 ik =  27 spin = 1

   n         Emf          Eo           X        SX-X          CH         Sig         Vxc        Eqp0        Eqp1       Znk
  35    2.142213    2.142213  -16.266266   10.723463   -9.427785  -14.970587  -14.896678    2.068304    2.079746    0.845190
  36    2.894511    2.894511  -17.656558   11.783226  -10.388575  -16.261908  -16.013677    2.646281    2.685582    0.841674
  37    4.968857    4.968857  -11.283889    6.561862   -9.565372  -14.287399  -15.208219    5.889678    5.747134    0.845199
  38    5.372592    5.372592  -10.930668    6.068379   -9.303090  -14.165380  -15.279495    6.486706    6.315045    0.845922

       k =  0.250000  0.250000  0.000000 ik =  28 spin = 1

   n         Emf          Eo           X        SX-X          CH         Sig         Vxc        Eqp0        Eqp1       Znk
  35    2.362914    2.362914  -15.800464   10.384792   -9.422292  -14.837965  -14.953645    2.478595    2.460692    0.845237
  36    3.070809    3.070809  -17.231285   11.599861  -10.473952  -16.105376  -16.004283    2.969716    2.985787    0.841032
  37    5.179083    5.179083  -11.549642    6.591306   -9.621707  -14.580044  -15.677864    6.276902    6.105262    0.843654
  38    5.442299    5.442299  -12.015328    6.706170   -9.807632  -15.116790  -16.333907    6.659415    6.467353    0.842199

       k =  0.250000  0.333333  0.000000 ik =  29 spin = 1

   n         Emf          Eo           X        SX-X          CH         Sig         Vxc        Eqp0        Eqp1       Znk
  35    2.697270    2.697270  -15.469692    9.964493   -9.300371  -14.805571  -14.981292    2.872991    2.845959    0.846164
  36    3.323042    3.323042  -16.947084   11.391508  -10.503777  -16.059352  -16.036512    3.300201    3.303825    0.841333
  37    4.921948    4.921948  -11.765487    6.419329   -9.395899  -14.742058  -16.219047    6.398938    6.168649    0.844083
  38    5.323554    5.323554  -13.315312    7.996904  -10.948150  -16.266557  -17.507617    6.564614    6.361994    0.836736

       k =  0.250000  0.416667  0.000000 ik =  30 spin = 1

   n         Emf          Eo           X        SX-X          CH         Sig         Vxc        Eqp0        Eqp1       Znk
  35    2.697270    2.697270  -15.469692    9.964427   -9.300293  -14.805558  -14.981293    2.873004    2.845970    0.846164
  36    3.323041    3.323041  -16.947084   11.391428  -10.503695  -16.059352  -16.036512    3.300202    3.303826    0.841333
  37    4.921948    4.921948  -11.765487    6.419424   -9.396002  -14.742065  -16.219047    6.398930    6.168643    0.844083
  38    5.323554    5.323554  -13.315311    7.996979  -10.948218  -16.266550  -17.507616    6.564620    6.361999    0.836737

       k =  0.333333  0.333333  0.000000 ik =  31 spin = 1

   n         Emf          Eo           X        SX-X          CH         Sig         Vxc        Eqp0        Eqp1       Znk
  35    2.948690    2.948690  -15.357651    9.882916   -9.421204  -14.895939  -15.144149    3.196900    3.158795    0.846482
  36    3.472678    3.472678  -16.916597   11.337695  -10.584049  -16.162951  -16.220620    3.530347    3.521179    0.841025
  37    4.559945    4.559945  -11.838823    6.457987   -9.227294  -14.608130  -16.026853    5.978668    5.758835    0.845049
  38    5.185294    5.185294  -13.481833    8.193579  -11.062435  -16.350689  -17.635377    6.469982    6.259549    0.836199


================================================================================

    n = band index.
  Emf = "inner" mean-field energy eigenvalue used to construct Sigma(E),
        read from WFN_inner.
   Eo = "outer" mean-field energy eigenvalue where we center the evaluation
        frequency grid {E} of Sigma(E). Defaults to Emf, unless
        you use WFN_outer and eqp_outer.dat / scissors_outer.
  Vxc = exchange-correlation pot., calculated from VXC or read from vxc.dat.
  KIH = Kinetic energy + Ionic potential + Hartree, read from kih.dat.
    X = bare exchange.
   SX = screened exchange contrib. to Sigma(E) at energy E=Eo
   CH = Coulomb hole contrib. to Sigma(E) at energy E=Eo
  Cor = SX-X + CH = correlation portion of Sigma(E) at energy E=Eo.
  Sig = X + Cor = self energy, Sigma(E), at energy E=Eo.
 Eqp0 = on-shell QP energy = Emf - Vxc + Sig(Eo)
        Eqp0 is *not* the recommended quantity to use for QP properties.
 Eqp1 = off-shell solution to the linearized  Dyson`s equation
      = Eqp0 + (dSig/dE) / (1 - dSig/dE) * (Eqp0 - Eo),
        or a full linear interpolation if more freq. points where computed.
        Eqp1 is the recommended quantity to use for QP properties.
  Znk = quasiparticle renormalization factor

 Notes on the finite_difference_form from sigma.inp file:
   none    : -2 => dSig/dE = 0 (skip the expansion)
   backward: -1 => dSig/dE = (Sig(Eo) - Sig(Eo-dE)) / dE
   central :  0 => dSig/dE = (Sig(Eo+dE) - Sig(Eo-dE)) / (2*dE)
   forward :  1 => dSig/dE = (Sig(Eo+dE) - Sig(Eo)) / dE
   default :  2 => forward for diagonal and none for off-diagonal
   dE is finite_difference_spacing from Sigma.inp file.
   We are using the form #2 with dE = 1.000 eV.

 General notes:
 - All energies are reported here in eV.
 - Both Emf and Vxc contain the average pot. Vxc0, so Vxc0 doesn`t affect Sigma.
 - Eqp1 and Eqp0 are Eqs. (36-37) from Hybertsen & Louie PRB 34 5390.
 - We recommend you use Eqp1 for QP properties of materials.

================================================================================

