
 frequency_dependence   1

 band_index     1    50
 sigma_matrix     0   0

 finite_difference_form   2
 finite_difference_spacing  1.000000

 symmetries
 ntran  =  6
 mtrx01 =  1  0  0  0  1  0  0  0  1
 mtrx02 =  0 -1  0  1 -1  0  0  0  1
 mtrx03 = -1  1  0 -1  0  0  0  0  1
 mtrx04 = -1  1  0  0  1  0  0  0  1
 mtrx05 =  1  0  0  1 -1  0  0  0  1
 mtrx06 =  0 -1  0 -1  0  0  0  0  1

       k =  0.000000  0.000000  0.000000 ik =   1 spin = 1

   n         Emf          Eo           X        SX-X          CH         Sig         Vxc        Eqp0        Eqp1         CH`        Sig`       Eqp0`       Eqp1`         Znk
   1  -71.081964  -71.081964  -44.451563   25.685992  -12.238528  -31.004100  -24.820552  -77.265511  -76.805613  -11.989702  -30.755274  -77.016685  -76.575293    0.925625
   2  -57.163095  -57.163095  -43.217639   28.217055  -13.126061  -28.126645  -24.309071  -60.980669  -59.739239  -12.851377  -27.851961  -60.705985  -59.553879    0.674812
   3  -44.058355  -44.058355  -41.280919   18.813579  -10.582183  -33.049523  -33.012740  -44.095138  -44.088524   -9.475261  -31.942601  -42.988216  -43.180628    0.820199
   4  -44.058355  -44.058355  -41.280919   18.813579  -10.582183  -33.049523  -33.012740  -44.095138  -44.088524   -9.475261  -31.942601  -42.988216  -43.180628    0.820199
   5  -44.057213  -44.057213  -41.280202   18.893271  -10.604463  -32.991393  -33.012913  -44.035694  -44.039631   -9.498866  -31.885797  -42.930098  -43.136321    0.817034
   6  -44.057213  -44.057213  -41.280202   18.893271  -10.604463  -32.991393  -33.012913  -44.035694  -44.039631   -9.498866  -31.885797  -42.930098  -43.136321    0.817034
   7  -44.004551  -44.004551  -41.301634   18.716574  -10.510416  -33.095476  -33.024618  -44.075408  -44.062474   -9.417520  -32.002580  -42.982513  -43.169072    0.817463
   8  -44.004547  -44.004547  -41.301634   18.716574  -10.510416  -33.095476  -33.024618  -44.075404  -44.062470   -9.417520  -32.002580  -42.982508  -43.169068    0.817463
   9  -44.003117  -44.003117  -41.300201   18.783327  -10.528100  -33.044974  -33.025547  -44.022544  -44.018964   -9.436674  -31.953548  -42.931117  -43.128683    0.815703
  10  -44.003112  -44.003112  -41.300201   18.783327  -10.528100  -33.044974  -33.025547  -44.022540  -44.018959   -9.436674  -31.953548  -42.931113  -43.128679    0.815703
  11  -43.986337  -43.986337  -41.293728   18.702284  -10.486126  -33.077569  -33.019774  -44.044132  -44.033308   -9.399193  -31.990637  -42.957199  -43.149948    0.812708
  12  -43.984290  -43.984290  -41.292311   18.730333  -10.498295  -33.060273  -33.022318  -44.022245  -44.015263   -9.412121  -31.974100  -42.936071  -43.128888    0.816053
  13  -35.323050  -35.323050  -34.897354   22.504866  -12.754307  -25.146795  -22.102096  -38.367749  -37.935374  -12.044327  -24.436815  -37.657769  -37.326217    0.857991
  14  -35.146110  -35.146110  -34.873679   22.172888  -12.775370  -25.476162  -22.270518  -38.351754  -37.813592  -12.051784  -24.752576  -37.628168  -37.211482    0.832120
  15  -35.146107  -35.146107  -34.873679   22.172888  -12.775370  -25.476162  -22.270518  -38.351751  -37.813589  -12.051784  -24.752576  -37.628165  -37.211478    0.832120
  16  -31.431522  -31.431522  -36.249398   24.293128  -13.534905  -25.491176  -22.653042  -34.269655  -33.694050  -12.841928  -24.798199  -33.576678  -33.141616    0.797189
  17  -31.080934  -31.080934  -36.378907   24.061544  -13.589982  -25.907345  -22.911277  -34.077001  -33.583567  -12.871603  -25.188966  -33.358622  -32.983501    0.835306
  18  -31.080930  -31.080930  -36.378907   24.061544  -13.589982  -25.907345  -22.911277  -34.076997  -33.583563  -12.871603  -25.188966  -33.358618  -32.983497    0.835306
  19  -11.696242  -11.696242  -25.039123   17.839414   -9.990312  -17.190022  -13.535197  -15.351067  -14.523319   -9.516837  -16.716546  -14.877592  -14.157077    0.773519
  20  -10.974284  -10.974284  -26.530395   17.120213   -9.457341  -18.867524  -14.885743  -14.956064  -14.052424   -8.991770  -18.401952  -14.490493  -13.692510    0.773056
  21  -10.110793  -10.110793  -25.436998   17.282756   -9.929416  -18.083659  -14.349471  -13.844981  -13.049809   -9.424650  -17.578892  -13.340215  -12.652530    0.787056
  22   -9.951715   -9.951715  -25.961462   17.144042   -9.855495  -18.672915  -14.867019  -13.757612  -12.947896   -9.340671  -18.158091  -13.242788  -12.542602    0.787247
  23   -3.286104   -3.286104  -20.585222   14.473304   -9.835182  -15.947099  -12.566759   -6.666444   -6.024696   -9.174392  -15.286310   -6.005655   -5.489355    0.810153
  24   -2.068545   -2.068545  -20.830587   13.906990   -9.504390  -16.427987  -12.895671   -5.600862   -4.951827   -8.838412  -15.762009   -4.934884   -4.408217    0.816258
  25    0.035267    0.035267  -20.744614   14.123065  -10.980352  -17.601901  -14.794193   -2.772441   -2.274926   -9.910421  -16.531970   -1.702510   -1.394583    0.822804
  26    0.035269    0.035269  -20.744614   14.123065  -10.980352  -17.601901  -14.794193   -2.772438   -2.274923   -9.910421  -16.531970   -1.702507   -1.394580    0.822804
  27    0.667219    0.667219  -19.083908   12.716343   -9.345519  -15.713084  -12.298509   -2.747355   -2.163817   -8.637801  -15.005366   -2.039637   -1.577046    0.829104
  28    1.200281    1.200281  -20.488006   13.596212  -11.091961  -17.983755  -15.189869   -1.593605   -1.112751   -9.944851  -16.836646   -0.446496   -0.163070    0.827891
  29    1.200282    1.200282  -20.488006   13.596212  -11.091961  -17.983755  -15.189869   -1.593604   -1.112750   -9.944851  -16.836646   -0.446495   -0.163069    0.827891
  30    1.580731    1.580731  -21.883145   14.833332  -11.872642  -18.922455  -16.016009   -1.325715   -0.811538  -10.723609  -17.773422   -0.176682    0.134221    0.823091
  31    1.580733    1.580733  -21.883145   14.833332  -11.872642  -18.922455  -16.016009   -1.325713   -0.811536  -10.723609  -17.773422   -0.176680    0.134223    0.823091
  32    1.674792    1.674792  -19.492159   12.698184   -9.615879  -16.409854  -12.993087   -1.741975   -1.174548   -8.839235  -15.633210   -0.965332   -0.526883    0.833929
  33    2.546714    2.546714  -21.917612   14.254064  -11.982335  -19.645882  -16.733178   -0.365990    0.133088  -10.740823  -18.404370    0.875521    1.161873    0.828654
  34    2.546716    2.546716  -21.917612   14.254064  -11.982335  -19.645882  -16.733178   -0.365988    0.133091  -10.740823  -18.404370    0.875524    1.161875    0.828654
  35    2.850461    2.850461  -19.131337   12.628440  -10.930976  -17.433874  -14.843747    0.260334    0.697937   -9.828050  -16.330947    1.363261    1.614524    0.831050
  36    3.445131    3.445131  -19.543955   12.095562  -10.565245  -18.013638  -15.480818    0.912311    1.340710   -9.371214  -16.819607    2.106343    2.332784    0.830861
  37    5.710044    5.710044  -10.150879    5.476332  -10.769133  -15.443680  -14.989789    5.256153    5.334274   -9.450493  -14.125040    6.574793    6.425958    0.827886
  38    5.710045    5.710045  -10.150879    5.476332  -10.769133  -15.443680  -14.989789    5.256154    5.334275   -9.450493  -14.125040    6.574794    6.425959    0.827886
  39    5.923106    5.923106  -10.480810    5.512991  -10.587711  -15.555530  -14.985661    5.353238    5.453057   -9.291608  -14.259427    6.649341    6.522132    0.824839
  40    5.923107    5.923107  -10.480810    5.512991  -10.587711  -15.555530  -14.985661    5.353239    5.453058   -9.291608  -14.259427    6.649342    6.522134    0.824839
  41    6.542212    6.542212  -12.538839    5.906806  -10.564604  -17.196637  -16.067662    5.413236    5.606619   -9.307152  -15.939185    6.670688    6.648681    0.828710
  42    6.542212    6.542212  -12.538839    5.906806  -10.564604  -17.196637  -16.067662    5.413237    5.606619   -9.307152  -15.939185    6.670689    6.648682    0.828710
  43    6.737221    6.737221  -12.920236    6.248151  -10.797360  -17.469444  -16.196654    5.464430    5.684813   -9.555096  -16.227180    6.706694    6.711980    0.826851
  44    6.737222    6.737222  -12.920236    6.248151  -10.797360  -17.469444  -16.196654    5.464431    5.684814   -9.555096  -16.227180    6.706695    6.711981    0.826851
  45    7.866696    7.866696   -5.380911    2.640782   -8.060080  -10.800209   -9.639843    6.706330    6.887404   -7.209353   -9.949482    7.557056    7.605375    0.843951
  46    8.231216    8.231216   -1.670142    0.702779   -4.749154   -5.716516   -3.375405    5.890105    6.182471   -4.549626   -5.516988    6.089633    6.357081    0.875117
  47    8.482600    8.482600   -1.964496    0.996836   -5.254359   -6.222019   -4.031470    6.292051    6.575573   -4.938633   -5.906293    6.607777    6.850435    0.870570
  48    9.356852    9.356852   -2.043594    0.884175   -5.064841   -6.224260   -3.683505    6.816097    7.141614   -4.769855   -5.929274    7.111083    7.398807    0.871882
  49    9.859222    9.859222   -5.457173    2.257020   -7.432346  -10.632499   -9.186709    8.413432    8.629802   -6.618068   -9.818221    9.227710    9.322219    0.850345
  50   10.689770   10.689770   -1.412455    0.624541   -4.736627   -5.524541   -2.964271    8.129500    8.448750   -4.494760   -5.282674    8.371368    8.660459    0.875306

       k = -0.000000  0.333333  0.000000 ik =   2 spin = 1

   n         Emf          Eo           X        SX-X          CH         Sig         Vxc        Eqp0        Eqp1         CH`        Sig`       Eqp0`       Eqp1`         Znk
   1  -71.072132  -71.072132  -44.447536   25.694855  -12.241620  -30.994301  -24.828512  -77.237922  -76.986912  -11.992262  -30.744943  -76.988563  -76.747706    0.959290
   2  -57.140846  -57.140846  -43.216637   28.268565  -13.134554  -28.082626  -24.329131  -60.894341  -59.660709  -12.858255  -27.806327  -60.618043  -59.475219    0.671338
   3  -44.058313  -44.058313  -41.279625   18.827366  -10.583125  -33.035384  -33.012179  -44.081518  -44.077213   -9.475898  -31.928157  -42.974292  -43.175428    0.814453
   4  -44.057071  -44.057071  -41.278565   18.898621  -10.603648  -32.983592  -33.012708  -44.027955  -44.033287   -9.497702  -31.877646  -42.922010  -43.129867    0.816876
   5  -44.054313  -44.054313  -41.278859   18.814983  -10.583048  -33.046923  -33.019973  -44.081263  -44.076370   -9.474844  -31.938719  -42.973060  -43.169386    0.818427
   6  -44.053204  -44.053204  -41.277896   18.897385  -10.605716  -32.986227  -33.019992  -44.019439  -44.025656   -9.498929  -31.879440  -42.912651  -43.122657    0.815874
   7  -44.005800  -44.005800  -41.304016   18.711094  -10.509803  -33.102724  -33.021860  -44.086664  -44.071876   -9.417052  -32.009974  -42.993914  -43.178970    0.817118
   8  -44.005104  -44.005104  -41.303080   18.726035  -10.511193  -33.088238  -33.023225  -44.070117  -44.058122   -9.418292  -31.995337  -42.977216  -43.166851    0.815509
   9  -44.004424  -44.004424  -41.302575   18.777054  -10.528193  -33.053714  -33.022310  -44.035828  -44.030122   -9.437223  -31.962744  -42.944859  -43.137378    0.818304
  10  -44.003550  -44.003550  -41.302248   18.780837  -10.527553  -33.048965  -33.024731  -44.027784  -44.023233   -9.435922  -31.957334  -42.936153  -43.136563    0.812243
  11  -43.984419  -43.984419  -41.291698   18.696949  -10.487271  -33.082020  -33.023141  -44.043299  -44.032301   -9.399551  -31.994300  -42.955579  -43.147747    0.813219
  12  -43.982204  -43.982204  -41.291125   18.727710  -10.498481  -33.061896  -33.026217  -44.017883  -44.011193   -9.411528  -31.974943  -42.930930  -43.128065    0.812480
  13  -35.357688  -35.357688  -34.931573   22.963292  -13.202881  -25.171163  -22.082841  -38.446010  -38.032327  -12.493024  -24.461306  -37.736153  -37.417556    0.866049
  14  -35.284657  -35.284657  -34.888552   22.415909  -12.829578  -25.302222  -22.142203  -38.444676  -38.119447  -12.117053  -24.589697  -37.732152  -37.480255    0.897080
  15  -35.196105  -35.196105  -34.878834   22.317083  -12.824676  -25.386426  -22.229368  -38.353163  -37.869852  -12.104198  -24.665948  -37.632685  -37.259672    0.846911
  16  -31.379472  -31.379472  -36.266971   24.259271  -13.568309  -25.576010  -22.717723  -34.237758  -33.798110  -12.871287  -24.878988  -33.540736  -33.208300    0.846185
  17  -31.317715  -31.317715  -36.376624   24.339286  -13.467748  -25.505087  -22.673986  -34.148816  -33.828533  -12.766963  -24.804302  -33.448031  -33.207028    0.886870
  18  -31.135263  -31.135263  -36.377802   24.124184  -13.563376  -25.816994  -22.861700  -34.090557  -33.600991  -12.849430  -25.103048  -33.376610  -33.005315    0.834343
  19  -10.326323  -10.326323  -24.963757   17.642930  -10.289532  -17.610359  -14.045127  -13.891555  -13.117405   -9.737279  -17.058106  -13.339302  -12.685068    0.782861
  20   -9.642854   -9.642854  -26.020199   17.140110   -9.940560  -18.820649  -15.032477  -13.431027  -12.613348   -9.393475  -18.273564  -12.883942  -12.184351    0.784149
  21   -9.554580   -9.554580  -25.616003   17.343659  -10.163578  -18.435922  -14.767066  -13.223436  -12.434921   -9.598663  -17.871007  -12.658522  -11.991419    0.785079
  22   -9.227155   -9.227155  -26.830778   16.862543   -9.781995  -19.750230  -15.824443  -13.152942  -12.320367   -9.227092  -19.195328  -12.598040  -11.883147    0.787921
  23   -2.739412   -2.739412  -20.640867   14.455839  -10.173120  -16.358148  -13.089293   -6.008267   -5.401629   -9.417910  -15.602938   -5.253057   -4.786572    0.814419
  24   -1.670466   -1.670466  -20.661651   13.965614   -9.883906  -16.579944  -13.161251   -5.089160   -4.467568   -9.145133  -15.841170   -4.350386   -3.863119    0.818179
  25   -1.456793   -1.456793  -20.226711   13.915792  -10.137552  -16.448471  -13.197942   -4.707323   -4.128187   -9.350389  -15.661308   -3.920159   -3.481270    0.821833
  26   -1.408581   -1.408581  -20.748833   14.032040  -10.078014  -16.794807  -13.431252   -4.772135   -4.164902   -9.305141  -16.021933   -3.999261   -3.531557    0.819467
  27   -0.723910   -0.723910  -20.980560   13.779461  -10.075913  -17.277011  -13.736938   -4.263984   -3.642481   -9.307844  -16.508942   -3.495915   -3.009256    0.824438
  28   -0.404251   -0.404251  -20.855931   13.554574   -9.831254  -17.132611  -13.608068   -3.928794   -3.311049   -9.075518  -16.376875   -3.173058   -2.687770    0.824730
  29   -0.168060   -0.168060  -20.791078   13.861476  -10.693077  -17.622679  -14.668728   -3.122010   -2.601684   -9.659746  -16.589348   -2.088679   -1.750370    0.823854
  30    1.022664    1.022664  -19.605385   13.154443   -9.995622  -16.446564  -13.234165   -2.189735   -1.637367   -9.162770  -15.613712   -1.356884   -0.947723    0.828051
  31    1.133312    1.133312  -21.735835   14.386908  -11.349904  -18.698831  -15.539783   -2.025737   -1.475840  -10.283966  -17.632893   -0.959798   -0.595450    0.825930
  32    1.187868    1.187868  -20.409235   13.702103  -10.789976  -17.497108  -14.512889   -1.796350   -1.278760   -9.747606  -16.454738   -0.753981   -0.417181    0.826557
  33    1.656636    1.656636  -20.070277   12.814889   -9.957344  -17.212732  -13.951173   -1.604923   -1.057176   -9.071261  -16.326649   -0.718840   -0.319902    0.832060
  34    1.927971    1.927971  -19.330193   12.482669  -10.256528  -17.104052  -14.320172   -0.855909   -0.383037   -9.224116  -16.071639    0.176503    0.474009    0.830139
  35    2.462640    2.462640  -20.097677   13.680255  -11.545882  -17.963304  -15.243787   -0.256877    0.213877  -10.440145  -16.857567    0.848860    1.128209    0.826898
  36    2.709837    2.709837  -21.331057   13.443258  -10.738713  -18.626511  -15.325937   -0.590737   -0.031364   -9.687180  -17.574978    0.460796    0.841957    0.830523
  37    5.303673    5.303673  -11.179476    6.197903  -11.175324  -16.156897  -15.505568    4.652343    4.765048   -9.919150  -14.900723    5.908517    5.803856    0.826962
  38    5.440501    5.440501  -11.030371    5.450488  -10.805087  -16.384971  -16.086129    5.141659    5.193708   -9.401938  -14.981821    6.544809    6.352473    0.825831
  39    5.689979    5.689979  -10.931827    5.523562  -10.749120  -16.157385  -15.627702    5.160296    5.251909   -9.434817  -14.843082    6.474599    6.338891    0.827041
  40    5.714944    5.714944  -13.115446    6.270288  -11.121982  -17.967139  -17.295956    5.043760    5.162483   -9.715096  -16.560253    6.450646    6.320510    0.823114
  41    6.399875    6.399875  -10.090131    4.826696  -10.292939  -15.556374  -14.984049    5.827550    5.924500   -9.023825  -14.287260    7.096664    6.978630    0.830603
  42    6.824674    6.824674  -10.872711    5.247171  -10.704952  -16.330493  -15.733841    6.228022    6.330394   -9.372462  -14.998002    7.560513    7.434259    0.828422
  43    7.279989    7.279989  -10.484731    5.002868  -10.663198  -16.145060  -15.832566    6.967495    7.021830   -9.246031  -14.727894    8.384661    8.192583    0.826122
  44    7.513406    7.513406  -12.482302    5.675413  -10.867626  -17.674514  -16.916851    6.755742    6.887723   -9.474169  -16.281058    8.149199    8.038448    0.825806
  45    9.458819    9.458819   -6.099678    2.765625   -8.603060  -11.937113  -11.160603    8.682309    8.807896   -7.510596  -10.844649    9.774773    9.723672    0.838267
  46   10.084227   10.084227   -2.629128    1.181609   -5.849710   -7.297229   -5.549992    8.336990    8.576149   -5.415717   -6.863235    8.770983    8.950738    0.863122
  47   10.139200   10.139200   -2.732239    1.222404   -5.911154   -7.420989   -5.606717    8.324928    8.573196   -5.444416   -6.954251    8.791666    8.976064    0.863158
  48   10.747616   10.747616   -6.223408    2.655565   -8.506588  -12.074431  -11.297818    9.971003   10.096572   -7.390886  -10.958729   11.086705   11.031878    0.838312
  49   10.919014   10.919014   -5.519650    2.346038   -8.011841  -11.185453  -10.249900    9.983461   10.130568   -7.001974  -10.175586   10.993328   10.981643    0.842760
  50   11.199271   11.199271   -2.825993    1.269412   -5.936055   -7.492637   -5.395872    9.102506    9.388641   -5.390144   -6.946725    9.648418    9.860055    0.863535

       k = -0.000000  0.666667  0.000000 ik =   3 spin = 1

   n         Emf          Eo           X        SX-X          CH         Sig         Vxc        Eqp0        Eqp1         CH`        Sig`       Eqp0`       Eqp1`         Znk
   1  -71.072132  -71.072132  -44.447536   25.694732  -12.241621  -30.994425  -24.828512  -77.238046  -76.988006  -11.992261  -30.745065  -76.988686  -76.748759    0.959448
   2  -57.140846  -57.140846  -43.216637   28.268587  -13.134554  -28.082605  -24.329131  -60.894320  -59.660555  -12.858255  -27.806305  -60.618020  -59.475074    0.671300
   3  -44.058313  -44.058313  -41.279626   18.827366  -10.583125  -33.035384  -33.012179  -44.081519  -44.077213   -9.475898  -31.928158  -42.974292  -43.175436    0.814447
   4  -44.057071  -44.057071  -41.278566   18.898630  -10.603648  -32.983584  -33.012708  -44.027947  -44.033281   -9.497703  -31.877639  -42.922002  -43.129872    0.816866
   5  -44.054313  -44.054313  -41.278858   18.814982  -10.583047  -33.046923  -33.019973  -44.081263  -44.076370   -9.474843  -31.938719  -42.973060  -43.169380    0.818433
   6  -44.053204  -44.053204  -41.277895   18.897388  -10.605716  -32.986224  -33.019992  -44.019435  -44.025653   -9.498928  -31.879436  -42.912648  -43.122647    0.815880
   7  -44.005800  -44.005800  -41.304024   18.711073  -10.509804  -33.102756  -33.021860  -44.086696  -44.071904   -9.417046  -32.009997  -42.993937  -43.178960    0.817146
   8  -44.005104  -44.005104  -41.303077   18.726036  -10.511192  -33.088233  -33.023225  -44.070112  -44.058119   -9.418294  -31.995336  -42.977215  -43.166844    0.815516
   9  -44.004424  -44.004424  -41.302576   18.777055  -10.528193  -33.053714  -33.022310  -44.035828  -44.030123   -9.437221  -31.962741  -42.944856  -43.137348    0.818329
  10  -44.003550  -44.003550  -41.302242   18.780843  -10.527553  -33.048952  -33.024731  -44.027771  -44.023223   -9.435928  -31.957327  -42.936146  -43.136550    0.812251
  11  -43.984419  -43.984419  -41.291698   18.696949  -10.487271  -33.082020  -33.023141  -44.043298  -44.032301   -9.399552  -31.994301  -42.955579  -43.147742    0.813224
  12  -43.982204  -43.982204  -41.291126   18.727701  -10.498480  -33.061905  -33.026217  -44.017892  -44.011200   -9.411528  -31.974953  -42.930939  -43.128055    0.812497
  13  -35.357688  -35.357688  -34.931577   22.963471  -13.202900  -25.171006  -22.082841  -38.445854  -38.032227  -12.493040  -24.461146  -37.735993  -37.417445    0.866061
  14  -35.284657  -35.284657  -34.888552   22.415852  -12.829573  -25.302274  -22.142203  -38.444728  -38.119551  -12.117049  -24.589749  -37.732203  -37.480346    0.897098
  15  -35.196105  -35.196105  -34.878830   22.317145  -12.824677  -25.386362  -22.229368  -38.353099  -37.869806  -12.104197  -24.665882  -37.632619  -37.259622    0.846914
  16  -31.379472  -31.379472  -36.266971   24.259220  -13.568308  -25.576059  -22.717723  -34.237807  -33.798206  -12.871285  -24.879036  -33.540784  -33.208383    0.846204
  17  -31.317715  -31.317715  -36.376630   24.339443  -13.467759  -25.504946  -22.673986  -34.148675  -33.828403  -12.766972  -24.804158  -33.447887  -33.206897    0.886868
  18  -31.135263  -31.135263  -36.377797   24.124258  -13.563378  -25.816917  -22.861700  -34.090479  -33.600927  -12.849429  -25.102968  -33.376530  -33.005249    0.834343
  19  -10.326323  -10.326323  -24.963757   17.643340  -10.290100  -17.610518  -14.045127  -13.891713  -13.117539   -9.737832  -17.058249  -13.339445  -12.685188    0.782864
  20   -9.642854   -9.642854  -26.020199   17.139988   -9.940568  -18.820779  -15.032477  -13.431157  -12.613460   -9.393472  -18.273683  -12.884060  -12.184454    0.784152
  21   -9.554580   -9.554580  -25.616003   17.343667  -10.163709  -18.436045  -14.767066  -13.223560  -12.435032   -9.598789  -17.871125  -12.658639  -11.991523    0.785083
  22   -9.227155   -9.227155  -26.830778   16.862477   -9.782025  -19.750327  -15.824443  -13.153039  -12.320443   -9.227114  -19.195416  -12.598128  -11.883218    0.787922
  23   -2.739412   -2.739412  -20.640867   14.456339  -10.173581  -16.358109  -13.089293   -6.008228   -5.401594   -9.418413  -15.602941   -5.253060   -4.786572    0.814418
  24   -1.670466   -1.670466  -20.661652   13.966021   -9.884261  -16.579891  -13.161251   -5.089107   -4.467524   -9.145507  -15.841138   -4.350353   -3.863091    0.818178
  25   -1.456793   -1.456793  -20.226712   13.915795  -10.137517  -16.448433  -13.197942   -4.707284   -4.128154   -9.350380  -15.661296   -3.920147   -3.481259    0.821833
  26   -1.408581   -1.408581  -20.748833   14.032131  -10.078075  -16.794777  -13.431252   -4.772105   -4.164875   -9.305242  -16.021944   -3.999273   -3.531565    0.819466
  27   -0.723910   -0.723910  -20.980560   13.779687  -10.076108  -17.276980  -13.736938   -4.263953   -3.642452   -9.308090  -16.508962   -3.495935   -3.009270    0.824437
  28   -0.404251   -0.404251  -20.855931   13.554920   -9.831575  -17.132585  -13.608068   -3.928768   -3.311028   -9.075839  -16.376849   -3.173033   -2.687750    0.824730
  29   -0.168060   -0.168060  -20.791078   13.860904  -10.692541  -17.622715  -14.668728   -3.122046   -2.601712   -9.659242  -16.589416   -2.088747   -1.750425    0.823854
  30    1.022664    1.022664  -19.605385   13.154291   -9.995457  -16.446550  -13.234165   -2.189722   -1.637355   -9.162619  -15.613713   -1.356884   -0.947723    0.828051
  31    1.133312    1.133312  -21.735835   14.386817  -11.349839  -18.698857  -15.539783   -2.025762   -1.475860  -10.283929  -17.632947   -0.959853   -0.595494    0.825929
  32    1.187868    1.187868  -20.409234   13.702620  -10.790494  -17.497109  -14.512889   -1.796352   -1.278761   -9.748125  -16.454740   -0.753983   -0.417183    0.826557
  33    1.656636    1.656636  -20.070277   12.815043   -9.957491  -17.212725  -13.951173   -1.604916   -1.057169   -9.071420  -16.326653   -0.718845   -0.319905    0.832059
  34    1.927971    1.927971  -19.330193   12.481637  -10.255499  -17.104055  -14.320172   -0.855913   -0.383038   -9.223095  -16.071651    0.176492    0.474001    0.830139
  35    2.462640    2.462640  -20.097677   13.678822  -11.544457  -17.963311  -15.243787   -0.256885    0.213872  -10.438721  -16.857575    0.848852    1.128203    0.826897
  36    2.709837    2.709837  -21.331057   13.442889  -10.738348  -18.626516  -15.325937   -0.590742   -0.031369   -9.686811  -17.574979    0.460795    0.841956    0.830523
  37    5.303673    5.303673  -11.179477    6.198474  -11.175948  -16.156950  -15.505568    4.652290    4.765003   -9.919755  -14.900758    5.908482    5.803827    0.826963
  38    5.440501    5.440501  -11.030371    5.450230  -10.804839  -16.384980  -16.086129    5.141650    5.193701   -9.401683  -14.981824    6.544806    6.352471    0.825831
  39    5.689979    5.689979  -10.931826    5.523214  -10.748761  -16.157373  -15.627702    5.160307    5.251919   -9.434446  -14.843058    6.474623    6.338912    0.827041
  40    5.714944    5.714944  -13.115445    6.270109  -11.121798  -17.967134  -17.295956    5.043765    5.162487   -9.714910  -16.560245    6.450654    6.320517    0.823114
  41    6.399875    6.399875  -10.090131    4.826809  -10.293097  -15.556420  -14.984049    5.827504    5.924461   -9.023967  -14.287290    7.096634    6.978606    0.830604
  42    6.824674    6.824674  -10.872712    5.246134  -10.703945  -16.330523  -15.733841    6.227992    6.330369   -9.371438  -14.998016    7.560499    7.434248    0.828422
  43    7.279989    7.279989  -10.484731    5.002728  -10.663068  -16.145072  -15.832566    6.967483    7.021821   -9.245893  -14.727897    8.384658    8.192581    0.826122
  44    7.513406    7.513406  -12.482301    5.675531  -10.867751  -17.674522  -16.916851    6.755735    6.887716   -9.474293  -16.281063    8.149193    8.038443    0.825806
  45    9.458819    9.458819   -6.099678    2.765242   -8.602651  -11.937087  -11.160603    8.682335    8.807919   -7.510220  -10.844656    9.774765    9.723666    0.838265
  46   10.084227   10.084227   -2.629128    1.181255   -5.849348   -7.297221   -5.549992    8.336997    8.576156   -5.415360   -6.863233    8.770986    8.950740    0.863122
  47   10.139200   10.139200   -2.732239    1.222711   -5.911438   -7.420966   -5.606717    8.324951    8.573217   -5.444712   -6.954240    8.791677    8.976075    0.863158
  48   10.747616   10.747616   -6.223408    2.652408   -8.503380  -12.074380  -11.297818    9.971054   10.096618   -7.387708  -10.958708   11.086726   11.031894    0.838307
  49   10.919014   10.919014   -5.519650    2.346844   -8.012620  -11.185426  -10.249900    9.983488   10.130594   -7.002771  -10.175578   10.993337   10.981650    0.842756
  50   11.199271   11.199271   -2.825993    1.269618   -5.936251   -7.492626   -5.395872    9.102517    9.388651   -5.390350   -6.946726    9.648417    9.860055    0.863535

       k =  0.333333  0.333333  0.000000 ik =   4 spin = 1

   n         Emf          Eo           X        SX-X          CH         Sig         Vxc        Eqp0        Eqp1         CH`        Sig`       Eqp0`       Eqp1`         Znk
   1  -71.067212  -71.067212  -44.445452   25.706470  -12.243179  -30.982162  -24.832500  -77.216873  -77.042726  -11.993537  -30.732520  -76.967231  -76.800153    0.971682
   2  -57.129687  -57.129687  -43.216160   28.291119  -13.138813  -28.063854  -24.339223  -60.854317  -59.620129  -12.861665  -27.786706  -60.577169  -59.434817    0.668641
   3  -44.055598  -44.055598  -41.279530   18.832402  -10.585640  -33.032769  -33.016664  -44.071703  -44.068727   -9.477868  -31.924996  -42.963930  -43.165666    0.815204
   4  -44.055038  -44.055038  -41.278052   18.825960  -10.582769  -33.034860  -33.018528  -44.071370  -44.068329   -9.474531  -31.926622  -42.963133  -43.166469    0.813779
   5  -44.054088  -44.054088  -41.278612   18.887246  -10.602700  -32.994066  -33.018289  -44.029866  -44.034340   -9.495839  -31.887206  -42.923006  -43.131918    0.815298
   6  -44.053941  -44.053941  -41.277141   18.902722  -10.605642  -32.980060  -33.018477  -44.015525  -44.022560   -9.498888  -31.873306  -42.908771  -43.118499    0.816859
   7  -44.006380  -44.006380  -41.303941   18.723982  -10.511560  -33.091519  -33.020196  -44.077703  -44.064916   -9.418884  -31.998843  -42.985027  -43.168133    0.820722
   8  -44.005829  -44.005829  -41.302969   18.724424  -10.513242  -33.091787  -33.021301  -44.076315  -44.063297   -9.420326  -31.998870  -42.983399  -43.172231    0.815310
   9  -44.004623  -44.004623  -41.303481   18.770793  -10.526310  -33.058998  -33.022653  -44.040968  -44.034310   -9.434715  -31.967402  -42.949372  -43.142678    0.816815
  10  -44.003814  -44.003814  -41.302897   18.768832  -10.525768  -33.059834  -33.023918  -44.039731  -44.033238   -9.434150  -31.968216  -42.948112  -43.138944    0.819237
  11  -43.983539  -43.983539  -41.290972   18.700231  -10.487640  -33.078381  -33.024535  -44.037384  -44.027276   -9.399778  -31.990518  -42.949522  -43.143624    0.812283
  12  -43.981219  -43.981219  -41.290516   18.726564  -10.498432  -33.062385  -33.027961  -44.015642  -44.009241   -9.411246  -31.975198  -42.928456  -43.124234    0.814035
  13  -35.356911  -35.356911  -34.884773   23.052136  -13.205832  -25.038469  -22.086247  -38.309132  -37.816909  -12.495736  -24.328373  -37.599036  -37.225207    0.833270
  14  -35.327041  -35.327041  -34.949358   22.895444  -13.275981  -25.329895  -22.112746  -38.544190  -38.106212  -12.563774  -24.617688  -37.831983  -37.490963    0.863861
  15  -35.265403  -35.265403  -34.882887   22.374065  -12.873061  -25.381883  -22.162385  -38.484900  -38.244322  -12.159331  -24.668153  -37.771170  -37.583926    0.925275
  16  -31.353367  -31.353367  -36.274310   24.209923  -13.586343  -25.650729  -22.750299  -34.253797  -33.752512  -12.887225  -24.951612  -33.554679  -33.174224    0.827169
  17  -31.316942  -31.316942  -36.337640   24.354214  -13.470535  -25.453960  -22.676632  -34.094270  -33.613117  -12.770307  -24.753732  -33.394042  -33.034199    0.826757
  18  -31.280944  -31.280944  -36.404579   24.349924  -13.484259  -25.538914  -22.717085  -34.102773  -33.871247  -12.780266  -24.834921  -33.398780  -33.225015    0.917952
  19   -9.448075   -9.448075  -25.029754   17.612167  -10.563091  -17.980678  -14.495111  -12.933642  -12.204370   -9.946861  -17.364448  -12.317412  -11.717072    0.790774
  20   -9.250329   -9.250329  -25.002757   17.723005  -10.606336  -17.886087  -14.424623  -12.711793  -11.981866   -9.994837  -17.274588  -12.100294  -11.499315    0.789128
  21   -8.702121   -8.702121  -27.119819   16.809351   -9.908498  -20.218966  -16.311711  -12.609376  -11.788271   -9.305165  -19.615633  -12.006043  -11.311728    0.789851
  22   -8.680475   -8.680475  -27.105527   16.800105   -9.938512  -20.243934  -16.321834  -12.602575  -11.803279   -9.336044  -19.641466  -12.000107  -11.323590    0.796207
  23   -2.670660   -2.670660  -20.725901   14.756874  -10.636025  -16.605052  -13.372423   -5.903289   -5.309267   -9.842486  -15.811514   -5.109750   -4.661547    0.816242
  24   -2.331931   -2.331931  -20.573821   14.370688  -10.121748  -16.324881  -12.967010   -5.689802   -5.073796   -9.368750  -15.571884   -4.936805   -4.458937    0.816549
  25   -1.743609   -1.743609  -21.386757   14.058933   -9.885845  -17.213668  -13.692986   -5.264291   -4.623709   -9.132232  -16.460055   -4.510677   -4.007214    0.818052
  26   -1.454184   -1.454184  -19.255798   13.257187   -9.658151  -15.656763  -12.396228   -4.714719   -4.138411   -8.940583  -14.939194   -3.997151   -3.547675    0.823247
  27   -1.249617   -1.249617  -21.050022   13.880412   -9.743045  -16.912656  -13.339722   -4.822550   -4.182642   -9.017170  -16.186780   -4.096675   -3.586770    0.820901
  28   -0.977072   -0.977072  -20.568281   13.849325  -10.049202  -16.768159  -13.519869   -4.225362   -3.644257   -9.236133  -15.955089   -3.412292   -2.976642    0.821105
  29   -0.611761   -0.611761  -19.904353   13.120635   -9.548910  -16.332629  -12.837630   -4.106761   -3.497450   -8.856290  -15.640008   -3.414140   -2.925579    0.825662
  30   -0.242578   -0.242578  -19.554566   13.320908   -9.863699  -16.097358  -12.854192   -3.485744   -2.922594   -9.075696  -15.309355   -2.697741   -2.271421    0.826358
  31    0.106545    0.106545  -21.628981   13.851507  -10.188458  -17.965932  -14.475369   -3.384018   -2.775461   -9.340890  -17.118364   -2.536449   -2.075661    0.825657
  32    0.327874    0.327874  -20.273997   12.933702   -9.447702  -16.787997  -13.151370   -3.308753   -2.692410   -8.734929  -16.075224   -2.595980   -2.100439    0.830518
  33    0.677889    0.677889  -20.234233   13.559589  -10.411160  -17.085804  -14.018995   -2.388920   -1.854306   -9.483379  -16.158023   -1.461139   -1.088258    0.825677
  34    1.171397    1.171397  -21.718127   14.025348  -10.785382  -18.478160  -15.033294   -2.273469   -1.685070   -9.853918  -17.546697   -1.342005   -0.912705    0.829196
  35    2.984629    2.984629  -19.211949   12.759604  -11.140435  -17.592780  -15.131892    0.523741    0.942998   -9.936902  -16.389247    1.727275    1.941488    0.829632
  36    3.602106    3.602106  -20.571587   13.346435  -11.582074  -18.807227  -16.184850    0.979729    1.434608  -10.338460  -17.563613    2.223343    2.462504    0.826540
  37    4.575439    4.575439  -10.963658    4.699746  -10.051818  -16.315729  -16.003208    4.262918    4.317299   -8.646231  -14.910142    5.668505    5.478301    0.825990
  38    5.278732    5.278732  -12.809301    7.296295  -12.569995  -18.083001  -17.609790    4.805521    4.890569  -11.101252  -16.614258    6.274264    6.095341    0.820274
  39    5.907205    5.907205  -11.123133    5.843037  -10.822340  -16.102435  -15.453933    5.258702    5.369116   -9.596462  -14.876558    6.484580    6.386276    0.829740
  40    6.285619    6.285619   -9.793179    4.854206  -10.196937  -15.135910  -14.647953    5.797662    5.880408   -8.957344  -13.896317    7.037255    6.909795    0.830423
  41    6.865181    6.865181  -12.313375    6.439400  -11.766765  -17.640741  -17.069803    6.294243    6.394702  -10.328935  -16.202910    7.732074    7.579541    0.824046
  42    6.963792    6.963792  -10.802392    4.406981  -10.168360  -16.563771  -16.300186    6.700207    6.746334   -8.706104  -15.101515    8.162463    7.952696    0.825001
  43    8.145035    8.145035  -12.552063    5.036518  -10.821626  -18.337171  -17.733853    7.541717    7.647928   -9.319920  -16.835465    9.043423    8.885265    0.823954
  44    8.244602    8.244602  -10.321181    4.606787  -10.999732  -16.714126  -16.605217    8.135693    8.154836   -9.447071  -15.161464    9.688354    9.434579    0.824226
  45    9.279054    9.279054   -5.884306    2.576687   -8.353127  -11.660746  -10.900406    8.518714    8.642248   -7.326272  -10.633891    9.545569    9.502267    0.837527
  46    9.970250    9.970250   -7.060052    3.465308   -9.372192  -12.966936  -12.355749    9.359062    9.460160   -8.143931  -11.738675   10.587324   10.485252    0.834588
  47   10.348167   10.348167   -7.148825    3.256721   -9.103239  -12.995343  -12.441622    9.794445    9.886061   -7.914328  -11.806432   10.983356   10.878260    0.834544
  48   10.457890   10.457890   -5.537540    2.386814   -8.232291  -11.383018  -10.723494    9.798366    9.903285   -7.176849  -10.327576   10.853808   10.790824    0.840917
  49   11.916688   11.916688   -3.790694    1.728179   -7.414375   -9.476891   -8.419356   10.859153   11.022416   -6.599042   -8.661557   11.674487   11.711878    0.845619
  50   13.167253   13.167253   -5.112419    2.236969   -8.266411  -11.141860  -10.389440   12.414833   12.532726   -7.138308  -10.013758   13.542935   13.484072    0.843316


================================================================================

    n = band index.
  Emf = "inner" mean-field energy eigenvalue used to construct Sigma(E),
        read from WFN_inner.
   Eo = "outer" mean-field energy eigenvalue where we center the evaluation
        frequency grid {E} of Sigma(E). Defaults to Emf, unless
        you use WFN_outer and eqp_outer.dat / scissors_outer.
  Vxc = exchange-correlation pot., calculated from VXC or read from vxc.dat.
  KIH = Kinetic energy + Ionic potential + Hartree, read from kih.dat.
    X = bare exchange.
   SX = screened exchange contrib. to Sigma(E) at energy E=Eo
   CH = Coulomb hole contrib. to Sigma(E) at energy E=Eo
  Cor = SX-X + CH = correlation portion of Sigma(E) at energy E=Eo.
  Sig = X + Cor = self energy, Sigma(E), at energy E=Eo.
 Eqp0 = on-shell QP energy = Emf - Vxc + Sig(Eo)
        Eqp0 is *not* the recommended quantity to use for QP properties.
 Eqp1 = off-shell solution to the linearized  Dyson`s equation
      = Eqp0 + (dSig/dE) / (1 - dSig/dE) * (Eqp0 - Eo),
        or a full linear interpolation if more freq. points where computed.
        Eqp1 is the recommended quantity to use for QP properties.
  Znk = quasiparticle renormalization factor

 Notes on the static remainder:
 - Unprimed values, such as Eqp0, are evaluated WITH the static remainder
 - Primed values, such as Eqp0`, are evaluated WITHOUT the static remainder

 Notes on the finite_difference_form from sigma.inp file:
   none    : -2 => dSig/dE = 0 (skip the expansion)
   backward: -1 => dSig/dE = (Sig(Eo) - Sig(Eo-dE)) / dE
   central :  0 => dSig/dE = (Sig(Eo+dE) - Sig(Eo-dE)) / (2*dE)
   forward :  1 => dSig/dE = (Sig(Eo+dE) - Sig(Eo)) / dE
   default :  2 => forward for diagonal and none for off-diagonal
   dE is finite_difference_spacing from Sigma.inp file.
   We are using the form #2 with dE = 1.000 eV.

 General notes:
 - All energies are reported here in eV.
 - Both Emf and Vxc contain the average pot. Vxc0, so Vxc0 doesn`t affect Sigma.
 - Eqp1 and Eqp0 are Eqs. (36-37) from Hybertsen & Louie PRB 34 5390.
 - We recommend you use Eqp1 for QP properties of materials.

================================================================================

