
 BerkeleyGW version 3.0
 Sigma code, Complex version, run on 02-Jul-2023 at 19:42:45 -0700

                                                                 ..o.          
                                                                .oxxo.         
                                                               .oxxxxo...      
                                                               oxxxxxxo.       
                                                              .oxxxxxxx.       
                                                              .ooooooxxo..     
                                                              .oooooooxo..     
                                                              .oooooxxo...     
                                                       .........oxooo......    
                                                 ............................  
                                             ................................. 
                                          .................................... 
           .          ..oo. ....  .................................oooxxxxxxxo.
     .............oxxxx@ox@@@x@x.....................o...........ooooooooooxx. 
    .o.........oox@x.oo........xxx@@............ooxxxxo..........ooooxxxxxoxo  
    .x........x@xxo...............o@xxo........oxxx@@@xoooooooooooooooxxxo...  
    .o......ox@@o..................oox@o.....ooxxx@xoooxxxxxxxoooooooooooo.... 
    o..ooooo@@xoooo....ooo...........x@o.....ooxxxxo   .oxxxxxxxxxxooooooo.... 
    . .oooo@@@@@@@@@@@@@@@@@@@@@@@@@@@@@@....ooooox.     .oxx@@@@@xxoo........ 
      .ooooxxxxxxxooooooxooooooooooooooxo...oooooxx.        ..ox@xxxoo.........
      .ooooooxxxx@xoooooooooooooxxoooooooooooxxxxx.            .oxxooooooooxxo.
     .oooooxxxxx@@@xxxxxxxxxxxxxxxxxxxxxxxxoxxxxo.                .oxxxxxxxxo. 
   ....oooxxxxx@@@xo..oxxx@@@@@@xxxxoxxoooooooxx.                  .oxxxoo..   
  .....ooxxxx@@xo.       ........    .ooooooooxxo                              
  ..oooxxxx@@@o                       .oooooooxoo.                             
  ....oxooxxxxx.                       .ooo..oooo.                             
  .....o.ooxxxxxo.                     .oooooooxo.                             
 ......ooooxxxxxxo.                     .ooooooxoo..                           
........ooxxxxxxxo..                     .o....oxoo...                         
.......ooooxxxxxxxo.                     ........oooo.                         
.ooooooo..ooxxxxoooo.                    .........ooo...                       
..oxo...ooooxxxoooo..                    .ooo......oooo...                     
  .ooooo....o.                            .oxxxoo....ooo....                   
    .oooooo...                              ...ooooo...ooo..                   
       ...                                     .oo.......                      
                                               ....ooo...                      
                      __              __                                       
 ______              [  |            [  |                 ._____  _          _ 
|_   _ \              | |  _          | |                /  ___ \| |        | |
  | |_) | .---.  _. _.| | / |  .---.  | | .---.  _    _ / /    \_|\ \  /\  / / 
  |  __'./ /__\\[ /`\_| '' <  / /__\\ | |/ /__\\| \  | | |   _____ \ \/  \/ /  
 _| |__| | \__. | |   | |`\ \ | \___. | || \___. \ \/ / \ \.___| |  \  /\  /   
|_______/ \.__./[_]  [__|  \_] \.__./[___]\.__./  \  /   \.____./    \/  \/    
                                                  / /                          
                                                 /_/                           
 --------------------------------------------------------------------------------
 Please cite the main BerkeleyGW paper when using results from this calculation:

 Jack Deslippe, Georgy Samsonidze, David A. Strubbe, Manish Jain, Marvin L.
 Cohen, and Steven G. Louie, "BerkeleyGW: A Massively Parallel Computer Package
 for the Calculation of the Quasiparticle and Optical Properties of Materials
 and Nanostructures," Comput. Phys. Commun. 183, 1269 (2012)

 Aditionally, PLEASE CITE ALL PAPERS REPORTED AT THE END OF THIS CALCULATION.
 --------------------------------------------------------------------------------

 Running MPI version (parallel)
 Running with 320 MPI task(s)
 Using OpenMP. Number of threads per MPI task: 2

 Compilation flags:
 - Compiler: GNU
 - Para. flags: MPI, OMP
 - Math  flags: USESCALAPACK, UNPACKED, USEFFTW3, HDF5
 - Debug flags: 

 Running with verbosity level 1 (default).

 Using the Generalized Plasmon Pole model

 We are communicating via MPI

 Computing CH as a partial sum over empty bands with the static remainder

 Running with semiconductor screening

 We are using a truncated Coulomb interaction: cell slab
 Cutoff for Monte-Carlo average of Coulomb potential: 1.000E-012 Ry

 Reading exchange-correlation matrix elements from vxc.dat file

 Treating W within the Hybertsen-Louie Generalized Plasmon Pole model

 Memory available: 15416.2 MB per PE

 Read from eps0mat.h5:
 - Number of G-vectors in the charge-density grid: 176313
 - Max. number of G-vectors for dielectric matrices: 651
 - Cutoff of the dielectric matrix (Ry): 9.000
 - Number of imaginary frequencies: 0
 - Total number of frequencies: 1
 - Frequency dependence: 0
 - Number of q-points: 1
 - Q grid: 3 3 1

 Read from epsmat.h5:
 - Number of G-vectors in the charge-density grid: 176313
 - Max. number of G-vectors for dielectric matrices: 703
 - Cutoff of the dielectric matrix: 9.000
 - Number of imaginary frequencies: 0
 - Total number of frequencies: 1
 - Frequency dependence: 0
 - Number of q-points: 3
 - Q grid: 3 3 1

 Reading header of WFN_inner
 Highest occupied band (unshifted grid) = 36
 Valence max    (unshifted grid) = 3.602106 eV
 Conduction min (unshifted grid) = 4.575439 eV
 Middle energy  (unshifted grid) = 4.088772 eV
 Fermi  energy  (unshifted grid) = 4.088772 eV


 Calculation parameters:
 - Cutoff of the bare Coulomb interaction (Ry): 90.00
 - Cutoff of the screened Coulomb interaction (Ry): 9.00
 - Number of G-vectors up to the bare int. cutoff: 22049
 - Number of G-vectors up to the screened int. cutoff: 651
 - Total number of bands in the calculation: 99
 - Number of fully occupied valence bands: 36
 - Number of partially occ. conduction bands: 0

 Memory required for execution: 28.9 MB per PE
 Memory required for vcoul: 114.4 MB per PE

 Number of electrons per unit cell (from ifmax) = 72.000000
 Number of electrons per unit cell (from occupations) = 72.000000
 Plasma Frequency = 1.538875 Ry

 Q-grid symmetries are being used.

 Parallelization report:
 - Using 320 processor(s), 9 pool(s), 35 processor(s) per pool.
  - Note: distribution is not ideal; 5 processor(s) is/are idle.
 - Each pool is computing 5 to 6 diagonal sigma matrix element(s).
 - Note: distribution is not ideal because the number of diagonal sigma
   matrix elements (50) is not divisible by the number of pools (9).
 - Each pool is computing 0 off-diagonal sigma matrix element(s).
 - Each pool is holding 0 to 3 band(s).
 - Note: distribution is not ideal because the total number of bands
   (99) is not divisible by the number of processors per pool (35).


 Started reading wavefunctions (WFN_inner) with 396 state(s) at 19:42:45.
 [ 19:42:45 |   0% ] state   1 / 396.
 [ 19:42:45 |   1% ] state   3 / 396, remaining: 0 s.
 [ 19:42:45 |  10% ] state  40 / 396, remaining: 0 s.
 [ 19:42:45 |  20% ] state  80 / 396, remaining: 0 s.
 [ 19:42:45 |  30% ] state 119 / 396, remaining: 0 s.
 [ 19:42:45 |  40% ] state 159 / 396, remaining: 0 s.
 [ 19:42:45 |  50% ] state 199 / 396, remaining: 0 s.
 [ 19:42:45 |  60% ] state 238 / 396, remaining: 0 s.
 [ 19:42:46 |  70% ] state 278 / 396, remaining: 0 s.
 [ 19:42:46 |  80% ] state 317 / 396, remaining: 0 s.
 [ 19:42:46 |  90% ] state 357 / 396, remaining: 0 s.
 Finished reading wavefunctions (WFN_inner) at 19:42:46.
 Elapsed time: 0 s.


 Scissors parameters:
 - Valence:    es =   0.0000 eV, e0 =   0.0000 eV, edel =   0.0000
 - Conduction: es =   0.0000 eV, e0 =   0.0000 eV, edel =   0.0000

 Scissors parameters (outer):
 - Valence:    es =   0.0000 eV, e0 =   0.0000 eV, edel =   0.0000
 - Conduction: es =   0.0000 eV, e0 =   0.0000 eV, edel =   0.0000


 Data for sum rule:
 - rho(0,1) = 72.000000 electrons
 - wp = 20.937462 eV

 Number of bands to compute diagonal self-energy matrix elements: 50
 Bands:
 - 1
 - 2
 - 3
 - 4
 - 5
 - 6
 - 7
 - 8
 - 9
 - 10
 - 11
 - 12
 - 13
 - 14
 - 15
 - 16
 - 17
 - 18
 - 19
 - 20
 - 21
 - 22
 - 23
 - 24
 - 25
 - 26
 - 27
 - 28
 - 29
 - 30
 - 31
 - 32
 - 33
 - 34
 - 35
 - 36
 - 37
 - 38
 - 39
 - 40
 - 41
 - 42
 - 43
 - 44
 - 45
 - 46
 - 47
 - 48
 - 49
 - 50
 Number of off-diagonal bands to compute self-energy matrix elements: 0

 GPU acceleration is : DISABLED

 Algorithms used:
 - mtxel     : CPU_ALGO
 - sigma_gpp : CPU_ALGO

 Total number of frequencies in the dielectric matrix: 1
 Number of imag. frequencies in the dielectric matrix: 0


 Started reading eps0mat.h5 with 1 q-point(s) at 19:42:46.
 [ 19:42:46 |   0% ] q-point 1 / 1.
 Finished reading eps0mat.h5 at 19:42:46.
 Elapsed time: 0 s.


 Started reading epsmat.h5 with 3 q-point(s) at 19:42:46.
 [ 19:42:46 |   0% ] q-point 1 / 3.
 [ 19:42:46 |  33% ] q-point 2 / 3.
 [ 19:42:46 |  67% ] q-point 3 / 3, remaining: 0 s.
 Finished reading epsmat.h5 at 19:42:46.
 Elapsed time: 0 s.

 Number of k-points in WFN_inner: 4
 Number of k-points in the full BZ of WFN_inner: 9

================================================================================
 19:42:46   Dealing with k =  0.000000  0.000000  0.000000                 1 / 4
================================================================================

 Reading vxc.dat
 Number of q-points in the irreducible BZ(k) (nrq): 4

 Started calculating Sigma with 24 block(s) at 19:42:46.
 [ 19:42:47 |   0% ] block  1 / 24.
 [ 19:42:47 |   8% ] block  3 / 24, remaining: 2 s.
 [ 19:42:47 |  17% ] block  5 / 24, remaining: 2 s.
 [ 19:42:48 |  29% ] block  8 / 24, remaining: 2 s.
 [ 19:42:48 |  38% ] block 10 / 24, remaining: 1 s.
 [ 19:42:48 |  46% ] block 12 / 24, remaining: 1 s.
 [ 19:42:48 |  58% ] block 15 / 24, remaining: 1 s.
 [ 19:42:48 |  67% ] block 17 / 24, remaining: 1 s.
 [ 19:42:49 |  79% ] block 20 / 24, remaining: 0 s.
 [ 19:42:49 |  88% ] block 22 / 24, remaining: 0 s.
 [ 19:42:49 |  96% ] block 24 / 24, remaining: 0 s.
 Finished calculating Sigma at 19:42:49.
 Elapsed time: 3 s.

 Unsymmetrized values for ik =   1 spin = 1

     n      Emf       Eo      Vxc        X     SX-X       CH      Cor      Sig
     1  -71.082  -71.082  -24.821  -44.452   25.686  -12.239   13.447  -31.004
     2  -57.163  -57.163  -24.309  -43.218   28.217  -13.126   15.091  -28.127
     3  -44.058  -44.058  -33.013  -41.273   18.823  -10.583    8.241  -33.033
     4  -44.058  -44.058  -33.013  -41.288   18.804  -10.582    8.222  -33.066
     5  -44.057  -44.057  -33.013  -41.273   18.899  -10.605    8.295  -32.978
     6  -44.057  -44.057  -33.013  -41.288   18.887  -10.604    8.283  -33.004
     7  -44.005  -44.005  -33.025  -41.259   18.656  -10.498    8.159  -33.100
     8  -44.005  -44.005  -33.025  -41.345   18.777  -10.523    8.253  -33.091
     9  -44.003  -44.003  -33.026  -41.258   18.722  -10.515    8.207  -33.051
    10  -44.003  -44.003  -33.026  -41.342   18.844  -10.541    8.304  -33.039
    11  -43.986  -43.986  -33.020  -41.294   18.702  -10.486    8.216  -33.078
    12  -43.984  -43.984  -33.022  -41.292   18.730  -10.498    8.232  -33.060
    13  -35.323  -35.323  -22.102  -34.897   22.505  -12.754    9.751  -25.147
    14  -35.146  -35.146  -22.271  -34.653   21.956  -12.676    9.280  -25.373
    15  -35.146  -35.146  -22.271  -35.094   22.390  -12.875    9.515  -25.579
    16  -31.432  -31.432  -22.653  -36.249   24.293  -13.535   10.758  -25.491
    17  -31.081  -31.081  -22.911  -36.106   24.128  -13.774   10.354  -25.752
    18  -31.081  -31.081  -22.911  -36.652   23.995  -13.406   10.589  -26.063
    19  -11.696  -11.696  -13.535  -25.039   17.839   -9.990    7.849  -17.190
    20  -10.974  -10.974  -14.886  -26.530   17.120   -9.457    7.663  -18.868
    21  -10.111  -10.111  -14.349  -25.437   17.283   -9.929    7.353  -18.084
    22   -9.952   -9.952  -14.867  -25.961   17.144   -9.855    7.289  -18.673
    23   -3.286   -3.286  -12.567  -20.585   14.473   -9.835    4.638  -15.947
    24   -2.069   -2.069  -12.896  -20.831   13.907   -9.504    4.403  -16.428
    25    0.035    0.035  -14.794  -20.637   13.972  -10.915    3.056  -17.581
    26    0.035    0.035  -14.794  -20.852   14.274  -11.045    3.229  -17.623
    27    0.667    0.667  -12.299  -19.084   12.716   -9.346    3.371  -15.713
    28    1.200    1.200  -15.190  -20.196   13.361  -11.089    2.272  -17.923
    29    1.200    1.200  -15.190  -20.780   13.831  -11.095    2.736  -18.044
    30    1.581    1.581  -16.016  -21.699   14.679  -11.870    2.809  -18.890
    31    1.581    1.581  -16.016  -22.067   14.987  -11.875    3.112  -18.955
    32    1.675    1.675  -12.993  -19.492   12.698   -9.616    3.082  -16.410
    33    2.547    2.547  -16.733  -21.581   13.867  -11.875    1.992  -19.589
    34    2.547    2.547  -16.733  -22.254   14.642  -12.090    2.552  -19.703
    35    2.850    2.850  -14.844  -19.131   12.628  -10.931    1.697  -17.434
    36    3.445    3.445  -15.481  -19.544   12.096  -10.565    1.530  -18.014
    37    5.710    5.710  -14.990  -10.123    5.625  -10.946   -5.322  -15.444
    38    5.710    5.710  -14.990  -10.179    5.328  -10.592   -5.264  -15.443
    39    5.923    5.923  -14.986  -10.059    5.178  -10.621   -5.443  -15.501
    40    5.923    5.923  -14.986  -10.903    5.848  -10.555   -4.707  -15.610
    41    6.542    6.542  -16.068  -12.623    5.982  -10.572   -4.591  -17.214
    42    6.542    6.542  -16.068  -12.455    5.832  -10.557   -4.725  -17.180
    43    6.737    6.737  -16.197  -13.310    6.612  -10.816   -4.204  -17.514
    44    6.737    6.737  -16.197  -12.530    5.884  -10.779   -4.894  -17.425
    45    7.867    7.867   -9.640   -5.381    2.641   -8.060   -5.419  -10.800
    46    8.231    8.231   -3.375   -1.670    0.703   -4.749   -4.046   -5.717
    47    8.483    8.483   -4.031   -1.964    0.997   -5.254   -4.258   -6.222
    48    9.357    9.357   -3.684   -2.044    0.884   -5.065   -4.181   -6.224
    49    9.859    9.859   -9.187   -5.457    2.257   -7.432   -5.175  -10.632
    50   10.690   10.690   -2.964   -1.412    0.625   -4.737   -4.112   -5.525

 Symmetrized values from band-averaging:

       k =  0.000000  0.000000  0.000000 ik =   1 spin = 1

     n      Emf       Eo      Vxc        X      Cor     Eqp0     Eqp1      Znk
     1  -71.082  -71.082  -24.821  -44.452   13.447  -77.266  -76.806    0.926
     2  -57.163  -57.163  -24.309  -43.218   15.091  -60.981  -59.739    0.675
     3  -44.058  -44.058  -33.013  -41.281    8.231  -44.095  -44.089    0.820
     4  -44.058  -44.058  -33.013  -41.281    8.231  -44.095  -44.089    0.820
     5  -44.057  -44.057  -33.013  -41.280    8.289  -44.036  -44.040    0.817
     6  -44.057  -44.057  -33.013  -41.280    8.289  -44.036  -44.040    0.817
     7  -44.005  -44.005  -33.025  -41.302    8.206  -44.075  -44.062    0.817
     8  -44.005  -44.005  -33.025  -41.302    8.206  -44.075  -44.062    0.817
     9  -44.003  -44.003  -33.026  -41.300    8.255  -44.023  -44.019    0.816
    10  -44.003  -44.003  -33.026  -41.300    8.255  -44.023  -44.019    0.816
    11  -43.986  -43.986  -33.020  -41.294    8.216  -44.044  -44.033    0.813
    12  -43.984  -43.984  -33.022  -41.292    8.232  -44.022  -44.015    0.816
    13  -35.323  -35.323  -22.102  -34.897    9.751  -38.368  -37.935    0.858
    14  -35.146  -35.146  -22.271  -34.874    9.398  -38.352  -37.814    0.832
    15  -35.146  -35.146  -22.271  -34.874    9.398  -38.352  -37.814    0.832
    16  -31.432  -31.432  -22.653  -36.249   10.758  -34.270  -33.694    0.797
    17  -31.081  -31.081  -22.911  -36.379   10.472  -34.077  -33.584    0.835
    18  -31.081  -31.081  -22.911  -36.379   10.472  -34.077  -33.584    0.835
    19  -11.696  -11.696  -13.535  -25.039    7.849  -15.351  -14.523    0.774
    20  -10.974  -10.974  -14.886  -26.530    7.663  -14.956  -14.052    0.773
    21  -10.111  -10.111  -14.349  -25.437    7.353  -13.845  -13.050    0.787
    22   -9.952   -9.952  -14.867  -25.961    7.289  -13.758  -12.948    0.787
    23   -3.286   -3.286  -12.567  -20.585    4.638   -6.666   -6.025    0.810
    24   -2.069   -2.069  -12.896  -20.831    4.403   -5.601   -4.952    0.816
    25    0.035    0.035  -14.794  -20.745    3.143   -2.772   -2.275    0.823
    26    0.035    0.035  -14.794  -20.745    3.143   -2.772   -2.275    0.823
    27    0.667    0.667  -12.299  -19.084    3.371   -2.747   -2.164    0.829
    28    1.200    1.200  -15.190  -20.488    2.504   -1.594   -1.113    0.828
    29    1.200    1.200  -15.190  -20.488    2.504   -1.594   -1.113    0.828
    30    1.581    1.581  -16.016  -21.883    2.961   -1.326   -0.812    0.823
    31    1.581    1.581  -16.016  -21.883    2.961   -1.326   -0.812    0.823
    32    1.675    1.675  -12.993  -19.492    3.082   -1.742   -1.175    0.834
    33    2.547    2.547  -16.733  -21.918    2.272   -0.366    0.133    0.829
    34    2.547    2.547  -16.733  -21.918    2.272   -0.366    0.133    0.829
    35    2.850    2.850  -14.844  -19.131    1.697    0.260    0.698    0.831
    36    3.445    3.445  -15.481  -19.544    1.530    0.912    1.341    0.831
    37    5.710    5.710  -14.990  -10.151   -5.293    5.256    5.334    0.828
    38    5.710    5.710  -14.990  -10.151   -5.293    5.256    5.334    0.828
    39    5.923    5.923  -14.986  -10.481   -5.075    5.353    5.453    0.825
    40    5.923    5.923  -14.986  -10.481   -5.075    5.353    5.453    0.825
    41    6.542    6.542  -16.068  -12.539   -4.658    5.413    5.607    0.829
    42    6.542    6.542  -16.068  -12.539   -4.658    5.413    5.607    0.829
    43    6.737    6.737  -16.197  -12.920   -4.549    5.464    5.685    0.827
    44    6.737    6.737  -16.197  -12.920   -4.549    5.464    5.685    0.827
    45    7.867    7.867   -9.640   -5.381   -5.419    6.706    6.887    0.844
    46    8.231    8.231   -3.375   -1.670   -4.046    5.890    6.182    0.875
    47    8.483    8.483   -4.031   -1.964   -4.258    6.292    6.576    0.871
    48    9.357    9.357   -3.684   -2.044   -4.181    6.816    7.142    0.872
    49    9.859    9.859   -9.187   -5.457   -5.175    8.413    8.630    0.850
    50   10.690   10.690   -2.964   -1.412   -4.112    8.130    8.449    0.875

================================================================================
 19:42:49   Dealing with k = -0.000000  0.333333  0.000000                 2 / 4
================================================================================

 Reading vxc.dat
 Number of q-points in the irreducible BZ(k) (nrq): 6

 Started calculating Sigma with 36 block(s) at 19:42:49.
 [ 19:42:49 |   0% ] block  1 / 36.
 [ 19:42:49 |   6% ] block  3 / 36, remaining: 3 s.
 [ 19:42:49 |   8% ] block  4 / 36, remaining: 3 s.
 [ 19:42:50 |  19% ] block  8 / 36, remaining: 3 s.
 [ 19:42:50 |  28% ] block 11 / 36, remaining: 2 s.
 [ 19:42:50 |  39% ] block 15 / 36, remaining: 2 s.
 [ 19:42:51 |  50% ] block 19 / 36, remaining: 1 s.
 [ 19:42:51 |  58% ] block 22 / 36, remaining: 1 s.
 [ 19:42:51 |  69% ] block 26 / 36, remaining: 1 s.
 [ 19:42:51 |  78% ] block 29 / 36, remaining: 1 s.
 [ 19:42:52 |  89% ] block 33 / 36, remaining: 0 s.
 Finished calculating Sigma at 19:42:52.
 Elapsed time: 3 s.

 Unsymmetrized values for ik =   2 spin = 1

     n      Emf       Eo      Vxc        X     SX-X       CH      Cor      Sig
     1  -71.072  -71.072  -24.829  -44.448   25.695  -12.242   13.453  -30.994
     2  -57.141  -57.141  -24.329  -43.217   28.269  -13.135   15.134  -28.083
     3  -44.058  -44.058  -33.012  -41.280   18.827  -10.583    8.244  -33.035
     4  -44.057  -44.057  -33.013  -41.279   18.899  -10.604    8.295  -32.984
     5  -44.054  -44.054  -33.020  -41.279   18.815  -10.583    8.232  -33.047
     6  -44.053  -44.053  -33.020  -41.278   18.897  -10.606    8.292  -32.986
     7  -44.006  -44.006  -33.022  -41.304   18.711  -10.510    8.201  -33.103
     8  -44.005  -44.005  -33.023  -41.303   18.726  -10.511    8.215  -33.088
     9  -44.004  -44.004  -33.022  -41.303   18.777  -10.528    8.249  -33.054
    10  -44.004  -44.004  -33.025  -41.302   18.781  -10.528    8.253  -33.049
    11  -43.984  -43.984  -33.023  -41.292   18.697  -10.487    8.210  -33.082
    12  -43.982  -43.982  -33.026  -41.291   18.728  -10.498    8.229  -33.062
    13  -35.358  -35.358  -22.083  -34.932   22.963  -13.203    9.760  -25.171
    14  -35.285  -35.285  -22.142  -34.889   22.416  -12.830    9.586  -25.302
    15  -35.196  -35.196  -22.229  -34.879   22.317  -12.825    9.492  -25.386
    16  -31.379  -31.379  -22.718  -36.267   24.259  -13.568   10.691  -25.576
    17  -31.318  -31.318  -22.674  -36.377   24.339  -13.468   10.872  -25.505
    18  -31.135  -31.135  -22.862  -36.378   24.124  -13.563   10.561  -25.817
    19  -10.326  -10.326  -14.045  -24.964   17.643  -10.290    7.353  -17.610
    20   -9.643   -9.643  -15.032  -26.020   17.140   -9.941    7.200  -18.821
    21   -9.555   -9.555  -14.767  -25.616   17.344  -10.164    7.180  -18.436
    22   -9.227   -9.227  -15.824  -26.831   16.863   -9.782    7.081  -19.750
    23   -2.739   -2.739  -13.089  -20.641   14.456  -10.173    4.283  -16.358
    24   -1.670   -1.670  -13.161  -20.662   13.966   -9.884    4.082  -16.580
    25   -1.457   -1.457  -13.198  -20.227   13.916  -10.138    3.778  -16.448
    26   -1.409   -1.409  -13.431  -20.749   14.032  -10.078    3.954  -16.795
    27   -0.724   -0.724  -13.737  -20.981   13.779  -10.076    3.704  -17.277
    28   -0.404   -0.404  -13.608  -20.856   13.555   -9.831    3.723  -17.133
    29   -0.168   -0.168  -14.669  -20.791   13.861  -10.693    3.168  -17.623
    30    1.023    1.023  -13.234  -19.605   13.154   -9.996    3.159  -16.447
    31    1.133    1.133  -15.540  -21.736   14.387  -11.350    3.037  -18.699
    32    1.188    1.188  -14.513  -20.409   13.702  -10.790    2.912  -17.497
    33    1.657    1.657  -13.951  -20.070   12.815   -9.957    2.858  -17.213
    34    1.928    1.928  -14.320  -19.330   12.483  -10.257    2.226  -17.104
    35    2.463    2.463  -15.244  -20.098   13.680  -11.546    2.134  -17.963
    36    2.710    2.710  -15.326  -21.331   13.443  -10.739    2.705  -18.627
    37    5.304    5.304  -15.506  -11.179    6.198  -11.175   -4.977  -16.157
    38    5.441    5.441  -16.086  -11.030    5.450  -10.805   -5.355  -16.385
    39    5.690    5.690  -15.628  -10.932    5.524  -10.749   -5.226  -16.157
    40    5.715    5.715  -17.296  -13.115    6.270  -11.122   -4.852  -17.967
    41    6.400    6.400  -14.984  -10.090    4.827  -10.293   -5.466  -15.556
    42    6.825    6.825  -15.734  -10.873    5.247  -10.705   -5.458  -16.330
    43    7.280    7.280  -15.833  -10.485    5.003  -10.663   -5.660  -16.145
    44    7.513    7.513  -16.917  -12.482    5.675  -10.868   -5.192  -17.675
    45    9.459    9.459  -11.161   -6.100    2.766   -8.603   -5.837  -11.937
    46   10.084   10.084   -5.550   -2.629    1.182   -5.850   -4.668   -7.297
    47   10.139   10.139   -5.607   -2.732    1.222   -5.911   -4.689   -7.421
    48   10.748   10.748  -11.298   -6.223    2.656   -8.507   -5.851  -12.074
    49   10.919   10.919  -10.250   -5.520    2.346   -8.012   -5.666  -11.185
    50   11.199   11.199   -5.396   -2.826    1.269   -5.936   -4.667   -7.493

 Symmetrized values from band-averaging:

       k = -0.000000  0.333333  0.000000 ik =   2 spin = 1

     n      Emf       Eo      Vxc        X      Cor     Eqp0     Eqp1      Znk
     1  -71.072  -71.072  -24.829  -44.448   13.453  -77.238  -76.987    0.959
     2  -57.141  -57.141  -24.329  -43.217   15.134  -60.894  -59.661    0.671
     3  -44.058  -44.058  -33.012  -41.280    8.244  -44.082  -44.077    0.814
     4  -44.057  -44.057  -33.013  -41.279    8.295  -44.028  -44.033    0.817
     5  -44.054  -44.054  -33.020  -41.279    8.232  -44.081  -44.076    0.818
     6  -44.053  -44.053  -33.020  -41.278    8.292  -44.019  -44.026    0.816
     7  -44.006  -44.006  -33.022  -41.304    8.201  -44.087  -44.072    0.817
     8  -44.005  -44.005  -33.023  -41.303    8.215  -44.070  -44.058    0.816
     9  -44.004  -44.004  -33.022  -41.303    8.249  -44.036  -44.030    0.818
    10  -44.004  -44.004  -33.025  -41.302    8.253  -44.028  -44.023    0.812
    11  -43.984  -43.984  -33.023  -41.292    8.210  -44.043  -44.032    0.813
    12  -43.982  -43.982  -33.026  -41.291    8.229  -44.018  -44.011    0.812
    13  -35.358  -35.358  -22.083  -34.932    9.760  -38.446  -38.032    0.866
    14  -35.285  -35.285  -22.142  -34.889    9.586  -38.445  -38.119    0.897
    15  -35.196  -35.196  -22.229  -34.879    9.492  -38.353  -37.870    0.847
    16  -31.379  -31.379  -22.718  -36.267   10.691  -34.238  -33.798    0.846
    17  -31.318  -31.318  -22.674  -36.377   10.872  -34.149  -33.829    0.887
    18  -31.135  -31.135  -22.862  -36.378   10.561  -34.091  -33.601    0.834
    19  -10.326  -10.326  -14.045  -24.964    7.353  -13.892  -13.117    0.783
    20   -9.643   -9.643  -15.032  -26.020    7.200  -13.431  -12.613    0.784
    21   -9.555   -9.555  -14.767  -25.616    7.180  -13.223  -12.435    0.785
    22   -9.227   -9.227  -15.824  -26.831    7.081  -13.153  -12.320    0.788
    23   -2.739   -2.739  -13.089  -20.641    4.283   -6.008   -5.402    0.814
    24   -1.670   -1.670  -13.161  -20.662    4.082   -5.089   -4.468    0.818
    25   -1.457   -1.457  -13.198  -20.227    3.778   -4.707   -4.128    0.822
    26   -1.409   -1.409  -13.431  -20.749    3.954   -4.772   -4.165    0.819
    27   -0.724   -0.724  -13.737  -20.981    3.704   -4.264   -3.642    0.824
    28   -0.404   -0.404  -13.608  -20.856    3.723   -3.929   -3.311    0.825
    29   -0.168   -0.168  -14.669  -20.791    3.168   -3.122   -2.602    0.824
    30    1.023    1.023  -13.234  -19.605    3.159   -2.190   -1.637    0.828
    31    1.133    1.133  -15.540  -21.736    3.037   -2.026   -1.476    0.826
    32    1.188    1.188  -14.513  -20.409    2.912   -1.796   -1.279    0.827
    33    1.657    1.657  -13.951  -20.070    2.858   -1.605   -1.057    0.832
    34    1.928    1.928  -14.320  -19.330    2.226   -0.856   -0.383    0.830
    35    2.463    2.463  -15.244  -20.098    2.134   -0.257    0.214    0.827
    36    2.710    2.710  -15.326  -21.331    2.705   -0.591   -0.031    0.831
    37    5.304    5.304  -15.506  -11.179   -4.977    4.652    4.765    0.827
    38    5.441    5.441  -16.086  -11.030   -5.355    5.142    5.194    0.826
    39    5.690    5.690  -15.628  -10.932   -5.226    5.160    5.252    0.827
    40    5.715    5.715  -17.296  -13.115   -4.852    5.044    5.162    0.823
    41    6.400    6.400  -14.984  -10.090   -5.466    5.828    5.924    0.831
    42    6.825    6.825  -15.734  -10.873   -5.458    6.228    6.330    0.828
    43    7.280    7.280  -15.833  -10.485   -5.660    6.967    7.022    0.826
    44    7.513    7.513  -16.917  -12.482   -5.192    6.756    6.888    0.826
    45    9.459    9.459  -11.161   -6.100   -5.837    8.682    8.808    0.838
    46   10.084   10.084   -5.550   -2.629   -4.668    8.337    8.576    0.863
    47   10.139   10.139   -5.607   -2.732   -4.689    8.325    8.573    0.863
    48   10.748   10.748  -11.298   -6.223   -5.851    9.971   10.097    0.838
    49   10.919   10.919  -10.250   -5.520   -5.666    9.983   10.131    0.843
    50   11.199   11.199   -5.396   -2.826   -4.667    9.103    9.389    0.864

================================================================================
 19:42:52   Dealing with k = -0.000000  0.666667  0.000000                 3 / 4
================================================================================

 Reading vxc.dat
 Number of q-points in the irreducible BZ(k) (nrq): 6

 Started calculating Sigma with 36 block(s) at 19:42:52.
 [ 19:42:52 |   0% ] block  1 / 36.
 [ 19:42:52 |   6% ] block  3 / 36, remaining: 3 s.
 [ 19:42:52 |   8% ] block  4 / 36, remaining: 3 s.
 [ 19:42:53 |  19% ] block  8 / 36, remaining: 3 s.
 [ 19:42:53 |  28% ] block 11 / 36, remaining: 2 s.
 [ 19:42:53 |  39% ] block 15 / 36, remaining: 2 s.
 [ 19:42:53 |  50% ] block 19 / 36, remaining: 1 s.
 [ 19:42:54 |  58% ] block 22 / 36, remaining: 1 s.
 [ 19:42:54 |  69% ] block 26 / 36, remaining: 1 s.
 [ 19:42:54 |  78% ] block 29 / 36, remaining: 1 s.
 [ 19:42:55 |  89% ] block 33 / 36, remaining: 0 s.
 Finished calculating Sigma at 19:42:55.
 Elapsed time: 3 s.

 Unsymmetrized values for ik =   3 spin = 1

     n      Emf       Eo      Vxc        X     SX-X       CH      Cor      Sig
     1  -71.072  -71.072  -24.829  -44.448   25.695  -12.242   13.453  -30.994
     2  -57.141  -57.141  -24.329  -43.217   28.269  -13.135   15.134  -28.083
     3  -44.058  -44.058  -33.012  -41.280   18.827  -10.583    8.244  -33.035
     4  -44.057  -44.057  -33.013  -41.279   18.899  -10.604    8.295  -32.984
     5  -44.054  -44.054  -33.020  -41.279   18.815  -10.583    8.232  -33.047
     6  -44.053  -44.053  -33.020  -41.278   18.897  -10.606    8.292  -32.986
     7  -44.006  -44.006  -33.022  -41.304   18.711  -10.510    8.201  -33.103
     8  -44.005  -44.005  -33.023  -41.303   18.726  -10.511    8.215  -33.088
     9  -44.004  -44.004  -33.022  -41.303   18.777  -10.528    8.249  -33.054
    10  -44.004  -44.004  -33.025  -41.302   18.781  -10.528    8.253  -33.049
    11  -43.984  -43.984  -33.023  -41.292   18.697  -10.487    8.210  -33.082
    12  -43.982  -43.982  -33.026  -41.291   18.728  -10.498    8.229  -33.062
    13  -35.358  -35.358  -22.083  -34.932   22.963  -13.203    9.761  -25.171
    14  -35.285  -35.285  -22.142  -34.889   22.416  -12.830    9.586  -25.302
    15  -35.196  -35.196  -22.229  -34.879   22.317  -12.825    9.492  -25.386
    16  -31.379  -31.379  -22.718  -36.267   24.259  -13.568   10.691  -25.576
    17  -31.318  -31.318  -22.674  -36.377   24.339  -13.468   10.872  -25.505
    18  -31.135  -31.135  -22.862  -36.378   24.124  -13.563   10.561  -25.817
    19  -10.326  -10.326  -14.045  -24.964   17.643  -10.290    7.353  -17.611
    20   -9.643   -9.643  -15.032  -26.020   17.140   -9.941    7.199  -18.821
    21   -9.555   -9.555  -14.767  -25.616   17.344  -10.164    7.180  -18.436
    22   -9.227   -9.227  -15.824  -26.831   16.862   -9.782    7.080  -19.750
    23   -2.739   -2.739  -13.089  -20.641   14.456  -10.174    4.283  -16.358
    24   -1.670   -1.670  -13.161  -20.662   13.966   -9.884    4.082  -16.580
    25   -1.457   -1.457  -13.198  -20.227   13.916  -10.138    3.778  -16.448
    26   -1.409   -1.409  -13.431  -20.749   14.032  -10.078    3.954  -16.795
    27   -0.724   -0.724  -13.737  -20.981   13.780  -10.076    3.704  -17.277
    28   -0.404   -0.404  -13.608  -20.856   13.555   -9.832    3.723  -17.133
    29   -0.168   -0.168  -14.669  -20.791   13.861  -10.693    3.168  -17.623
    30    1.023    1.023  -13.234  -19.605   13.154   -9.995    3.159  -16.447
    31    1.133    1.133  -15.540  -21.736   14.387  -11.350    3.037  -18.699
    32    1.188    1.188  -14.513  -20.409   13.703  -10.790    2.912  -17.497
    33    1.657    1.657  -13.951  -20.070   12.815   -9.957    2.858  -17.213
    34    1.928    1.928  -14.320  -19.330   12.482  -10.255    2.226  -17.104
    35    2.463    2.463  -15.244  -20.098   13.679  -11.544    2.134  -17.963
    36    2.710    2.710  -15.326  -21.331   13.443  -10.738    2.705  -18.627
    37    5.304    5.304  -15.506  -11.179    6.198  -11.176   -4.977  -16.157
    38    5.441    5.441  -16.086  -11.030    5.450  -10.805   -5.355  -16.385
    39    5.690    5.690  -15.628  -10.932    5.523  -10.749   -5.226  -16.157
    40    5.715    5.715  -17.296  -13.115    6.270  -11.122   -4.852  -17.967
    41    6.400    6.400  -14.984  -10.090    4.827  -10.293   -5.466  -15.556
    42    6.825    6.825  -15.734  -10.873    5.246  -10.704   -5.458  -16.331
    43    7.280    7.280  -15.833  -10.485    5.003  -10.663   -5.660  -16.145
    44    7.513    7.513  -16.917  -12.482    5.676  -10.868   -5.192  -17.675
    45    9.459    9.459  -11.161   -6.100    2.765   -8.603   -5.837  -11.937
    46   10.084   10.084   -5.550   -2.629    1.181   -5.849   -4.668   -7.297
    47   10.139   10.139   -5.607   -2.732    1.223   -5.911   -4.689   -7.421
    48   10.748   10.748  -11.298   -6.223    2.652   -8.503   -5.851  -12.074
    49   10.919   10.919  -10.250   -5.520    2.347   -8.013   -5.666  -11.185
    50   11.199   11.199   -5.396   -2.826    1.270   -5.936   -4.667   -7.493

 Symmetrized values from band-averaging:

       k = -0.000000  0.666667  0.000000 ik =   3 spin = 1

     n      Emf       Eo      Vxc        X      Cor     Eqp0     Eqp1      Znk
     1  -71.072  -71.072  -24.829  -44.448   13.453  -77.238  -76.988    0.959
     2  -57.141  -57.141  -24.329  -43.217   15.134  -60.894  -59.661    0.671
     3  -44.058  -44.058  -33.012  -41.280    8.244  -44.082  -44.077    0.814
     4  -44.057  -44.057  -33.013  -41.279    8.295  -44.028  -44.033    0.817
     5  -44.054  -44.054  -33.020  -41.279    8.232  -44.081  -44.076    0.818
     6  -44.053  -44.053  -33.020  -41.278    8.292  -44.019  -44.026    0.816
     7  -44.006  -44.006  -33.022  -41.304    8.201  -44.087  -44.072    0.817
     8  -44.005  -44.005  -33.023  -41.303    8.215  -44.070  -44.058    0.816
     9  -44.004  -44.004  -33.022  -41.303    8.249  -44.036  -44.030    0.818
    10  -44.004  -44.004  -33.025  -41.302    8.253  -44.028  -44.023    0.812
    11  -43.984  -43.984  -33.023  -41.292    8.210  -44.043  -44.032    0.813
    12  -43.982  -43.982  -33.026  -41.291    8.229  -44.018  -44.011    0.812
    13  -35.358  -35.358  -22.083  -34.932    9.761  -38.446  -38.032    0.866
    14  -35.285  -35.285  -22.142  -34.889    9.586  -38.445  -38.120    0.897
    15  -35.196  -35.196  -22.229  -34.879    9.492  -38.353  -37.870    0.847
    16  -31.379  -31.379  -22.718  -36.267   10.691  -34.238  -33.798    0.846
    17  -31.318  -31.318  -22.674  -36.377   10.872  -34.149  -33.828    0.887
    18  -31.135  -31.135  -22.862  -36.378   10.561  -34.090  -33.601    0.834
    19  -10.326  -10.326  -14.045  -24.964    7.353  -13.892  -13.118    0.783
    20   -9.643   -9.643  -15.032  -26.020    7.199  -13.431  -12.613    0.784
    21   -9.555   -9.555  -14.767  -25.616    7.180  -13.224  -12.435    0.785
    22   -9.227   -9.227  -15.824  -26.831    7.080  -13.153  -12.320    0.788
    23   -2.739   -2.739  -13.089  -20.641    4.283   -6.008   -5.402    0.814
    24   -1.670   -1.670  -13.161  -20.662    4.082   -5.089   -4.468    0.818
    25   -1.457   -1.457  -13.198  -20.227    3.778   -4.707   -4.128    0.822
    26   -1.409   -1.409  -13.431  -20.749    3.954   -4.772   -4.165    0.819
    27   -0.724   -0.724  -13.737  -20.981    3.704   -4.264   -3.642    0.824
    28   -0.404   -0.404  -13.608  -20.856    3.723   -3.929   -3.311    0.825
    29   -0.168   -0.168  -14.669  -20.791    3.168   -3.122   -2.602    0.824
    30    1.023    1.023  -13.234  -19.605    3.159   -2.190   -1.637    0.828
    31    1.133    1.133  -15.540  -21.736    3.037   -2.026   -1.476    0.826
    32    1.188    1.188  -14.513  -20.409    2.912   -1.796   -1.279    0.827
    33    1.657    1.657  -13.951  -20.070    2.858   -1.605   -1.057    0.832
    34    1.928    1.928  -14.320  -19.330    2.226   -0.856   -0.383    0.830
    35    2.463    2.463  -15.244  -20.098    2.134   -0.257    0.214    0.827
    36    2.710    2.710  -15.326  -21.331    2.705   -0.591   -0.031    0.831
    37    5.304    5.304  -15.506  -11.179   -4.977    4.652    4.765    0.827
    38    5.441    5.441  -16.086  -11.030   -5.355    5.142    5.194    0.826
    39    5.690    5.690  -15.628  -10.932   -5.226    5.160    5.252    0.827
    40    5.715    5.715  -17.296  -13.115   -4.852    5.044    5.162    0.823
    41    6.400    6.400  -14.984  -10.090   -5.466    5.828    5.924    0.831
    42    6.825    6.825  -15.734  -10.873   -5.458    6.228    6.330    0.828
    43    7.280    7.280  -15.833  -10.485   -5.660    6.967    7.022    0.826
    44    7.513    7.513  -16.917  -12.482   -5.192    6.756    6.888    0.826
    45    9.459    9.459  -11.161   -6.100   -5.837    8.682    8.808    0.838
    46   10.084   10.084   -5.550   -2.629   -4.668    8.337    8.576    0.863
    47   10.139   10.139   -5.607   -2.732   -4.689    8.325    8.573    0.863
    48   10.748   10.748  -11.298   -6.223   -5.851    9.971   10.097    0.838
    49   10.919   10.919  -10.250   -5.520   -5.666    9.983   10.131    0.843
    50   11.199   11.199   -5.396   -2.826   -4.667    9.103    9.389    0.864

================================================================================
 19:42:55   Dealing with k =  0.333333  0.333333  0.000000                 4 / 4
================================================================================

 Reading vxc.dat
 Number of q-points in the irreducible BZ(k) (nrq): 5

 Started calculating Sigma with 30 block(s) at 19:42:55.
 [ 19:42:55 |   0% ] block  1 / 30.
 [ 19:42:55 |   7% ] block  3 / 30, remaining: 3 s.
 [ 19:42:55 |  17% ] block  6 / 30, remaining: 2 s.
 [ 19:42:56 |  27% ] block  9 / 30, remaining: 2 s.
 [ 19:42:56 |  37% ] block 12 / 30, remaining: 2 s.
 [ 19:42:56 |  47% ] block 15 / 30, remaining: 1 s.
 [ 19:42:56 |  57% ] block 18 / 30, remaining: 1 s.
 [ 19:42:57 |  67% ] block 21 / 30, remaining: 1 s.
 [ 19:42:57 |  77% ] block 24 / 30, remaining: 1 s.
 [ 19:42:57 |  87% ] block 27 / 30, remaining: 0 s.
 [ 19:42:57 |  97% ] block 30 / 30, remaining: 0 s.
 Finished calculating Sigma at 19:42:57.
 Elapsed time: 2 s.

 Unsymmetrized values for ik =   4 spin = 1

     n      Emf       Eo      Vxc        X     SX-X       CH      Cor      Sig
     1  -71.067  -71.067  -24.833  -44.445   25.706  -12.243   13.463  -30.982
     2  -57.130  -57.130  -24.339  -43.216   28.291  -13.139   15.152  -28.064
     3  -44.056  -44.056  -33.017  -41.280   18.832  -10.586    8.247  -33.033
     4  -44.055  -44.055  -33.019  -41.278   18.826  -10.583    8.243  -33.035
     5  -44.054  -44.054  -33.018  -41.279   18.887  -10.603    8.285  -32.994
     6  -44.054  -44.054  -33.018  -41.277   18.903  -10.606    8.297  -32.980
     7  -44.006  -44.006  -33.020  -41.304   18.724  -10.512    8.212  -33.092
     8  -44.006  -44.006  -33.021  -41.303   18.724  -10.513    8.211  -33.092
     9  -44.005  -44.005  -33.023  -41.303   18.771  -10.526    8.244  -33.059
    10  -44.004  -44.004  -33.024  -41.303   18.769  -10.526    8.243  -33.060
    11  -43.984  -43.984  -33.025  -41.291   18.700  -10.488    8.213  -33.078
    12  -43.981  -43.981  -33.028  -41.291   18.727  -10.498    8.228  -33.062
    13  -35.357  -35.357  -22.086  -34.885   23.052  -13.206    9.846  -25.038
    14  -35.327  -35.327  -22.113  -34.949   22.895  -13.276    9.619  -25.330
    15  -35.265  -35.265  -22.162  -34.883   22.374  -12.873    9.501  -25.382
    16  -31.353  -31.353  -22.750  -36.274   24.210  -13.586   10.624  -25.651
    17  -31.317  -31.317  -22.677  -36.338   24.354  -13.471   10.884  -25.454
    18  -31.281  -31.281  -22.717  -36.405   24.350  -13.484   10.866  -25.539
    19   -9.448   -9.448  -14.495  -25.030   17.612  -10.563    7.049  -17.981
    20   -9.250   -9.250  -14.425  -25.003   17.723  -10.606    7.117  -17.886
    21   -8.702   -8.702  -16.312  -27.120   16.809   -9.908    6.901  -20.219
    22   -8.680   -8.680  -16.322  -27.106   16.800   -9.939    6.862  -20.244
    23   -2.671   -2.671  -13.372  -20.726   14.757  -10.636    4.121  -16.605
    24   -2.332   -2.332  -12.967  -20.574   14.371  -10.122    4.249  -16.325
    25   -1.744   -1.744  -13.693  -21.387   14.059   -9.886    4.173  -17.214
    26   -1.454   -1.454  -12.396  -19.256   13.257   -9.658    3.599  -15.657
    27   -1.250   -1.250  -13.340  -21.050   13.880   -9.743    4.137  -16.913
    28   -0.977   -0.977  -13.520  -20.568   13.849  -10.049    3.800  -16.768
    29   -0.612   -0.612  -12.838  -19.904   13.121   -9.549    3.572  -16.333
    30   -0.243   -0.243  -12.854  -19.555   13.321   -9.864    3.457  -16.097
    31    0.107    0.107  -14.475  -21.629   13.852  -10.188    3.663  -17.966
    32    0.328    0.328  -13.151  -20.274   12.934   -9.448    3.486  -16.788
    33    0.678    0.678  -14.019  -20.234   13.560  -10.411    3.148  -17.086
    34    1.171    1.171  -15.033  -21.718   14.025  -10.785    3.240  -18.478
    35    2.985    2.985  -15.132  -19.212   12.760  -11.140    1.619  -17.593
    36    3.602    3.602  -16.185  -20.572   13.346  -11.582    1.764  -18.807
    37    4.575    4.575  -16.003  -10.964    4.700  -10.052   -5.352  -16.316
    38    5.279    5.279  -17.610  -12.809    7.296  -12.570   -5.274  -18.083
    39    5.907    5.907  -15.454  -11.123    5.843  -10.822   -4.979  -16.102
    40    6.286    6.286  -14.648   -9.793    4.854  -10.197   -5.343  -15.136
    41    6.865    6.865  -17.070  -12.313    6.439  -11.767   -5.327  -17.641
    42    6.964    6.964  -16.300  -10.802    4.407  -10.168   -5.761  -16.564
    43    8.145    8.145  -17.734  -12.552    5.037  -10.822   -5.785  -18.337
    44    8.245    8.245  -16.605  -10.321    4.607  -11.000   -6.393  -16.714
    45    9.279    9.279  -10.900   -5.884    2.577   -8.353   -5.776  -11.661
    46    9.970    9.970  -12.356   -7.060    3.465   -9.372   -5.907  -12.967
    47   10.348   10.348  -12.442   -7.149    3.257   -9.103   -5.847  -12.995
    48   10.458   10.458  -10.723   -5.538    2.387   -8.232   -5.845  -11.383
    49   11.917   11.917   -8.419   -3.791    1.728   -7.414   -5.686   -9.477
    50   13.167   13.167  -10.389   -5.112    2.237   -8.266   -6.029  -11.142

 Symmetrized values from band-averaging:

       k =  0.333333  0.333333  0.000000 ik =   4 spin = 1

     n      Emf       Eo      Vxc        X      Cor     Eqp0     Eqp1      Znk
     1  -71.067  -71.067  -24.833  -44.445   13.463  -77.217  -77.043    0.972
     2  -57.130  -57.130  -24.339  -43.216   15.152  -60.854  -59.620    0.669
     3  -44.056  -44.056  -33.017  -41.280    8.247  -44.072  -44.069    0.815
     4  -44.055  -44.055  -33.019  -41.278    8.243  -44.071  -44.068    0.814
     5  -44.054  -44.054  -33.018  -41.279    8.285  -44.030  -44.034    0.815
     6  -44.054  -44.054  -33.018  -41.277    8.297  -44.016  -44.023    0.817
     7  -44.006  -44.006  -33.020  -41.304    8.212  -44.078  -44.065    0.821
     8  -44.006  -44.006  -33.021  -41.303    8.211  -44.076  -44.063    0.815
     9  -44.005  -44.005  -33.023  -41.303    8.244  -44.041  -44.034    0.817
    10  -44.004  -44.004  -33.024  -41.303    8.243  -44.040  -44.033    0.819
    11  -43.984  -43.984  -33.025  -41.291    8.213  -44.037  -44.027    0.812
    12  -43.981  -43.981  -33.028  -41.291    8.228  -44.016  -44.009    0.814
    13  -35.357  -35.357  -22.086  -34.885    9.846  -38.309  -37.817    0.833
    14  -35.327  -35.327  -22.113  -34.949    9.619  -38.544  -38.106    0.864
    15  -35.265  -35.265  -22.162  -34.883    9.501  -38.485  -38.244    0.925
    16  -31.353  -31.353  -22.750  -36.274   10.624  -34.254  -33.753    0.827
    17  -31.317  -31.317  -22.677  -36.338   10.884  -34.094  -33.613    0.827
    18  -31.281  -31.281  -22.717  -36.405   10.866  -34.103  -33.871    0.918
    19   -9.448   -9.448  -14.495  -25.030    7.049  -12.934  -12.204    0.791
    20   -9.250   -9.250  -14.425  -25.003    7.117  -12.712  -11.982    0.789
    21   -8.702   -8.702  -16.312  -27.120    6.901  -12.609  -11.788    0.790
    22   -8.680   -8.680  -16.322  -27.106    6.862  -12.603  -11.803    0.796
    23   -2.671   -2.671  -13.372  -20.726    4.121   -5.903   -5.309    0.816
    24   -2.332   -2.332  -12.967  -20.574    4.249   -5.690   -5.074    0.817
    25   -1.744   -1.744  -13.693  -21.387    4.173   -5.264   -4.624    0.818
    26   -1.454   -1.454  -12.396  -19.256    3.599   -4.715   -4.138    0.823
    27   -1.250   -1.250  -13.340  -21.050    4.137   -4.823   -4.183    0.821
    28   -0.977   -0.977  -13.520  -20.568    3.800   -4.225   -3.644    0.821
    29   -0.612   -0.612  -12.838  -19.904    3.572   -4.107   -3.497    0.826
    30   -0.243   -0.243  -12.854  -19.555    3.457   -3.486   -2.923    0.826
    31    0.107    0.107  -14.475  -21.629    3.663   -3.384   -2.775    0.826
    32    0.328    0.328  -13.151  -20.274    3.486   -3.309   -2.692    0.831
    33    0.678    0.678  -14.019  -20.234    3.148   -2.389   -1.854    0.826
    34    1.171    1.171  -15.033  -21.718    3.240   -2.273   -1.685    0.829
    35    2.985    2.985  -15.132  -19.212    1.619    0.524    0.943    0.830
    36    3.602    3.602  -16.185  -20.572    1.764    0.980    1.435    0.827
    37    4.575    4.575  -16.003  -10.964   -5.352    4.263    4.317    0.826
    38    5.279    5.279  -17.610  -12.809   -5.274    4.806    4.891    0.820
    39    5.907    5.907  -15.454  -11.123   -4.979    5.259    5.369    0.830
    40    6.286    6.286  -14.648   -9.793   -5.343    5.798    5.880    0.830
    41    6.865    6.865  -17.070  -12.313   -5.327    6.294    6.395    0.824
    42    6.964    6.964  -16.300  -10.802   -5.761    6.700    6.746    0.825
    43    8.145    8.145  -17.734  -12.552   -5.785    7.542    7.648    0.824
    44    8.245    8.245  -16.605  -10.321   -6.393    8.136    8.155    0.824
    45    9.279    9.279  -10.900   -5.884   -5.776    8.519    8.642    0.838
    46    9.970    9.970  -12.356   -7.060   -5.907    9.359    9.460    0.835
    47   10.348   10.348  -12.442   -7.149   -5.847    9.794    9.886    0.835
    48   10.458   10.458  -10.723   -5.538   -5.845    9.798    9.903    0.841
    49   11.917   11.917   -8.419   -3.791   -5.686   10.859   11.022    0.846
    50   13.167   13.167  -10.389   -5.112   -6.029   12.415   12.533    0.843

================================================================================

    n = band index.
  Emf = "inner" mean-field energy eigenvalue used to construct Sigma(E),
        read from WFN_inner.
   Eo = "outer" mean-field energy eigenvalue where we center the evaluation
        frequency grid {E} of Sigma(E). Defaults to Emf, unless
        you use WFN_outer and eqp_outer.dat / scissors_outer.
  Vxc = exchange-correlation pot., calculated from VXC or read from vxc.dat.
  KIH = Kinetic energy + Ionic potential + Hartree, read from kih.dat.
    X = bare exchange.
   SX = screened exchange contrib. to Sigma(E) at energy E=Eo
   CH = Coulomb hole contrib. to Sigma(E) at energy E=Eo
  Cor = SX-X + CH = correlation portion of Sigma(E) at energy E=Eo.
  Sig = X + Cor = self energy, Sigma(E), at energy E=Eo.
 Eqp0 = on-shell QP energy = Emf - Vxc + Sig(Eo)
        Eqp0 is *not* the recommended quantity to use for QP properties.
 Eqp1 = off-shell solution to the linearized  Dyson`s equation
      = Eqp0 + (dSig/dE) / (1 - dSig/dE) * (Eqp0 - Eo),
        or a full linear interpolation if more freq. points where computed.
        Eqp1 is the recommended quantity to use for QP properties.
  Znk = quasiparticle renormalization factor

 Notes on the static remainder:
 - Unprimed values, such as Eqp0, are evaluated WITH the static remainder
 - Primed values, such as Eqp0`, are evaluated WITHOUT the static remainder

 Notes on the finite_difference_form from sigma.inp file:
   none    : -2 => dSig/dE = 0 (skip the expansion)
   backward: -1 => dSig/dE = (Sig(Eo) - Sig(Eo-dE)) / dE
   central :  0 => dSig/dE = (Sig(Eo+dE) - Sig(Eo-dE)) / (2*dE)
   forward :  1 => dSig/dE = (Sig(Eo+dE) - Sig(Eo)) / dE
   default :  2 => forward for diagonal and none for off-diagonal
   dE is finite_difference_spacing from Sigma.inp file.
   We are using the form #2 with dE = 1.000 eV.

 General notes:
 - All energies are reported here in eV.
 - Both Emf and Vxc contain the average pot. Vxc0, so Vxc0 doesn`t affect Sigma.
 - Eqp1 and Eqp0 are Eqs. (36-37) from Hybertsen & Louie PRB 34 5390.
 - We recommend you use Eqp1 for QP properties of materials.

================================================================================


WARNING: |Eqp0 - Eo| > finite_difference_spacing. Linear extrapolation for eqp1
may be inaccurate. You should test the validity of eqp1 by rerunning the
calculation with the self energy evaluated at the eqp0 energies. For that,
use the eqp_outer.dat file, created with eqp.py script and point WFN_outer to
WFN_inner, if you were not already using WFN_outer.


********************************************************************************
*                                                                              *
* Your calculation employed methods and algorithms published in peer-reviewed  *
* papers. Please, cite the following references to give proper credit to their *
*          authors and help support future development of BerkeleyGW.          *
*                                                                              *
********************************************************************************

 J. Deslippe, G. Samsonidze, D. A. Strubbe, M. Jain, M. L. Cohen, and S. G.
 Louie, BerkeleyGW: A Massively Parallel Computer Package for the Calculation
 of the Quasiparticle and Optical Properties of Materials and Nanostructures,
 Computer Physics Communications 183, 1269 (2012).

 M. S. Hybertsen and S. G. Louie, Electron Correlation in Semiconductors and
 Insulators: Band Gaps and Quasiparticle Energies, Phys. Rev. B 34, 5390
 (1986).

 S. Ismail-Beigi, Truncation of Periodic Image Interactions for Confined
 Systems, Phys. Rev. B 73, 233103 (2006).

********************************************************************************

 
 Timing information
 
                                CPU time (s)          WALL time (s)       Number
 Routine                       min        max        min        max     of calls
 -------------------------  ---------  ---------  ---------  ---------  --------
 - Input I/O                     0.01       0.17       0.00       0.17       407
 - Input Comm                    0.31       0.59       0.29       0.59       407
 - FFT Zero                      0.10       0.92       0.05       0.45       552
 - FFT Put                       0.04       0.34       0.02       0.17       552
 - FFT Plan                      0.08       0.66       0.06       0.31       954
 - FFT Exec                      2.11      11.32       1.07       5.69       954
 - FFT Mltply                    0.01       0.90       0.01       0.48       402
 - FFT Conjg                     0.04       0.27       0.03       0.11       150
 - FFT Get                       0.00       0.26      -0.00       0.13       402
 - INPUT                         0.62       0.75       0.72       0.75         1
 - EPSCOPY                       0.19       0.24       0.24       0.24         1
 - FULLBZ                        0.00       0.00       0.00       0.02         2
 - VXC                           0.00       0.01       0.01       0.06         8
 - SUBGRP                        0.89       1.03       0.45       0.51        28
 - IRRBZ                         0.00       0.00      -0.00       0.00         4
 - GMAP                          0.03       0.03       0.02       0.03        21
 - GENWF                         0.20       0.23       0.20       0.25        21
 - MTXEL                         1.65      12.68       0.82       6.35       126
 - MTXEL_COR TOT                 0.00      12.26      -0.00       8.25       126
 - VCOUL                         1.09       4.08       1.09       4.08        21
 - EPSREAD                       0.03       0.04       0.03       0.05        21
 - INPUT_OUTER                   0.00       0.00      -0.00       0.00         1
 - MTXEL COMM                    0.00       0.00      -0.00       0.00        21
 - BARE X                        0.00       0.06      -0.00       0.04       130
 - WF COMM                       0.06       0.33       0.09       0.33         4
 - INPUT (READ)                  0.45       0.57       0.45       0.57       405
 - INPUT (WRITE)                 0.00       0.00      -0.00       0.01       400
 - SUB-TRANSF TOT                0.00       0.00      -0.00       0.00       126
 - M.COR INIT                    0.00       0.02      -0.00       0.01       126
 - M.COR EPSINIT                 0.00       0.70       0.00       0.23       126
 - M.COR COMM                    0.00       7.94       0.00       6.16      4410
 - M.COR PP PREP                 0.00       0.25       0.00       0.15      2568
 - M.COR SX+CH                   0.00       3.81       0.00       1.92     12474
 - M.COR REMAIN                  0.00       0.37       0.00       0.19     12474
 - READ NEPS                     0.00       0.01       0.00       0.01         1
 - EPSCOPY IO                    0.19       0.23       0.23       0.24         4
 - TOTAL                        17.22      22.08      12.38      12.38         1
 
 Job Done
 
