K_POINTS crystal
  409
  0.000000000  0.000000000  0.000000000   1.0
  0.000000000  0.020833333  0.000000000   3.0
  0.000000000  0.041666667  0.000000000   3.0
  0.000000000  0.062500000  0.000000000   3.0
  0.000000000  0.083333333  0.000000000   3.0
  0.000000000  0.104166667  0.000000000   3.0
  0.000000000  0.125000000  0.000000000   3.0
  0.000000000  0.145833333  0.000000000   3.0
  0.000000000  0.166666667  0.000000000   3.0
  0.000000000  0.187500000  0.000000000   3.0
  0.000000000  0.208333333  0.000000000   3.0
  0.000000000  0.229166667  0.000000000   3.0
  0.000000000  0.250000000  0.000000000   3.0
  0.000000000  0.270833333  0.000000000   3.0
  0.000000000  0.291666667  0.000000000   3.0
  0.000000000  0.312500000  0.000000000   3.0
  0.000000000  0.333333333  0.000000000   3.0
  0.000000000  0.354166667  0.000000000   3.0
  0.000000000  0.375000000  0.000000000   3.0
  0.000000000  0.395833333  0.000000000   3.0
  0.000000000  0.416666667  0.000000000   3.0
  0.000000000  0.437500000  0.000000000   3.0
  0.000000000  0.458333333  0.000000000   3.0
  0.000000000  0.479166667  0.000000000   3.0
  0.000000000  0.500000000  0.000000000   3.0
  0.000000000  0.520833333  0.000000000   3.0
  0.000000000  0.541666667  0.000000000   3.0
  0.000000000  0.562500000  0.000000000   3.0
  0.000000000  0.583333333  0.000000000   3.0
  0.000000000  0.604166667  0.000000000   3.0
  0.000000000  0.625000000  0.000000000   3.0
  0.000000000  0.645833333  0.000000000   3.0
  0.000000000  0.666666667  0.000000000   3.0
  0.000000000  0.687500000  0.000000000   3.0
  0.000000000  0.708333333  0.000000000   3.0
  0.000000000  0.729166667  0.000000000   3.0
  0.000000000  0.750000000  0.000000000   3.0
  0.000000000  0.770833333  0.000000000   3.0
  0.000000000  0.791666667  0.000000000   3.0
  0.000000000  0.812500000  0.000000000   3.0
  0.000000000  0.833333333  0.000000000   3.0
  0.000000000  0.854166667  0.000000000   3.0
  0.000000000  0.875000000  0.000000000   3.0
  0.000000000  0.895833333  0.000000000   3.0
  0.000000000  0.916666667  0.000000000   3.0
  0.000000000  0.937500000  0.000000000   3.0
  0.000000000  0.958333333  0.000000000   3.0
  0.000000000  0.979166667  0.000000000   3.0
  0.020833333  0.020833333  0.000000000   6.0
  0.020833333  0.041666667  0.000000000   6.0
  0.020833333  0.062500000  0.000000000   6.0
  0.020833333  0.083333333  0.000000000   6.0
  0.020833333  0.104166667  0.000000000   6.0
  0.020833333  0.125000000  0.000000000   6.0
  0.020833333  0.145833333  0.000000000   6.0
  0.020833333  0.166666667  0.000000000   6.0
  0.020833333  0.187500000  0.000000000   6.0
  0.020833333  0.208333333  0.000000000   6.0
  0.020833333  0.229166667  0.000000000   6.0
  0.020833333  0.250000000  0.000000000   6.0
  0.020833333  0.270833333  0.000000000   6.0
  0.020833333  0.291666667  0.000000000   6.0
  0.020833333  0.312500000  0.000000000   6.0
  0.020833333  0.333333333  0.000000000   6.0
  0.020833333  0.354166667  0.000000000   6.0
  0.020833333  0.375000000  0.000000000   6.0
  0.020833333  0.395833333  0.000000000   6.0
  0.020833333  0.416666667  0.000000000   6.0
  0.020833333  0.437500000  0.000000000   6.0
  0.020833333  0.458333333  0.000000000   6.0
  0.020833333  0.479166667  0.000000000   6.0
  0.020833333  0.500000000  0.000000000   6.0
  0.020833333  0.520833333  0.000000000   6.0
  0.020833333  0.541666667  0.000000000   6.0
  0.020833333  0.562500000  0.000000000   6.0
  0.020833333  0.583333333  0.000000000   6.0
  0.020833333  0.604166667  0.000000000   6.0
  0.020833333  0.625000000  0.000000000   6.0
  0.020833333  0.645833333  0.000000000   6.0
  0.020833333  0.666666667  0.000000000   6.0
  0.020833333  0.687500000  0.000000000   6.0
  0.020833333  0.708333333  0.000000000   6.0
  0.020833333  0.729166667  0.000000000   6.0
  0.020833333  0.750000000  0.000000000   6.0
  0.020833333  0.770833333  0.000000000   6.0
  0.020833333  0.791666667  0.000000000   6.0
  0.020833333  0.812500000  0.000000000   6.0
  0.020833333  0.833333333  0.000000000   6.0
  0.020833333  0.854166667  0.000000000   6.0
  0.020833333  0.875000000  0.000000000   6.0
  0.020833333  0.895833333  0.000000000   6.0
  0.020833333  0.916666667  0.000000000   6.0
  0.020833333  0.937500000  0.000000000   6.0
  0.041666667  0.041666667  0.000000000   6.0
  0.041666667  0.062500000  0.000000000   6.0
  0.041666667  0.083333333  0.000000000   6.0
  0.041666667  0.104166667  0.000000000   6.0
  0.041666667  0.125000000  0.000000000   6.0
  0.041666667  0.145833333  0.000000000   6.0
  0.041666667  0.166666667  0.000000000   6.0
  0.041666667  0.187500000  0.000000000   6.0
  0.041666667  0.208333333  0.000000000   6.0
  0.041666667  0.229166667  0.000000000   6.0
  0.041666667  0.250000000  0.000000000   6.0
  0.041666667  0.270833333  0.000000000   6.0
  0.041666667  0.291666667  0.000000000   6.0
  0.041666667  0.312500000  0.000000000   6.0
  0.041666667  0.333333333  0.000000000   6.0
  0.041666667  0.354166667  0.000000000   6.0
  0.041666667  0.375000000  0.000000000   6.0
  0.041666667  0.395833333  0.000000000   6.0
  0.041666667  0.416666667  0.000000000   6.0
  0.041666667  0.437500000  0.000000000   6.0
  0.041666667  0.458333333  0.000000000   6.0
  0.041666667  0.479166667  0.000000000   6.0
  0.041666667  0.500000000  0.000000000   6.0
  0.041666667  0.520833333  0.000000000   6.0
  0.041666667  0.541666667  0.000000000   6.0
  0.041666667  0.562500000  0.000000000   6.0
  0.041666667  0.583333333  0.000000000   6.0
  0.041666667  0.604166667  0.000000000   6.0
  0.041666667  0.625000000  0.000000000   6.0
  0.041666667  0.645833333  0.000000000   6.0
  0.041666667  0.666666667  0.000000000   6.0
  0.041666667  0.687500000  0.000000000   6.0
  0.041666667  0.708333333  0.000000000   6.0
  0.041666667  0.729166667  0.000000000   6.0
  0.041666667  0.750000000  0.000000000   6.0
  0.041666667  0.770833333  0.000000000   6.0
  0.041666667  0.791666667  0.000000000   6.0
  0.041666667  0.812500000  0.000000000   6.0
  0.041666667  0.833333333  0.000000000   6.0
  0.041666667  0.854166667  0.000000000   6.0
  0.041666667  0.875000000  0.000000000   6.0
  0.041666667  0.895833333  0.000000000   6.0
  0.062500000  0.062500000  0.000000000   6.0
  0.062500000  0.083333333  0.000000000   6.0
  0.062500000  0.104166667  0.000000000   6.0
  0.062500000  0.125000000  0.000000000   6.0
  0.062500000  0.145833333  0.000000000   6.0
  0.062500000  0.166666667  0.000000000   6.0
  0.062500000  0.187500000  0.000000000   6.0
  0.062500000  0.208333333  0.000000000   6.0
  0.062500000  0.229166667  0.000000000   6.0
  0.062500000  0.250000000  0.000000000   6.0
  0.062500000  0.270833333  0.000000000   6.0
  0.062500000  0.291666667  0.000000000   6.0
  0.062500000  0.312500000  0.000000000   6.0
  0.062500000  0.333333333  0.000000000   6.0
  0.062500000  0.354166667  0.000000000   6.0
  0.062500000  0.375000000  0.000000000   6.0
  0.062500000  0.395833333  0.000000000   6.0
  0.062500000  0.416666667  0.000000000   6.0
  0.062500000  0.437500000  0.000000000   6.0
  0.062500000  0.458333333  0.000000000   6.0
  0.062500000  0.479166667  0.000000000   6.0
  0.062500000  0.500000000  0.000000000   6.0
  0.062500000  0.520833333  0.000000000   6.0
  0.062500000  0.541666667  0.000000000   6.0
  0.062500000  0.562500000  0.000000000   6.0
  0.062500000  0.583333333  0.000000000   6.0
  0.062500000  0.604166667  0.000000000   6.0
  0.062500000  0.625000000  0.000000000   6.0
  0.062500000  0.645833333  0.000000000   6.0
  0.062500000  0.666666667  0.000000000   6.0
  0.062500000  0.687500000  0.000000000   6.0
  0.062500000  0.708333333  0.000000000   6.0
  0.062500000  0.729166667  0.000000000   6.0
  0.062500000  0.750000000  0.000000000   6.0
  0.062500000  0.770833333  0.000000000   6.0
  0.062500000  0.791666667  0.000000000   6.0
  0.062500000  0.812500000  0.000000000   6.0
  0.062500000  0.833333333  0.000000000   6.0
  0.062500000  0.854166667  0.000000000   6.0
  0.083333333  0.083333333  0.000000000   6.0
  0.083333333  0.104166667  0.000000000   6.0
  0.083333333  0.125000000  0.000000000   6.0
  0.083333333  0.145833333  0.000000000   6.0
  0.083333333  0.166666667  0.000000000   6.0
  0.083333333  0.187500000  0.000000000   6.0
  0.083333333  0.208333333  0.000000000   6.0
  0.083333333  0.229166667  0.000000000   6.0
  0.083333333  0.250000000  0.000000000   6.0
  0.083333333  0.270833333  0.000000000   6.0
  0.083333333  0.291666667  0.000000000   6.0
  0.083333333  0.312500000  0.000000000   6.0
  0.083333333  0.333333333  0.000000000   6.0
  0.083333333  0.354166667  0.000000000   6.0
  0.083333333  0.375000000  0.000000000   6.0
  0.083333333  0.395833333  0.000000000   6.0
  0.083333333  0.416666667  0.000000000   6.0
  0.083333333  0.437500000  0.000000000   6.0
  0.083333333  0.458333333  0.000000000   6.0
  0.083333333  0.479166667  0.000000000   6.0
  0.083333333  0.500000000  0.000000000   6.0
  0.083333333  0.520833333  0.000000000   6.0
  0.083333333  0.541666667  0.000000000   6.0
  0.083333333  0.562500000  0.000000000   6.0
  0.083333333  0.583333333  0.000000000   6.0
  0.083333333  0.604166667  0.000000000   6.0
  0.083333333  0.625000000  0.000000000   6.0
  0.083333333  0.645833333  0.000000000   6.0
  0.083333333  0.666666667  0.000000000   6.0
  0.083333333  0.687500000  0.000000000   6.0
  0.083333333  0.708333333  0.000000000   6.0
  0.083333333  0.729166667  0.000000000   6.0
  0.083333333  0.750000000  0.000000000   6.0
  0.083333333  0.770833333  0.000000000   6.0
  0.083333333  0.791666667  0.000000000   6.0
  0.083333333  0.812500000  0.000000000   6.0
  0.104166667  0.104166667  0.000000000   6.0
  0.104166667  0.125000000  0.000000000   6.0
  0.104166667  0.145833333  0.000000000   6.0
  0.104166667  0.166666667  0.000000000   6.0
  0.104166667  0.187500000  0.000000000   6.0
  0.104166667  0.208333333  0.000000000   6.0
  0.104166667  0.229166667  0.000000000   6.0
  0.104166667  0.250000000  0.000000000   6.0
  0.104166667  0.270833333  0.000000000   6.0
  0.104166667  0.291666667  0.000000000   6.0
  0.104166667  0.312500000  0.000000000   6.0
  0.104166667  0.333333333  0.000000000   6.0
  0.104166667  0.354166667  0.000000000   6.0
  0.104166667  0.375000000  0.000000000   6.0
  0.104166667  0.395833333  0.000000000   6.0
  0.104166667  0.416666667  0.000000000   6.0
  0.104166667  0.437500000  0.000000000   6.0
  0.104166667  0.458333333  0.000000000   6.0
  0.104166667  0.479166667  0.000000000   6.0
  0.104166667  0.500000000  0.000000000   6.0
  0.104166667  0.520833333  0.000000000   6.0
  0.104166667  0.541666667  0.000000000   6.0
  0.104166667  0.562500000  0.000000000   6.0
  0.104166667  0.583333333  0.000000000   6.0
  0.104166667  0.604166667  0.000000000   6.0
  0.104166667  0.625000000  0.000000000   6.0
  0.104166667  0.645833333  0.000000000   6.0
  0.104166667  0.666666667  0.000000000   6.0
  0.104166667  0.687500000  0.000000000   6.0
  0.104166667  0.708333333  0.000000000   6.0
  0.104166667  0.729166667  0.000000000   6.0
  0.104166667  0.750000000  0.000000000   6.0
  0.104166667  0.770833333  0.000000000   6.0
  0.125000000  0.125000000  0.000000000   6.0
  0.125000000  0.145833333  0.000000000   6.0
  0.125000000  0.166666667  0.000000000   6.0
  0.125000000  0.187500000  0.000000000   6.0
  0.125000000  0.208333333  0.000000000   6.0
  0.125000000  0.229166667  0.000000000   6.0
  0.125000000  0.250000000  0.000000000   6.0
  0.125000000  0.270833333  0.000000000   6.0
  0.125000000  0.291666667  0.000000000   6.0
  0.125000000  0.312500000  0.000000000   6.0
  0.125000000  0.333333333  0.000000000   6.0
  0.125000000  0.354166667  0.000000000   6.0
  0.125000000  0.375000000  0.000000000   6.0
  0.125000000  0.395833333  0.000000000   6.0
  0.125000000  0.416666667  0.000000000   6.0
  0.125000000  0.437500000  0.000000000   6.0
  0.125000000  0.458333333  0.000000000   6.0
  0.125000000  0.479166667  0.000000000   6.0
  0.125000000  0.500000000  0.000000000   6.0
  0.125000000  0.520833333  0.000000000   6.0
  0.125000000  0.541666667  0.000000000   6.0
  0.125000000  0.562500000  0.000000000   6.0
  0.125000000  0.583333333  0.000000000   6.0
  0.125000000  0.604166667  0.000000000   6.0
  0.125000000  0.625000000  0.000000000   6.0
  0.125000000  0.645833333  0.000000000   6.0
  0.125000000  0.666666667  0.000000000   6.0
  0.125000000  0.687500000  0.000000000   6.0
  0.125000000  0.708333333  0.000000000   6.0
  0.125000000  0.729166667  0.000000000   6.0
  0.145833333  0.145833333  0.000000000   6.0
  0.145833333  0.166666667  0.000000000   6.0
  0.145833333  0.187500000  0.000000000   6.0
  0.145833333  0.208333333  0.000000000   6.0
  0.145833333  0.229166667  0.000000000   6.0
  0.145833333  0.250000000  0.000000000   6.0
  0.145833333  0.270833333  0.000000000   6.0
  0.145833333  0.291666667  0.000000000   6.0
  0.145833333  0.312500000  0.000000000   6.0
  0.145833333  0.333333333  0.000000000   6.0
  0.145833333  0.354166667  0.000000000   6.0
  0.145833333  0.375000000  0.000000000   6.0
  0.145833333  0.395833333  0.000000000   6.0
  0.145833333  0.416666667  0.000000000   6.0
  0.145833333  0.437500000  0.000000000   6.0
  0.145833333  0.458333333  0.000000000   6.0
  0.145833333  0.479166667  0.000000000   6.0
  0.145833333  0.500000000  0.000000000   6.0
  0.145833333  0.520833333  0.000000000   6.0
  0.145833333  0.541666667  0.000000000   6.0
  0.145833333  0.562500000  0.000000000   6.0
  0.145833333  0.583333333  0.000000000   6.0
  0.145833333  0.604166667  0.000000000   6.0
  0.145833333  0.625000000  0.000000000   6.0
  0.145833333  0.645833333  0.000000000   6.0
  0.145833333  0.666666667  0.000000000   6.0
  0.145833333  0.687500000  0.000000000   6.0
  0.166666667  0.166666667  0.000000000   6.0
  0.166666667  0.187500000  0.000000000   6.0
  0.166666667  0.208333333  0.000000000   6.0
  0.166666667  0.229166667  0.000000000   6.0
  0.166666667  0.250000000  0.000000000   6.0
  0.166666667  0.270833333  0.000000000   6.0
  0.166666667  0.291666667  0.000000000   6.0
  0.166666667  0.312500000  0.000000000   6.0
  0.166666667  0.333333333  0.000000000   6.0
  0.166666667  0.354166667  0.000000000   6.0
  0.166666667  0.375000000  0.000000000   6.0
  0.166666667  0.395833333  0.000000000   6.0
  0.166666667  0.416666667  0.000000000   6.0
  0.166666667  0.437500000  0.000000000   6.0
  0.166666667  0.458333333  0.000000000   6.0
  0.166666667  0.479166667  0.000000000   6.0
  0.166666667  0.500000000  0.000000000   6.0
  0.166666667  0.520833333  0.000000000   6.0
  0.166666667  0.541666667  0.000000000   6.0
  0.166666667  0.562500000  0.000000000   6.0
  0.166666667  0.583333333  0.000000000   6.0
  0.166666667  0.604166667  0.000000000   6.0
  0.166666667  0.625000000  0.000000000   6.0
  0.166666667  0.645833333  0.000000000   6.0
  0.187500000  0.187500000  0.000000000   6.0
  0.187500000  0.208333333  0.000000000   6.0
  0.187500000  0.229166667  0.000000000   6.0
  0.187500000  0.250000000  0.000000000   6.0
  0.187500000  0.270833333  0.000000000   6.0
  0.187500000  0.291666667  0.000000000   6.0
  0.187500000  0.312500000  0.000000000   6.0
  0.187500000  0.333333333  0.000000000   6.0
  0.187500000  0.354166667  0.000000000   6.0
  0.187500000  0.375000000  0.000000000   6.0
  0.187500000  0.395833333  0.000000000   6.0
  0.187500000  0.416666667  0.000000000   6.0
  0.187500000  0.437500000  0.000000000   6.0
  0.187500000  0.458333333  0.000000000   6.0
  0.187500000  0.479166667  0.000000000   6.0
  0.187500000  0.500000000  0.000000000   6.0
  0.187500000  0.520833333  0.000000000   6.0
  0.187500000  0.541666667  0.000000000   6.0
  0.187500000  0.562500000  0.000000000   6.0
  0.187500000  0.583333333  0.000000000   6.0
  0.187500000  0.604166667  0.000000000   6.0
  0.208333333  0.208333333  0.000000000   6.0
  0.208333333  0.229166667  0.000000000   6.0
  0.208333333  0.250000000  0.000000000   6.0
  0.208333333  0.270833333  0.000000000   6.0
  0.208333333  0.291666667  0.000000000   6.0
  0.208333333  0.312500000  0.000000000   6.0
  0.208333333  0.333333333  0.000000000   6.0
  0.208333333  0.354166667  0.000000000   6.0
  0.208333333  0.375000000  0.000000000   6.0
  0.208333333  0.395833333  0.000000000   6.0
  0.208333333  0.416666667  0.000000000   6.0
  0.208333333  0.437500000  0.000000000   6.0
  0.208333333  0.458333333  0.000000000   6.0
  0.208333333  0.479166667  0.000000000   6.0
  0.208333333  0.500000000  0.000000000   6.0
  0.208333333  0.520833333  0.000000000   6.0
  0.208333333  0.541666667  0.000000000   6.0
  0.208333333  0.562500000  0.000000000   6.0
  0.229166667  0.229166667  0.000000000   6.0
  0.229166667  0.250000000  0.000000000   6.0
  0.229166667  0.270833333  0.000000000   6.0
  0.229166667  0.291666667  0.000000000   6.0
  0.229166667  0.312500000  0.000000000   6.0
  0.229166667  0.333333333  0.000000000   6.0
  0.229166667  0.354166667  0.000000000   6.0
  0.229166667  0.375000000  0.000000000   6.0
  0.229166667  0.395833333  0.000000000   6.0
  0.229166667  0.416666667  0.000000000   6.0
  0.229166667  0.437500000  0.000000000   6.0
  0.229166667  0.458333333  0.000000000   6.0
  0.229166667  0.479166667  0.000000000   6.0
  0.229166667  0.500000000  0.000000000   6.0
  0.229166667  0.520833333  0.000000000   6.0
  0.250000000  0.250000000  0.000000000   6.0
  0.250000000  0.270833333  0.000000000   6.0
  0.250000000  0.291666667  0.000000000   6.0
  0.250000000  0.312500000  0.000000000   6.0
  0.250000000  0.333333333  0.000000000   6.0
  0.250000000  0.354166667  0.000000000   6.0
  0.250000000  0.375000000  0.000000000   6.0
  0.250000000  0.395833333  0.000000000   6.0
  0.250000000  0.416666667  0.000000000   6.0
  0.250000000  0.437500000  0.000000000   6.0
  0.250000000  0.458333333  0.000000000   6.0
  0.250000000  0.479166667  0.000000000   6.0
  0.270833333  0.270833333  0.000000000   6.0
  0.270833333  0.291666667  0.000000000   6.0
  0.270833333  0.312500000  0.000000000   6.0
  0.270833333  0.333333333  0.000000000   6.0
  0.270833333  0.354166667  0.000000000   6.0
  0.270833333  0.375000000  0.000000000   6.0
  0.270833333  0.395833333  0.000000000   6.0
  0.270833333  0.416666667  0.000000000   6.0
  0.270833333  0.437500000  0.000000000   6.0
  0.291666667  0.291666667  0.000000000   6.0
  0.291666667  0.312500000  0.000000000   6.0
  0.291666667  0.333333333  0.000000000   6.0
  0.291666667  0.354166667  0.000000000   6.0
  0.291666667  0.375000000  0.000000000   6.0
  0.291666667  0.395833333  0.000000000   6.0
  0.312500000  0.312500000  0.000000000   6.0
  0.312500000  0.333333333  0.000000000   6.0
  0.312500000  0.354166667  0.000000000   6.0
  0.333333333  0.333333333  0.000000000   2.0
