k-points are in crystal coordinates
nk(3) =    14   14    1
dk(3) =   0.000000000  0.000000000  0.000000000
dq(3) =   0.001000000  0.000000000  0.000000000

direct lattice vectors
a1 =   3.233912245 -0.000000000  0.000000000
a2 =  -1.616956623  2.800649805  0.000000000
a3 =   0.000000000  0.000000000 23.345233000

unit cell volume =  0.211439076E+03

reciprocal lattice vectors
b1 =   1.942905321  1.121737398 -0.000000000
b2 =   0.000000000  2.243474102 -0.000000000
b3 =  -0.000000000 -0.000000000  0.269142112

symmetries of the Bravais lattice
 24
Space group 191, symbol P6/mmm               
r01 =     1   0   0     0   1   0     0   0   1      0.000000    0.000000    0.000000
r02 =     1   0   0     0   1   0     0   0  -1      0.000000    0.000000    0.000000
r03 =     0   1   0     1   0   0     0   0   1      0.000000    0.000000    0.000000
r04 =     0   1   0     1   0   0     0   0  -1      0.000000    0.000000    0.000000
r05 =    -1   1   0     0   1   0     0   0   1      0.000000    0.000000    0.000000
r06 =    -1   1   0     0   1   0     0   0  -1      0.000000    0.000000    0.000000
r07 =     0   1   0    -1   1   0     0   0   1      0.000000    0.000000    0.000000
r08 =     0   1   0    -1   1   0     0   0  -1      0.000000    0.000000    0.000000
r09 =    -1   0   0     0  -1   0     0   0   1      0.000000    0.000000    0.000000
r10 =    -1   0   0     0  -1   0     0   0  -1      0.000000    0.000000    0.000000
r11 =     0  -1   0    -1   0   0     0   0   1      0.000000    0.000000    0.000000
r12 =     0  -1   0    -1   0   0     0   0  -1      0.000000    0.000000    0.000000
r13 =     1  -1   0     0  -1   0     0   0   1      0.000000    0.000000    0.000000
r14 =     1  -1   0     0  -1   0     0   0  -1      0.000000    0.000000    0.000000
r15 =     0  -1   0     1  -1   0     0   0   1      0.000000    0.000000    0.000000
r16 =     0  -1   0     1  -1   0     0   0  -1      0.000000    0.000000    0.000000
r17 =     1  -1   0     1   0   0     0   0   1      0.000000    0.000000    0.000000
r18 =     1  -1   0     1   0   0     0   0  -1      0.000000    0.000000    0.000000
r19 =     1   0   0     1  -1   0     0   0   1      0.000000    0.000000    0.000000
r20 =     1   0   0     1  -1   0     0   0  -1      0.000000    0.000000    0.000000
r21 =    -1   0   0    -1   1   0     0   0   1      0.000000    0.000000    0.000000
r22 =    -1   0   0    -1   1   0     0   0  -1      0.000000    0.000000    0.000000
r23 =    -1   1   0    -1   0   0     0   0   1      0.000000    0.000000    0.000000
r24 =    -1   1   0    -1   0   0     0   0  -1      0.000000    0.000000    0.000000

symmetries of the crystal without FFT grid
  1
Space group   1, symbol P1                   
r01 =     1   0   0     0   1   0     0   0   1      0.000000    0.000000    0.000000

FFT grid:     64    64   450

symmetries of the crystal with FFT grid
  1
Space group   1, symbol P1                   
r01 =     1   0   0     0   1   0     0   0   1      0.000000    0.000000    0.000000

symmetries of a subgroup of the q-vector
r01 =     1   0   0     0   1   0     0   0   1

k-points in the original uniform grid
    196
      1  0.000000000  0.000000000  0.000000000   1.0       0  ---
      2  0.000000000  0.071428571  0.000000000   1.0       0  ---
      3  0.000000000  0.142857143  0.000000000   1.0       0  ---
      4  0.000000000  0.214285714  0.000000000   1.0       0  ---
      5  0.000000000  0.285714286  0.000000000   1.0       0  ---
      6  0.000000000  0.357142857  0.000000000   1.0       0  ---
      7  0.000000000  0.428571429  0.000000000   1.0       0  ---
      8  0.000000000  0.500000000  0.000000000   1.0       0  ---
      9  0.000000000  0.571428571  0.000000000   1.0       0  ---
     10  0.000000000  0.642857143  0.000000000   1.0       0  ---
     11  0.000000000  0.714285714  0.000000000   1.0       0  ---
     12  0.000000000  0.785714286  0.000000000   1.0       0  ---
     13  0.000000000  0.857142857  0.000000000   1.0       0  ---
     14  0.000000000  0.928571429  0.000000000   1.0       0  ---
     15  0.071428571  0.000000000  0.000000000   1.0       0  ---
     16  0.071428571  0.071428571  0.000000000   1.0       0  ---
     17  0.071428571  0.142857143  0.000000000   1.0       0  ---
     18  0.071428571  0.214285714  0.000000000   1.0       0  ---
     19  0.071428571  0.285714286  0.000000000   1.0       0  ---
     20  0.071428571  0.357142857  0.000000000   1.0       0  ---
     21  0.071428571  0.428571429  0.000000000   1.0       0  ---
     22  0.071428571  0.500000000  0.000000000   1.0       0  ---
     23  0.071428571  0.571428571  0.000000000   1.0       0  ---
     24  0.071428571  0.642857143  0.000000000   1.0       0  ---
     25  0.071428571  0.714285714  0.000000000   1.0       0  ---
     26  0.071428571  0.785714286  0.000000000   1.0       0  ---
     27  0.071428571  0.857142857  0.000000000   1.0       0  ---
     28  0.071428571  0.928571429  0.000000000   1.0       0  ---
     29  0.142857143  0.000000000  0.000000000   1.0       0  ---
     30  0.142857143  0.071428571  0.000000000   1.0       0  ---
     31  0.142857143  0.142857143  0.000000000   1.0       0  ---
     32  0.142857143  0.214285714  0.000000000   1.0       0  ---
     33  0.142857143  0.285714286  0.000000000   1.0       0  ---
     34  0.142857143  0.357142857  0.000000000   1.0       0  ---
     35  0.142857143  0.428571429  0.000000000   1.0       0  ---
     36  0.142857143  0.500000000  0.000000000   1.0       0  ---
     37  0.142857143  0.571428571  0.000000000   1.0       0  ---
     38  0.142857143  0.642857143  0.000000000   1.0       0  ---
     39  0.142857143  0.714285714  0.000000000   1.0       0  ---
     40  0.142857143  0.785714286  0.000000000   1.0       0  ---
     41  0.142857143  0.857142857  0.000000000   1.0       0  ---
     42  0.142857143  0.928571429  0.000000000   1.0       0  ---
     43  0.214285714  0.000000000  0.000000000   1.0       0  ---
     44  0.214285714  0.071428571  0.000000000   1.0       0  ---
     45  0.214285714  0.142857143  0.000000000   1.0       0  ---
     46  0.214285714  0.214285714  0.000000000   1.0       0  ---
     47  0.214285714  0.285714286  0.000000000   1.0       0  ---
     48  0.214285714  0.357142857  0.000000000   1.0       0  ---
     49  0.214285714  0.428571429  0.000000000   1.0       0  ---
     50  0.214285714  0.500000000  0.000000000   1.0       0  ---
     51  0.214285714  0.571428571  0.000000000   1.0       0  ---
     52  0.214285714  0.642857143  0.000000000   1.0       0  ---
     53  0.214285714  0.714285714  0.000000000   1.0       0  ---
     54  0.214285714  0.785714286  0.000000000   1.0       0  ---
     55  0.214285714  0.857142857  0.000000000   1.0       0  ---
     56  0.214285714  0.928571429  0.000000000   1.0       0  ---
     57  0.285714286  0.000000000  0.000000000   1.0       0  ---
     58  0.285714286  0.071428571  0.000000000   1.0       0  ---
     59  0.285714286  0.142857143  0.000000000   1.0       0  ---
     60  0.285714286  0.214285714  0.000000000   1.0       0  ---
     61  0.285714286  0.285714286  0.000000000   1.0       0  ---
     62  0.285714286  0.357142857  0.000000000   1.0       0  ---
     63  0.285714286  0.428571429  0.000000000   1.0       0  ---
     64  0.285714286  0.500000000  0.000000000   1.0       0  ---
     65  0.285714286  0.571428571  0.000000000   1.0       0  ---
     66  0.285714286  0.642857143  0.000000000   1.0       0  ---
     67  0.285714286  0.714285714  0.000000000   1.0       0  ---
     68  0.285714286  0.785714286  0.000000000   1.0       0  ---
     69  0.285714286  0.857142857  0.000000000   1.0       0  ---
     70  0.285714286  0.928571429  0.000000000   1.0       0  ---
     71  0.357142857  0.000000000  0.000000000   1.0       0  ---
     72  0.357142857  0.071428571  0.000000000   1.0       0  ---
     73  0.357142857  0.142857143  0.000000000   1.0       0  ---
     74  0.357142857  0.214285714  0.000000000   1.0       0  ---
     75  0.357142857  0.285714286  0.000000000   1.0       0  ---
     76  0.357142857  0.357142857  0.000000000   1.0       0  ---
     77  0.357142857  0.428571429  0.000000000   1.0       0  ---
     78  0.357142857  0.500000000  0.000000000   1.0       0  ---
     79  0.357142857  0.571428571  0.000000000   1.0       0  ---
     80  0.357142857  0.642857143  0.000000000   1.0       0  ---
     81  0.357142857  0.714285714  0.000000000   1.0       0  ---
     82  0.357142857  0.785714286  0.000000000   1.0       0  ---
     83  0.357142857  0.857142857  0.000000000   1.0       0  ---
     84  0.357142857  0.928571429  0.000000000   1.0       0  ---
     85  0.428571429  0.000000000  0.000000000   1.0       0  ---
     86  0.428571429  0.071428571  0.000000000   1.0       0  ---
     87  0.428571429  0.142857143  0.000000000   1.0       0  ---
     88  0.428571429  0.214285714  0.000000000   1.0       0  ---
     89  0.428571429  0.285714286  0.000000000   1.0       0  ---
     90  0.428571429  0.357142857  0.000000000   1.0       0  ---
     91  0.428571429  0.428571429  0.000000000   1.0       0  ---
     92  0.428571429  0.500000000  0.000000000   1.0       0  ---
     93  0.428571429  0.571428571  0.000000000   1.0       0  ---
     94  0.428571429  0.642857143  0.000000000   1.0       0  ---
     95  0.428571429  0.714285714  0.000000000   1.0       0  ---
     96  0.428571429  0.785714286  0.000000000   1.0       0  ---
     97  0.428571429  0.857142857  0.000000000   1.0       0  ---
     98  0.428571429  0.928571429  0.000000000   1.0       0  ---
     99  0.500000000  0.000000000  0.000000000   1.0       0  ---
    100  0.500000000  0.071428571  0.000000000   1.0       0  ---
    101  0.500000000  0.142857143  0.000000000   1.0       0  ---
    102  0.500000000  0.214285714  0.000000000   1.0       0  ---
    103  0.500000000  0.285714286  0.000000000   1.0       0  ---
    104  0.500000000  0.357142857  0.000000000   1.0       0  ---
    105  0.500000000  0.428571429  0.000000000   1.0       0  ---
    106  0.500000000  0.500000000  0.000000000   1.0       0  ---
    107  0.500000000  0.571428571  0.000000000   1.0       0  ---
    108  0.500000000  0.642857143  0.000000000   1.0       0  ---
    109  0.500000000  0.714285714  0.000000000   1.0       0  ---
    110  0.500000000  0.785714286  0.000000000   1.0       0  ---
    111  0.500000000  0.857142857  0.000000000   1.0       0  ---
    112  0.500000000  0.928571429  0.000000000   1.0       0  ---
    113  0.571428571  0.000000000  0.000000000   1.0       0  ---
    114  0.571428571  0.071428571  0.000000000   1.0       0  ---
    115  0.571428571  0.142857143  0.000000000   1.0       0  ---
    116  0.571428571  0.214285714  0.000000000   1.0       0  ---
    117  0.571428571  0.285714286  0.000000000   1.0       0  ---
    118  0.571428571  0.357142857  0.000000000   1.0       0  ---
    119  0.571428571  0.428571429  0.000000000   1.0       0  ---
    120  0.571428571  0.500000000  0.000000000   1.0       0  ---
    121  0.571428571  0.571428571  0.000000000   1.0       0  ---
    122  0.571428571  0.642857143  0.000000000   1.0       0  ---
    123  0.571428571  0.714285714  0.000000000   1.0       0  ---
    124  0.571428571  0.785714286  0.000000000   1.0       0  ---
    125  0.571428571  0.857142857  0.000000000   1.0       0  ---
    126  0.571428571  0.928571429  0.000000000   1.0       0  ---
    127  0.642857143  0.000000000  0.000000000   1.0       0  ---
    128  0.642857143  0.071428571  0.000000000   1.0       0  ---
    129  0.642857143  0.142857143  0.000000000   1.0       0  ---
    130  0.642857143  0.214285714  0.000000000   1.0       0  ---
    131  0.642857143  0.285714286  0.000000000   1.0       0  ---
    132  0.642857143  0.357142857  0.000000000   1.0       0  ---
    133  0.642857143  0.428571429  0.000000000   1.0       0  ---
    134  0.642857143  0.500000000  0.000000000   1.0       0  ---
    135  0.642857143  0.571428571  0.000000000   1.0       0  ---
    136  0.642857143  0.642857143  0.000000000   1.0       0  ---
    137  0.642857143  0.714285714  0.000000000   1.0       0  ---
    138  0.642857143  0.785714286  0.000000000   1.0       0  ---
    139  0.642857143  0.857142857  0.000000000   1.0       0  ---
    140  0.642857143  0.928571429  0.000000000   1.0       0  ---
    141  0.714285714  0.000000000  0.000000000   1.0       0  ---
    142  0.714285714  0.071428571  0.000000000   1.0       0  ---
    143  0.714285714  0.142857143  0.000000000   1.0       0  ---
    144  0.714285714  0.214285714  0.000000000   1.0       0  ---
    145  0.714285714  0.285714286  0.000000000   1.0       0  ---
    146  0.714285714  0.357142857  0.000000000   1.0       0  ---
    147  0.714285714  0.428571429  0.000000000   1.0       0  ---
    148  0.714285714  0.500000000  0.000000000   1.0       0  ---
    149  0.714285714  0.571428571  0.000000000   1.0       0  ---
    150  0.714285714  0.642857143  0.000000000   1.0       0  ---
    151  0.714285714  0.714285714  0.000000000   1.0       0  ---
    152  0.714285714  0.785714286  0.000000000   1.0       0  ---
    153  0.714285714  0.857142857  0.000000000   1.0       0  ---
    154  0.714285714  0.928571429  0.000000000   1.0       0  ---
    155  0.785714286  0.000000000  0.000000000   1.0       0  ---
    156  0.785714286  0.071428571  0.000000000   1.0       0  ---
    157  0.785714286  0.142857143  0.000000000   1.0       0  ---
    158  0.785714286  0.214285714  0.000000000   1.0       0  ---
    159  0.785714286  0.285714286  0.000000000   1.0       0  ---
    160  0.785714286  0.357142857  0.000000000   1.0       0  ---
    161  0.785714286  0.428571429  0.000000000   1.0       0  ---
    162  0.785714286  0.500000000  0.000000000   1.0       0  ---
    163  0.785714286  0.571428571  0.000000000   1.0       0  ---
    164  0.785714286  0.642857143  0.000000000   1.0       0  ---
    165  0.785714286  0.714285714  0.000000000   1.0       0  ---
    166  0.785714286  0.785714286  0.000000000   1.0       0  ---
    167  0.785714286  0.857142857  0.000000000   1.0       0  ---
    168  0.785714286  0.928571429  0.000000000   1.0       0  ---
    169  0.857142857  0.000000000  0.000000000   1.0       0  ---
    170  0.857142857  0.071428571  0.000000000   1.0       0  ---
    171  0.857142857  0.142857143  0.000000000   1.0       0  ---
    172  0.857142857  0.214285714  0.000000000   1.0       0  ---
    173  0.857142857  0.285714286  0.000000000   1.0       0  ---
    174  0.857142857  0.357142857  0.000000000   1.0       0  ---
    175  0.857142857  0.428571429  0.000000000   1.0       0  ---
    176  0.857142857  0.500000000  0.000000000   1.0       0  ---
    177  0.857142857  0.571428571  0.000000000   1.0       0  ---
    178  0.857142857  0.642857143  0.000000000   1.0       0  ---
    179  0.857142857  0.714285714  0.000000000   1.0       0  ---
    180  0.857142857  0.785714286  0.000000000   1.0       0  ---
    181  0.857142857  0.857142857  0.000000000   1.0       0  ---
    182  0.857142857  0.928571429  0.000000000   1.0       0  ---
    183  0.928571429  0.000000000  0.000000000   1.0       0  ---
    184  0.928571429  0.071428571  0.000000000   1.0       0  ---
    185  0.928571429  0.142857143  0.000000000   1.0       0  ---
    186  0.928571429  0.214285714  0.000000000   1.0       0  ---
    187  0.928571429  0.285714286  0.000000000   1.0       0  ---
    188  0.928571429  0.357142857  0.000000000   1.0       0  ---
    189  0.928571429  0.428571429  0.000000000   1.0       0  ---
    190  0.928571429  0.500000000  0.000000000   1.0       0  ---
    191  0.928571429  0.571428571  0.000000000   1.0       0  ---
    192  0.928571429  0.642857143  0.000000000   1.0       0  ---
    193  0.928571429  0.714285714  0.000000000   1.0       0  ---
    194  0.928571429  0.785714286  0.000000000   1.0       0  ---
    195  0.928571429  0.857142857  0.000000000   1.0       0  ---
    196  0.928571429  0.928571429  0.000000000   1.0       0  ---

k-points in the irreducible wedge
    196
      1  0.000000000  0.000000000  0.000000000   1.0       1
      2  0.000000000  0.071428571  0.000000000   1.0       2
      3  0.000000000  0.142857143  0.000000000   1.0       3
      4  0.000000000  0.214285714  0.000000000   1.0       4
      5  0.000000000  0.285714286  0.000000000   1.0       5
      6  0.000000000  0.357142857  0.000000000   1.0       6
      7  0.000000000  0.428571429  0.000000000   1.0       7
      8  0.000000000  0.500000000  0.000000000   1.0       8
      9  0.000000000  0.571428571  0.000000000   1.0       9
     10  0.000000000  0.642857143  0.000000000   1.0      10
     11  0.000000000  0.714285714  0.000000000   1.0      11
     12  0.000000000  0.785714286  0.000000000   1.0      12
     13  0.000000000  0.857142857  0.000000000   1.0      13
     14  0.000000000  0.928571429  0.000000000   1.0      14
     15  0.071428571  0.000000000  0.000000000   1.0      15
     16  0.071428571  0.071428571  0.000000000   1.0      16
     17  0.071428571  0.142857143  0.000000000   1.0      17
     18  0.071428571  0.214285714  0.000000000   1.0      18
     19  0.071428571  0.285714286  0.000000000   1.0      19
     20  0.071428571  0.357142857  0.000000000   1.0      20
     21  0.071428571  0.428571429  0.000000000   1.0      21
     22  0.071428571  0.500000000  0.000000000   1.0      22
     23  0.071428571  0.571428571  0.000000000   1.0      23
     24  0.071428571  0.642857143  0.000000000   1.0      24
     25  0.071428571  0.714285714  0.000000000   1.0      25
     26  0.071428571  0.785714286  0.000000000   1.0      26
     27  0.071428571  0.857142857  0.000000000   1.0      27
     28  0.071428571  0.928571429  0.000000000   1.0      28
     29  0.142857143  0.000000000  0.000000000   1.0      29
     30  0.142857143  0.071428571  0.000000000   1.0      30
     31  0.142857143  0.142857143  0.000000000   1.0      31
     32  0.142857143  0.214285714  0.000000000   1.0      32
     33  0.142857143  0.285714286  0.000000000   1.0      33
     34  0.142857143  0.357142857  0.000000000   1.0      34
     35  0.142857143  0.428571429  0.000000000   1.0      35
     36  0.142857143  0.500000000  0.000000000   1.0      36
     37  0.142857143  0.571428571  0.000000000   1.0      37
     38  0.142857143  0.642857143  0.000000000   1.0      38
     39  0.142857143  0.714285714  0.000000000   1.0      39
     40  0.142857143  0.785714286  0.000000000   1.0      40
     41  0.142857143  0.857142857  0.000000000   1.0      41
     42  0.142857143  0.928571429  0.000000000   1.0      42
     43  0.214285714  0.000000000  0.000000000   1.0      43
     44  0.214285714  0.071428571  0.000000000   1.0      44
     45  0.214285714  0.142857143  0.000000000   1.0      45
     46  0.214285714  0.214285714  0.000000000   1.0      46
     47  0.214285714  0.285714286  0.000000000   1.0      47
     48  0.214285714  0.357142857  0.000000000   1.0      48
     49  0.214285714  0.428571429  0.000000000   1.0      49
     50  0.214285714  0.500000000  0.000000000   1.0      50
     51  0.214285714  0.571428571  0.000000000   1.0      51
     52  0.214285714  0.642857143  0.000000000   1.0      52
     53  0.214285714  0.714285714  0.000000000   1.0      53
     54  0.214285714  0.785714286  0.000000000   1.0      54
     55  0.214285714  0.857142857  0.000000000   1.0      55
     56  0.214285714  0.928571429  0.000000000   1.0      56
     57  0.285714286  0.000000000  0.000000000   1.0      57
     58  0.285714286  0.071428571  0.000000000   1.0      58
     59  0.285714286  0.142857143  0.000000000   1.0      59
     60  0.285714286  0.214285714  0.000000000   1.0      60
     61  0.285714286  0.285714286  0.000000000   1.0      61
     62  0.285714286  0.357142857  0.000000000   1.0      62
     63  0.285714286  0.428571429  0.000000000   1.0      63
     64  0.285714286  0.500000000  0.000000000   1.0      64
     65  0.285714286  0.571428571  0.000000000   1.0      65
     66  0.285714286  0.642857143  0.000000000   1.0      66
     67  0.285714286  0.714285714  0.000000000   1.0      67
     68  0.285714286  0.785714286  0.000000000   1.0      68
     69  0.285714286  0.857142857  0.000000000   1.0      69
     70  0.285714286  0.928571429  0.000000000   1.0      70
     71  0.357142857  0.000000000  0.000000000   1.0      71
     72  0.357142857  0.071428571  0.000000000   1.0      72
     73  0.357142857  0.142857143  0.000000000   1.0      73
     74  0.357142857  0.214285714  0.000000000   1.0      74
     75  0.357142857  0.285714286  0.000000000   1.0      75
     76  0.357142857  0.357142857  0.000000000   1.0      76
     77  0.357142857  0.428571429  0.000000000   1.0      77
     78  0.357142857  0.500000000  0.000000000   1.0      78
     79  0.357142857  0.571428571  0.000000000   1.0      79
     80  0.357142857  0.642857143  0.000000000   1.0      80
     81  0.357142857  0.714285714  0.000000000   1.0      81
     82  0.357142857  0.785714286  0.000000000   1.0      82
     83  0.357142857  0.857142857  0.000000000   1.0      83
     84  0.357142857  0.928571429  0.000000000   1.0      84
     85  0.428571429  0.000000000  0.000000000   1.0      85
     86  0.428571429  0.071428571  0.000000000   1.0      86
     87  0.428571429  0.142857143  0.000000000   1.0      87
     88  0.428571429  0.214285714  0.000000000   1.0      88
     89  0.428571429  0.285714286  0.000000000   1.0      89
     90  0.428571429  0.357142857  0.000000000   1.0      90
     91  0.428571429  0.428571429  0.000000000   1.0      91
     92  0.428571429  0.500000000  0.000000000   1.0      92
     93  0.428571429  0.571428571  0.000000000   1.0      93
     94  0.428571429  0.642857143  0.000000000   1.0      94
     95  0.428571429  0.714285714  0.000000000   1.0      95
     96  0.428571429  0.785714286  0.000000000   1.0      96
     97  0.428571429  0.857142857  0.000000000   1.0      97
     98  0.428571429  0.928571429  0.000000000   1.0      98
     99  0.500000000  0.000000000  0.000000000   1.0      99
    100  0.500000000  0.071428571  0.000000000   1.0     100
    101  0.500000000  0.142857143  0.000000000   1.0     101
    102  0.500000000  0.214285714  0.000000000   1.0     102
    103  0.500000000  0.285714286  0.000000000   1.0     103
    104  0.500000000  0.357142857  0.000000000   1.0     104
    105  0.500000000  0.428571429  0.000000000   1.0     105
    106  0.500000000  0.500000000  0.000000000   1.0     106
    107  0.500000000  0.571428571  0.000000000   1.0     107
    108  0.500000000  0.642857143  0.000000000   1.0     108
    109  0.500000000  0.714285714  0.000000000   1.0     109
    110  0.500000000  0.785714286  0.000000000   1.0     110
    111  0.500000000  0.857142857  0.000000000   1.0     111
    112  0.500000000  0.928571429  0.000000000   1.0     112
    113  0.571428571  0.000000000  0.000000000   1.0     113
    114  0.571428571  0.071428571  0.000000000   1.0     114
    115  0.571428571  0.142857143  0.000000000   1.0     115
    116  0.571428571  0.214285714  0.000000000   1.0     116
    117  0.571428571  0.285714286  0.000000000   1.0     117
    118  0.571428571  0.357142857  0.000000000   1.0     118
    119  0.571428571  0.428571429  0.000000000   1.0     119
    120  0.571428571  0.500000000  0.000000000   1.0     120
    121  0.571428571  0.571428571  0.000000000   1.0     121
    122  0.571428571  0.642857143  0.000000000   1.0     122
    123  0.571428571  0.714285714  0.000000000   1.0     123
    124  0.571428571  0.785714286  0.000000000   1.0     124
    125  0.571428571  0.857142857  0.000000000   1.0     125
    126  0.571428571  0.928571429  0.000000000   1.0     126
    127  0.642857143  0.000000000  0.000000000   1.0     127
    128  0.642857143  0.071428571  0.000000000   1.0     128
    129  0.642857143  0.142857143  0.000000000   1.0     129
    130  0.642857143  0.214285714  0.000000000   1.0     130
    131  0.642857143  0.285714286  0.000000000   1.0     131
    132  0.642857143  0.357142857  0.000000000   1.0     132
    133  0.642857143  0.428571429  0.000000000   1.0     133
    134  0.642857143  0.500000000  0.000000000   1.0     134
    135  0.642857143  0.571428571  0.000000000   1.0     135
    136  0.642857143  0.642857143  0.000000000   1.0     136
    137  0.642857143  0.714285714  0.000000000   1.0     137
    138  0.642857143  0.785714286  0.000000000   1.0     138
    139  0.642857143  0.857142857  0.000000000   1.0     139
    140  0.642857143  0.928571429  0.000000000   1.0     140
    141  0.714285714  0.000000000  0.000000000   1.0     141
    142  0.714285714  0.071428571  0.000000000   1.0     142
    143  0.714285714  0.142857143  0.000000000   1.0     143
    144  0.714285714  0.214285714  0.000000000   1.0     144
    145  0.714285714  0.285714286  0.000000000   1.0     145
    146  0.714285714  0.357142857  0.000000000   1.0     146
    147  0.714285714  0.428571429  0.000000000   1.0     147
    148  0.714285714  0.500000000  0.000000000   1.0     148
    149  0.714285714  0.571428571  0.000000000   1.0     149
    150  0.714285714  0.642857143  0.000000000   1.0     150
    151  0.714285714  0.714285714  0.000000000   1.0     151
    152  0.714285714  0.785714286  0.000000000   1.0     152
    153  0.714285714  0.857142857  0.000000000   1.0     153
    154  0.714285714  0.928571429  0.000000000   1.0     154
    155  0.785714286  0.000000000  0.000000000   1.0     155
    156  0.785714286  0.071428571  0.000000000   1.0     156
    157  0.785714286  0.142857143  0.000000000   1.0     157
    158  0.785714286  0.214285714  0.000000000   1.0     158
    159  0.785714286  0.285714286  0.000000000   1.0     159
    160  0.785714286  0.357142857  0.000000000   1.0     160
    161  0.785714286  0.428571429  0.000000000   1.0     161
    162  0.785714286  0.500000000  0.000000000   1.0     162
    163  0.785714286  0.571428571  0.000000000   1.0     163
    164  0.785714286  0.642857143  0.000000000   1.0     164
    165  0.785714286  0.714285714  0.000000000   1.0     165
    166  0.785714286  0.785714286  0.000000000   1.0     166
    167  0.785714286  0.857142857  0.000000000   1.0     167
    168  0.785714286  0.928571429  0.000000000   1.0     168
    169  0.857142857  0.000000000  0.000000000   1.0     169
    170  0.857142857  0.071428571  0.000000000   1.0     170
    171  0.857142857  0.142857143  0.000000000   1.0     171
    172  0.857142857  0.214285714  0.000000000   1.0     172
    173  0.857142857  0.285714286  0.000000000   1.0     173
    174  0.857142857  0.357142857  0.000000000   1.0     174
    175  0.857142857  0.428571429  0.000000000   1.0     175
    176  0.857142857  0.500000000  0.000000000   1.0     176
    177  0.857142857  0.571428571  0.000000000   1.0     177
    178  0.857142857  0.642857143  0.000000000   1.0     178
    179  0.857142857  0.714285714  0.000000000   1.0     179
    180  0.857142857  0.785714286  0.000000000   1.0     180
    181  0.857142857  0.857142857  0.000000000   1.0     181
    182  0.857142857  0.928571429  0.000000000   1.0     182
    183  0.928571429  0.000000000  0.000000000   1.0     183
    184  0.928571429  0.071428571  0.000000000   1.0     184
    185  0.928571429  0.142857143  0.000000000   1.0     185
    186  0.928571429  0.214285714  0.000000000   1.0     186
    187  0.928571429  0.285714286  0.000000000   1.0     187
    188  0.928571429  0.357142857  0.000000000   1.0     188
    189  0.928571429  0.428571429  0.000000000   1.0     189
    190  0.928571429  0.500000000  0.000000000   1.0     190
    191  0.928571429  0.571428571  0.000000000   1.0     191
    192  0.928571429  0.642857143  0.000000000   1.0     192
    193  0.928571429  0.714285714  0.000000000   1.0     193
    194  0.928571429  0.785714286  0.000000000   1.0     194
    195  0.928571429  0.857142857  0.000000000   1.0     195
    196  0.928571429  0.928571429  0.000000000   1.0     196

k-points in the unfolded Brillouin Zone
    196
      1  0.001000000  0.000000000  0.000000000   1.0
      2  0.001000000  0.071428571  0.000000000   1.0
      3  0.001000000  0.142857143  0.000000000   1.0
      4  0.001000000  0.214285714  0.000000000   1.0
      5  0.001000000  0.285714286  0.000000000   1.0
      6  0.001000000  0.357142857  0.000000000   1.0
      7  0.001000000  0.428571429  0.000000000   1.0
      8  0.001000000  0.500000000  0.000000000   1.0
      9  0.001000000  0.571428571  0.000000000   1.0
     10  0.001000000  0.642857143  0.000000000   1.0
     11  0.001000000  0.714285714  0.000000000   1.0
     12  0.001000000  0.785714286  0.000000000   1.0
     13  0.001000000  0.857142857  0.000000000   1.0
     14  0.001000000  0.928571429  0.000000000   1.0
     15  0.072428571  0.000000000  0.000000000   1.0
     16  0.072428571  0.071428571  0.000000000   1.0
     17  0.072428571  0.142857143  0.000000000   1.0
     18  0.072428571  0.214285714  0.000000000   1.0
     19  0.072428571  0.285714286  0.000000000   1.0
     20  0.072428571  0.357142857  0.000000000   1.0
     21  0.072428571  0.428571429  0.000000000   1.0
     22  0.072428571  0.500000000  0.000000000   1.0
     23  0.072428571  0.571428571  0.000000000   1.0
     24  0.072428571  0.642857143  0.000000000   1.0
     25  0.072428571  0.714285714  0.000000000   1.0
     26  0.072428571  0.785714286  0.000000000   1.0
     27  0.072428571  0.857142857  0.000000000   1.0
     28  0.072428571  0.928571429  0.000000000   1.0
     29  0.143857143  0.000000000  0.000000000   1.0
     30  0.143857143  0.071428571  0.000000000   1.0
     31  0.143857143  0.142857143  0.000000000   1.0
     32  0.143857143  0.214285714  0.000000000   1.0
     33  0.143857143  0.285714286  0.000000000   1.0
     34  0.143857143  0.357142857  0.000000000   1.0
     35  0.143857143  0.428571429  0.000000000   1.0
     36  0.143857143  0.500000000  0.000000000   1.0
     37  0.143857143  0.571428571  0.000000000   1.0
     38  0.143857143  0.642857143  0.000000000   1.0
     39  0.143857143  0.714285714  0.000000000   1.0
     40  0.143857143  0.785714286  0.000000000   1.0
     41  0.143857143  0.857142857  0.000000000   1.0
     42  0.143857143  0.928571429  0.000000000   1.0
     43  0.215285714  0.000000000  0.000000000   1.0
     44  0.215285714  0.071428571  0.000000000   1.0
     45  0.215285714  0.142857143  0.000000000   1.0
     46  0.215285714  0.214285714  0.000000000   1.0
     47  0.215285714  0.285714286  0.000000000   1.0
     48  0.215285714  0.357142857  0.000000000   1.0
     49  0.215285714  0.428571429  0.000000000   1.0
     50  0.215285714  0.500000000  0.000000000   1.0
     51  0.215285714  0.571428571  0.000000000   1.0
     52  0.215285714  0.642857143  0.000000000   1.0
     53  0.215285714  0.714285714  0.000000000   1.0
     54  0.215285714  0.785714286  0.000000000   1.0
     55  0.215285714  0.857142857  0.000000000   1.0
     56  0.215285714  0.928571429  0.000000000   1.0
     57  0.286714286  0.000000000  0.000000000   1.0
     58  0.286714286  0.071428571  0.000000000   1.0
     59  0.286714286  0.142857143  0.000000000   1.0
     60  0.286714286  0.214285714  0.000000000   1.0
     61  0.286714286  0.285714286  0.000000000   1.0
     62  0.286714286  0.357142857  0.000000000   1.0
     63  0.286714286  0.428571429  0.000000000   1.0
     64  0.286714286  0.500000000  0.000000000   1.0
     65  0.286714286  0.571428571  0.000000000   1.0
     66  0.286714286  0.642857143  0.000000000   1.0
     67  0.286714286  0.714285714  0.000000000   1.0
     68  0.286714286  0.785714286  0.000000000   1.0
     69  0.286714286  0.857142857  0.000000000   1.0
     70  0.286714286  0.928571429  0.000000000   1.0
     71  0.358142857  0.000000000  0.000000000   1.0
     72  0.358142857  0.071428571  0.000000000   1.0
     73  0.358142857  0.142857143  0.000000000   1.0
     74  0.358142857  0.214285714  0.000000000   1.0
     75  0.358142857  0.285714286  0.000000000   1.0
     76  0.358142857  0.357142857  0.000000000   1.0
     77  0.358142857  0.428571429  0.000000000   1.0
     78  0.358142857  0.500000000  0.000000000   1.0
     79  0.358142857  0.571428571  0.000000000   1.0
     80  0.358142857  0.642857143  0.000000000   1.0
     81  0.358142857  0.714285714  0.000000000   1.0
     82  0.358142857  0.785714286  0.000000000   1.0
     83  0.358142857  0.857142857  0.000000000   1.0
     84  0.358142857  0.928571429  0.000000000   1.0
     85  0.429571429  0.000000000  0.000000000   1.0
     86  0.429571429  0.071428571  0.000000000   1.0
     87  0.429571429  0.142857143  0.000000000   1.0
     88  0.429571429  0.214285714  0.000000000   1.0
     89  0.429571429  0.285714286  0.000000000   1.0
     90  0.429571429  0.357142857  0.000000000   1.0
     91  0.429571429  0.428571429  0.000000000   1.0
     92  0.429571429  0.500000000  0.000000000   1.0
     93  0.429571429  0.571428571  0.000000000   1.0
     94  0.429571429  0.642857143  0.000000000   1.0
     95  0.429571429  0.714285714  0.000000000   1.0
     96  0.429571429  0.785714286  0.000000000   1.0
     97  0.429571429  0.857142857  0.000000000   1.0
     98  0.429571429  0.928571429  0.000000000   1.0
     99  0.501000000  0.000000000  0.000000000   1.0
    100  0.501000000  0.071428571  0.000000000   1.0
    101  0.501000000  0.142857143  0.000000000   1.0
    102  0.501000000  0.214285714  0.000000000   1.0
    103  0.501000000  0.285714286  0.000000000   1.0
    104  0.501000000  0.357142857  0.000000000   1.0
    105  0.501000000  0.428571429  0.000000000   1.0
    106  0.501000000  0.500000000  0.000000000   1.0
    107  0.501000000  0.571428571  0.000000000   1.0
    108  0.501000000  0.642857143  0.000000000   1.0
    109  0.501000000  0.714285714  0.000000000   1.0
    110  0.501000000  0.785714286  0.000000000   1.0
    111  0.501000000  0.857142857  0.000000000   1.0
    112  0.501000000  0.928571429  0.000000000   1.0
    113  0.572428571  0.000000000  0.000000000   1.0
    114  0.572428571  0.071428571  0.000000000   1.0
    115  0.572428571  0.142857143  0.000000000   1.0
    116  0.572428571  0.214285714  0.000000000   1.0
    117  0.572428571  0.285714286  0.000000000   1.0
    118  0.572428571  0.357142857  0.000000000   1.0
    119  0.572428571  0.428571429  0.000000000   1.0
    120  0.572428571  0.500000000  0.000000000   1.0
    121  0.572428571  0.571428571  0.000000000   1.0
    122  0.572428571  0.642857143  0.000000000   1.0
    123  0.572428571  0.714285714  0.000000000   1.0
    124  0.572428571  0.785714286  0.000000000   1.0
    125  0.572428571  0.857142857  0.000000000   1.0
    126  0.572428571  0.928571429  0.000000000   1.0
    127  0.643857143  0.000000000  0.000000000   1.0
    128  0.643857143  0.071428571  0.000000000   1.0
    129  0.643857143  0.142857143  0.000000000   1.0
    130  0.643857143  0.214285714  0.000000000   1.0
    131  0.643857143  0.285714286  0.000000000   1.0
    132  0.643857143  0.357142857  0.000000000   1.0
    133  0.643857143  0.428571429  0.000000000   1.0
    134  0.643857143  0.500000000  0.000000000   1.0
    135  0.643857143  0.571428571  0.000000000   1.0
    136  0.643857143  0.642857143  0.000000000   1.0
    137  0.643857143  0.714285714  0.000000000   1.0
    138  0.643857143  0.785714286  0.000000000   1.0
    139  0.643857143  0.857142857  0.000000000   1.0
    140  0.643857143  0.928571429  0.000000000   1.0
    141  0.715285714  0.000000000  0.000000000   1.0
    142  0.715285714  0.071428571  0.000000000   1.0
    143  0.715285714  0.142857143  0.000000000   1.0
    144  0.715285714  0.214285714  0.000000000   1.0
    145  0.715285714  0.285714286  0.000000000   1.0
    146  0.715285714  0.357142857  0.000000000   1.0
    147  0.715285714  0.428571429  0.000000000   1.0
    148  0.715285714  0.500000000  0.000000000   1.0
    149  0.715285714  0.571428571  0.000000000   1.0
    150  0.715285714  0.642857143  0.000000000   1.0
    151  0.715285714  0.714285714  0.000000000   1.0
    152  0.715285714  0.785714286  0.000000000   1.0
    153  0.715285714  0.857142857  0.000000000   1.0
    154  0.715285714  0.928571429  0.000000000   1.0
    155  0.786714286  0.000000000  0.000000000   1.0
    156  0.786714286  0.071428571  0.000000000   1.0
    157  0.786714286  0.142857143  0.000000000   1.0
    158  0.786714286  0.214285714  0.000000000   1.0
    159  0.786714286  0.285714286  0.000000000   1.0
    160  0.786714286  0.357142857  0.000000000   1.0
    161  0.786714286  0.428571429  0.000000000   1.0
    162  0.786714286  0.500000000  0.000000000   1.0
    163  0.786714286  0.571428571  0.000000000   1.0
    164  0.786714286  0.642857143  0.000000000   1.0
    165  0.786714286  0.714285714  0.000000000   1.0
    166  0.786714286  0.785714286  0.000000000   1.0
    167  0.786714286  0.857142857  0.000000000   1.0
    168  0.786714286  0.928571429  0.000000000   1.0
    169  0.858142857  0.000000000  0.000000000   1.0
    170  0.858142857  0.071428571  0.000000000   1.0
    171  0.858142857  0.142857143  0.000000000   1.0
    172  0.858142857  0.214285714  0.000000000   1.0
    173  0.858142857  0.285714286  0.000000000   1.0
    174  0.858142857  0.357142857  0.000000000   1.0
    175  0.858142857  0.428571429  0.000000000   1.0
    176  0.858142857  0.500000000  0.000000000   1.0
    177  0.858142857  0.571428571  0.000000000   1.0
    178  0.858142857  0.642857143  0.000000000   1.0
    179  0.858142857  0.714285714  0.000000000   1.0
    180  0.858142857  0.785714286  0.000000000   1.0
    181  0.858142857  0.857142857  0.000000000   1.0
    182  0.858142857  0.928571429  0.000000000   1.0
    183  0.929571429  0.000000000  0.000000000   1.0
    184  0.929571429  0.071428571  0.000000000   1.0
    185  0.929571429  0.142857143  0.000000000   1.0
    186  0.929571429  0.214285714  0.000000000   1.0
    187  0.929571429  0.285714286  0.000000000   1.0
    188  0.929571429  0.357142857  0.000000000   1.0
    189  0.929571429  0.428571429  0.000000000   1.0
    190  0.929571429  0.500000000  0.000000000   1.0
    191  0.929571429  0.571428571  0.000000000   1.0
    192  0.929571429  0.642857143  0.000000000   1.0
    193  0.929571429  0.714285714  0.000000000   1.0
    194  0.929571429  0.785714286  0.000000000   1.0
    195  0.929571429  0.857142857  0.000000000   1.0
    196  0.929571429  0.928571429  0.000000000   1.0

k-points folded with the symmetries of a subgroup of the q-vector
    196
      1  0.001000000  0.000000000  0.000000000   1.0
      2  0.001000000  0.071428571  0.000000000   1.0
      3  0.001000000  0.142857143  0.000000000   1.0
      4  0.001000000  0.214285714  0.000000000   1.0
      5  0.001000000  0.285714286  0.000000000   1.0
      6  0.001000000  0.357142857  0.000000000   1.0
      7  0.001000000  0.428571429  0.000000000   1.0
      8  0.001000000  0.500000000  0.000000000   1.0
      9  0.001000000  0.571428571  0.000000000   1.0
     10  0.001000000  0.642857143  0.000000000   1.0
     11  0.001000000  0.714285714  0.000000000   1.0
     12  0.001000000  0.785714286  0.000000000   1.0
     13  0.001000000  0.857142857  0.000000000   1.0
     14  0.001000000  0.928571429  0.000000000   1.0
     15  0.072428571  0.000000000  0.000000000   1.0
     16  0.072428571  0.071428571  0.000000000   1.0
     17  0.072428571  0.142857143  0.000000000   1.0
     18  0.072428571  0.214285714  0.000000000   1.0
     19  0.072428571  0.285714286  0.000000000   1.0
     20  0.072428571  0.357142857  0.000000000   1.0
     21  0.072428571  0.428571429  0.000000000   1.0
     22  0.072428571  0.500000000  0.000000000   1.0
     23  0.072428571  0.571428571  0.000000000   1.0
     24  0.072428571  0.642857143  0.000000000   1.0
     25  0.072428571  0.714285714  0.000000000   1.0
     26  0.072428571  0.785714286  0.000000000   1.0
     27  0.072428571  0.857142857  0.000000000   1.0
     28  0.072428571  0.928571429  0.000000000   1.0
     29  0.143857143  0.000000000  0.000000000   1.0
     30  0.143857143  0.071428571  0.000000000   1.0
     31  0.143857143  0.142857143  0.000000000   1.0
     32  0.143857143  0.214285714  0.000000000   1.0
     33  0.143857143  0.285714286  0.000000000   1.0
     34  0.143857143  0.357142857  0.000000000   1.0
     35  0.143857143  0.428571429  0.000000000   1.0
     36  0.143857143  0.500000000  0.000000000   1.0
     37  0.143857143  0.571428571  0.000000000   1.0
     38  0.143857143  0.642857143  0.000000000   1.0
     39  0.143857143  0.714285714  0.000000000   1.0
     40  0.143857143  0.785714286  0.000000000   1.0
     41  0.143857143  0.857142857  0.000000000   1.0
     42  0.143857143  0.928571429  0.000000000   1.0
     43  0.215285714  0.000000000  0.000000000   1.0
     44  0.215285714  0.071428571  0.000000000   1.0
     45  0.215285714  0.142857143  0.000000000   1.0
     46  0.215285714  0.214285714  0.000000000   1.0
     47  0.215285714  0.285714286  0.000000000   1.0
     48  0.215285714  0.357142857  0.000000000   1.0
     49  0.215285714  0.428571429  0.000000000   1.0
     50  0.215285714  0.500000000  0.000000000   1.0
     51  0.215285714  0.571428571  0.000000000   1.0
     52  0.215285714  0.642857143  0.000000000   1.0
     53  0.215285714  0.714285714  0.000000000   1.0
     54  0.215285714  0.785714286  0.000000000   1.0
     55  0.215285714  0.857142857  0.000000000   1.0
     56  0.215285714  0.928571429  0.000000000   1.0
     57  0.286714286  0.000000000  0.000000000   1.0
     58  0.286714286  0.071428571  0.000000000   1.0
     59  0.286714286  0.142857143  0.000000000   1.0
     60  0.286714286  0.214285714  0.000000000   1.0
     61  0.286714286  0.285714286  0.000000000   1.0
     62  0.286714286  0.357142857  0.000000000   1.0
     63  0.286714286  0.428571429  0.000000000   1.0
     64  0.286714286  0.500000000  0.000000000   1.0
     65  0.286714286  0.571428571  0.000000000   1.0
     66  0.286714286  0.642857143  0.000000000   1.0
     67  0.286714286  0.714285714  0.000000000   1.0
     68  0.286714286  0.785714286  0.000000000   1.0
     69  0.286714286  0.857142857  0.000000000   1.0
     70  0.286714286  0.928571429  0.000000000   1.0
     71  0.358142857  0.000000000  0.000000000   1.0
     72  0.358142857  0.071428571  0.000000000   1.0
     73  0.358142857  0.142857143  0.000000000   1.0
     74  0.358142857  0.214285714  0.000000000   1.0
     75  0.358142857  0.285714286  0.000000000   1.0
     76  0.358142857  0.357142857  0.000000000   1.0
     77  0.358142857  0.428571429  0.000000000   1.0
     78  0.358142857  0.500000000  0.000000000   1.0
     79  0.358142857  0.571428571  0.000000000   1.0
     80  0.358142857  0.642857143  0.000000000   1.0
     81  0.358142857  0.714285714  0.000000000   1.0
     82  0.358142857  0.785714286  0.000000000   1.0
     83  0.358142857  0.857142857  0.000000000   1.0
     84  0.358142857  0.928571429  0.000000000   1.0
     85  0.429571429  0.000000000  0.000000000   1.0
     86  0.429571429  0.071428571  0.000000000   1.0
     87  0.429571429  0.142857143  0.000000000   1.0
     88  0.429571429  0.214285714  0.000000000   1.0
     89  0.429571429  0.285714286  0.000000000   1.0
     90  0.429571429  0.357142857  0.000000000   1.0
     91  0.429571429  0.428571429  0.000000000   1.0
     92  0.429571429  0.500000000  0.000000000   1.0
     93  0.429571429  0.571428571  0.000000000   1.0
     94  0.429571429  0.642857143  0.000000000   1.0
     95  0.429571429  0.714285714  0.000000000   1.0
     96  0.429571429  0.785714286  0.000000000   1.0
     97  0.429571429  0.857142857  0.000000000   1.0
     98  0.429571429  0.928571429  0.000000000   1.0
     99  0.501000000  0.000000000  0.000000000   1.0
    100  0.501000000  0.071428571  0.000000000   1.0
    101  0.501000000  0.142857143  0.000000000   1.0
    102  0.501000000  0.214285714  0.000000000   1.0
    103  0.501000000  0.285714286  0.000000000   1.0
    104  0.501000000  0.357142857  0.000000000   1.0
    105  0.501000000  0.428571429  0.000000000   1.0
    106  0.501000000  0.500000000  0.000000000   1.0
    107  0.501000000  0.571428571  0.000000000   1.0
    108  0.501000000  0.642857143  0.000000000   1.0
    109  0.501000000  0.714285714  0.000000000   1.0
    110  0.501000000  0.785714286  0.000000000   1.0
    111  0.501000000  0.857142857  0.000000000   1.0
    112  0.501000000  0.928571429  0.000000000   1.0
    113  0.572428571  0.000000000  0.000000000   1.0
    114  0.572428571  0.071428571  0.000000000   1.0
    115  0.572428571  0.142857143  0.000000000   1.0
    116  0.572428571  0.214285714  0.000000000   1.0
    117  0.572428571  0.285714286  0.000000000   1.0
    118  0.572428571  0.357142857  0.000000000   1.0
    119  0.572428571  0.428571429  0.000000000   1.0
    120  0.572428571  0.500000000  0.000000000   1.0
    121  0.572428571  0.571428571  0.000000000   1.0
    122  0.572428571  0.642857143  0.000000000   1.0
    123  0.572428571  0.714285714  0.000000000   1.0
    124  0.572428571  0.785714286  0.000000000   1.0
    125  0.572428571  0.857142857  0.000000000   1.0
    126  0.572428571  0.928571429  0.000000000   1.0
    127  0.643857143  0.000000000  0.000000000   1.0
    128  0.643857143  0.071428571  0.000000000   1.0
    129  0.643857143  0.142857143  0.000000000   1.0
    130  0.643857143  0.214285714  0.000000000   1.0
    131  0.643857143  0.285714286  0.000000000   1.0
    132  0.643857143  0.357142857  0.000000000   1.0
    133  0.643857143  0.428571429  0.000000000   1.0
    134  0.643857143  0.500000000  0.000000000   1.0
    135  0.643857143  0.571428571  0.000000000   1.0
    136  0.643857143  0.642857143  0.000000000   1.0
    137  0.643857143  0.714285714  0.000000000   1.0
    138  0.643857143  0.785714286  0.000000000   1.0
    139  0.643857143  0.857142857  0.000000000   1.0
    140  0.643857143  0.928571429  0.000000000   1.0
    141  0.715285714  0.000000000  0.000000000   1.0
    142  0.715285714  0.071428571  0.000000000   1.0
    143  0.715285714  0.142857143  0.000000000   1.0
    144  0.715285714  0.214285714  0.000000000   1.0
    145  0.715285714  0.285714286  0.000000000   1.0
    146  0.715285714  0.357142857  0.000000000   1.0
    147  0.715285714  0.428571429  0.000000000   1.0
    148  0.715285714  0.500000000  0.000000000   1.0
    149  0.715285714  0.571428571  0.000000000   1.0
    150  0.715285714  0.642857143  0.000000000   1.0
    151  0.715285714  0.714285714  0.000000000   1.0
    152  0.715285714  0.785714286  0.000000000   1.0
    153  0.715285714  0.857142857  0.000000000   1.0
    154  0.715285714  0.928571429  0.000000000   1.0
    155  0.786714286  0.000000000  0.000000000   1.0
    156  0.786714286  0.071428571  0.000000000   1.0
    157  0.786714286  0.142857143  0.000000000   1.0
    158  0.786714286  0.214285714  0.000000000   1.0
    159  0.786714286  0.285714286  0.000000000   1.0
    160  0.786714286  0.357142857  0.000000000   1.0
    161  0.786714286  0.428571429  0.000000000   1.0
    162  0.786714286  0.500000000  0.000000000   1.0
    163  0.786714286  0.571428571  0.000000000   1.0
    164  0.786714286  0.642857143  0.000000000   1.0
    165  0.786714286  0.714285714  0.000000000   1.0
    166  0.786714286  0.785714286  0.000000000   1.0
    167  0.786714286  0.857142857  0.000000000   1.0
    168  0.786714286  0.928571429  0.000000000   1.0
    169  0.858142857  0.000000000  0.000000000   1.0
    170  0.858142857  0.071428571  0.000000000   1.0
    171  0.858142857  0.142857143  0.000000000   1.0
    172  0.858142857  0.214285714  0.000000000   1.0
    173  0.858142857  0.285714286  0.000000000   1.0
    174  0.858142857  0.357142857  0.000000000   1.0
    175  0.858142857  0.428571429  0.000000000   1.0
    176  0.858142857  0.500000000  0.000000000   1.0
    177  0.858142857  0.571428571  0.000000000   1.0
    178  0.858142857  0.642857143  0.000000000   1.0
    179  0.858142857  0.714285714  0.000000000   1.0
    180  0.858142857  0.785714286  0.000000000   1.0
    181  0.858142857  0.857142857  0.000000000   1.0
    182  0.858142857  0.928571429  0.000000000   1.0
    183  0.929571429  0.000000000  0.000000000   1.0
    184  0.929571429  0.071428571  0.000000000   1.0
    185  0.929571429  0.142857143  0.000000000   1.0
    186  0.929571429  0.214285714  0.000000000   1.0
    187  0.929571429  0.285714286  0.000000000   1.0
    188  0.929571429  0.357142857  0.000000000   1.0
    189  0.929571429  0.428571429  0.000000000   1.0
    190  0.929571429  0.500000000  0.000000000   1.0
    191  0.929571429  0.571428571  0.000000000   1.0
    192  0.929571429  0.642857143  0.000000000   1.0
    193  0.929571429  0.714285714  0.000000000   1.0
    194  0.929571429  0.785714286  0.000000000   1.0
    195  0.929571429  0.857142857  0.000000000   1.0
    196  0.929571429  0.928571429  0.000000000   1.0

