K_POINTS crystal
  196
  0.001000000  0.000000000  0.000000000   1.0
  0.001000000  0.071428571  0.000000000   1.0
  0.001000000  0.142857143  0.000000000   1.0
  0.001000000  0.214285714  0.000000000   1.0
  0.001000000  0.285714286  0.000000000   1.0
  0.001000000  0.357142857  0.000000000   1.0
  0.001000000  0.428571429  0.000000000   1.0
  0.001000000  0.500000000  0.000000000   1.0
  0.001000000  0.571428571  0.000000000   1.0
  0.001000000  0.642857143  0.000000000   1.0
  0.001000000  0.714285714  0.000000000   1.0
  0.001000000  0.785714286  0.000000000   1.0
  0.001000000  0.857142857  0.000000000   1.0
  0.001000000  0.928571429  0.000000000   1.0
  0.072428571  0.000000000  0.000000000   1.0
  0.072428571  0.071428571  0.000000000   1.0
  0.072428571  0.142857143  0.000000000   1.0
  0.072428571  0.214285714  0.000000000   1.0
  0.072428571  0.285714286  0.000000000   1.0
  0.072428571  0.357142857  0.000000000   1.0
  0.072428571  0.428571429  0.000000000   1.0
  0.072428571  0.500000000  0.000000000   1.0
  0.072428571  0.571428571  0.000000000   1.0
  0.072428571  0.642857143  0.000000000   1.0
  0.072428571  0.714285714  0.000000000   1.0
  0.072428571  0.785714286  0.000000000   1.0
  0.072428571  0.857142857  0.000000000   1.0
  0.072428571  0.928571429  0.000000000   1.0
  0.143857143  0.000000000  0.000000000   1.0
  0.143857143  0.071428571  0.000000000   1.0
  0.143857143  0.142857143  0.000000000   1.0
  0.143857143  0.214285714  0.000000000   1.0
  0.143857143  0.285714286  0.000000000   1.0
  0.143857143  0.357142857  0.000000000   1.0
  0.143857143  0.428571429  0.000000000   1.0
  0.143857143  0.500000000  0.000000000   1.0
  0.143857143  0.571428571  0.000000000   1.0
  0.143857143  0.642857143  0.000000000   1.0
  0.143857143  0.714285714  0.000000000   1.0
  0.143857143  0.785714286  0.000000000   1.0
  0.143857143  0.857142857  0.000000000   1.0
  0.143857143  0.928571429  0.000000000   1.0
  0.215285714  0.000000000  0.000000000   1.0
  0.215285714  0.071428571  0.000000000   1.0
  0.215285714  0.142857143  0.000000000   1.0
  0.215285714  0.214285714  0.000000000   1.0
  0.215285714  0.285714286  0.000000000   1.0
  0.215285714  0.357142857  0.000000000   1.0
  0.215285714  0.428571429  0.000000000   1.0
  0.215285714  0.500000000  0.000000000   1.0
  0.215285714  0.571428571  0.000000000   1.0
  0.215285714  0.642857143  0.000000000   1.0
  0.215285714  0.714285714  0.000000000   1.0
  0.215285714  0.785714286  0.000000000   1.0
  0.215285714  0.857142857  0.000000000   1.0
  0.215285714  0.928571429  0.000000000   1.0
  0.286714286  0.000000000  0.000000000   1.0
  0.286714286  0.071428571  0.000000000   1.0
  0.286714286  0.142857143  0.000000000   1.0
  0.286714286  0.214285714  0.000000000   1.0
  0.286714286  0.285714286  0.000000000   1.0
  0.286714286  0.357142857  0.000000000   1.0
  0.286714286  0.428571429  0.000000000   1.0
  0.286714286  0.500000000  0.000000000   1.0
  0.286714286  0.571428571  0.000000000   1.0
  0.286714286  0.642857143  0.000000000   1.0
  0.286714286  0.714285714  0.000000000   1.0
  0.286714286  0.785714286  0.000000000   1.0
  0.286714286  0.857142857  0.000000000   1.0
  0.286714286  0.928571429  0.000000000   1.0
  0.358142857  0.000000000  0.000000000   1.0
  0.358142857  0.071428571  0.000000000   1.0
  0.358142857  0.142857143  0.000000000   1.0
  0.358142857  0.214285714  0.000000000   1.0
  0.358142857  0.285714286  0.000000000   1.0
  0.358142857  0.357142857  0.000000000   1.0
  0.358142857  0.428571429  0.000000000   1.0
  0.358142857  0.500000000  0.000000000   1.0
  0.358142857  0.571428571  0.000000000   1.0
  0.358142857  0.642857143  0.000000000   1.0
  0.358142857  0.714285714  0.000000000   1.0
  0.358142857  0.785714286  0.000000000   1.0
  0.358142857  0.857142857  0.000000000   1.0
  0.358142857  0.928571429  0.000000000   1.0
  0.429571429  0.000000000  0.000000000   1.0
  0.429571429  0.071428571  0.000000000   1.0
  0.429571429  0.142857143  0.000000000   1.0
  0.429571429  0.214285714  0.000000000   1.0
  0.429571429  0.285714286  0.000000000   1.0
  0.429571429  0.357142857  0.000000000   1.0
  0.429571429  0.428571429  0.000000000   1.0
  0.429571429  0.500000000  0.000000000   1.0
  0.429571429  0.571428571  0.000000000   1.0
  0.429571429  0.642857143  0.000000000   1.0
  0.429571429  0.714285714  0.000000000   1.0
  0.429571429  0.785714286  0.000000000   1.0
  0.429571429  0.857142857  0.000000000   1.0
  0.429571429  0.928571429  0.000000000   1.0
  0.501000000  0.000000000  0.000000000   1.0
  0.501000000  0.071428571  0.000000000   1.0
  0.501000000  0.142857143  0.000000000   1.0
  0.501000000  0.214285714  0.000000000   1.0
  0.501000000  0.285714286  0.000000000   1.0
  0.501000000  0.357142857  0.000000000   1.0
  0.501000000  0.428571429  0.000000000   1.0
  0.501000000  0.500000000  0.000000000   1.0
  0.501000000  0.571428571  0.000000000   1.0
  0.501000000  0.642857143  0.000000000   1.0
  0.501000000  0.714285714  0.000000000   1.0
  0.501000000  0.785714286  0.000000000   1.0
  0.501000000  0.857142857  0.000000000   1.0
  0.501000000  0.928571429  0.000000000   1.0
  0.572428571  0.000000000  0.000000000   1.0
  0.572428571  0.071428571  0.000000000   1.0
  0.572428571  0.142857143  0.000000000   1.0
  0.572428571  0.214285714  0.000000000   1.0
  0.572428571  0.285714286  0.000000000   1.0
  0.572428571  0.357142857  0.000000000   1.0
  0.572428571  0.428571429  0.000000000   1.0
  0.572428571  0.500000000  0.000000000   1.0
  0.572428571  0.571428571  0.000000000   1.0
  0.572428571  0.642857143  0.000000000   1.0
  0.572428571  0.714285714  0.000000000   1.0
  0.572428571  0.785714286  0.000000000   1.0
  0.572428571  0.857142857  0.000000000   1.0
  0.572428571  0.928571429  0.000000000   1.0
  0.643857143  0.000000000  0.000000000   1.0
  0.643857143  0.071428571  0.000000000   1.0
  0.643857143  0.142857143  0.000000000   1.0
  0.643857143  0.214285714  0.000000000   1.0
  0.643857143  0.285714286  0.000000000   1.0
  0.643857143  0.357142857  0.000000000   1.0
  0.643857143  0.428571429  0.000000000   1.0
  0.643857143  0.500000000  0.000000000   1.0
  0.643857143  0.571428571  0.000000000   1.0
  0.643857143  0.642857143  0.000000000   1.0
  0.643857143  0.714285714  0.000000000   1.0
  0.643857143  0.785714286  0.000000000   1.0
  0.643857143  0.857142857  0.000000000   1.0
  0.643857143  0.928571429  0.000000000   1.0
  0.715285714  0.000000000  0.000000000   1.0
  0.715285714  0.071428571  0.000000000   1.0
  0.715285714  0.142857143  0.000000000   1.0
  0.715285714  0.214285714  0.000000000   1.0
  0.715285714  0.285714286  0.000000000   1.0
  0.715285714  0.357142857  0.000000000   1.0
  0.715285714  0.428571429  0.000000000   1.0
  0.715285714  0.500000000  0.000000000   1.0
  0.715285714  0.571428571  0.000000000   1.0
  0.715285714  0.642857143  0.000000000   1.0
  0.715285714  0.714285714  0.000000000   1.0
  0.715285714  0.785714286  0.000000000   1.0
  0.715285714  0.857142857  0.000000000   1.0
  0.715285714  0.928571429  0.000000000   1.0
  0.786714286  0.000000000  0.000000000   1.0
  0.786714286  0.071428571  0.000000000   1.0
  0.786714286  0.142857143  0.000000000   1.0
  0.786714286  0.214285714  0.000000000   1.0
  0.786714286  0.285714286  0.000000000   1.0
  0.786714286  0.357142857  0.000000000   1.0
  0.786714286  0.428571429  0.000000000   1.0
  0.786714286  0.500000000  0.000000000   1.0
  0.786714286  0.571428571  0.000000000   1.0
  0.786714286  0.642857143  0.000000000   1.0
  0.786714286  0.714285714  0.000000000   1.0
  0.786714286  0.785714286  0.000000000   1.0
  0.786714286  0.857142857  0.000000000   1.0
  0.786714286  0.928571429  0.000000000   1.0
  0.858142857  0.000000000  0.000000000   1.0
  0.858142857  0.071428571  0.000000000   1.0
  0.858142857  0.142857143  0.000000000   1.0
  0.858142857  0.214285714  0.000000000   1.0
  0.858142857  0.285714286  0.000000000   1.0
  0.858142857  0.357142857  0.000000000   1.0
  0.858142857  0.428571429  0.000000000   1.0
  0.858142857  0.500000000  0.000000000   1.0
  0.858142857  0.571428571  0.000000000   1.0
  0.858142857  0.642857143  0.000000000   1.0
  0.858142857  0.714285714  0.000000000   1.0
  0.858142857  0.785714286  0.000000000   1.0
  0.858142857  0.857142857  0.000000000   1.0
  0.858142857  0.928571429  0.000000000   1.0
  0.929571429  0.000000000  0.000000000   1.0
  0.929571429  0.071428571  0.000000000   1.0
  0.929571429  0.142857143  0.000000000   1.0
  0.929571429  0.214285714  0.000000000   1.0
  0.929571429  0.285714286  0.000000000   1.0
  0.929571429  0.357142857  0.000000000   1.0
  0.929571429  0.428571429  0.000000000   1.0
  0.929571429  0.500000000  0.000000000   1.0
  0.929571429  0.571428571  0.000000000   1.0
  0.929571429  0.642857143  0.000000000   1.0
  0.929571429  0.714285714  0.000000000   1.0
  0.929571429  0.785714286  0.000000000   1.0
  0.929571429  0.857142857  0.000000000   1.0
  0.929571429  0.928571429  0.000000000   1.0
