
 BerkeleyGW version 3.0
 Epsilon code, Complex version, run on 02-Jul-2023 at 19:39:51 -0700

 Running MPI version (parallel)
 Running with 320 MPI task(s)
 Computing the static inverse dielectric matrix

 We are using matrix communication scheme

 We are communicating via MPI

 We are using a truncated Coulomb interaction: cell slab
 Highest occupied band (unshifted grid) = 36
 Valence max    (unshifted grid) = 3.602106 eV
 Conduction min (unshifted grid) = 4.575439 eV
 Middle energy  (unshifted grid) = 4.088772 eV
 Fermi  energy  (unshifted grid) = 4.088772 eV

 Highest occupied band (shifted grid) = 36
 Running with 9 valence pools
 Number of conduction bands per processor: 2
 Number of valence bands per processor: 4

 Memory available: 15294.5 MB per PE
 Memory required for execution: 35.5 MB per PE
 Memory required for vcoul: .0 MB per PE

 Cell Volume = 0.152825419E+04

 Number of electrons per unit cell (from ifmax) = 72.000000
 Number of electrons per unit cell (from occupations) = 72.000000
 Plasma Frequency = 1.538875 Ry

 - Screened Coulomb cutoff: 9.000 Ry
 - Total number of bands: 99
 - Number of q-points: 4

 Scissors parameters:
 - Valence:    es =   0.0000 eV, e0 =   0.0000 eV, edel =   0.0000
 - Conduction: es =   0.0000 eV, e0 =   0.0000 eV, edel =   0.0000
 Highest occupied band (shifted grid) = 36


     q= 0.0010 0.0000 0.0000  nmtx=     651  nrk=  6

           independent matrix elements of chi       spin index= 1 1

          g          g**2          gp          gp**2          chi(g,gp)
    0    0    0   0.00000         0    0    0   0.00000       -0.0000005772   0.0000000000
    0    0    0   0.00000         0    0   -1   0.01769        0.0000003796   0.0000000540
    0    0    0   0.00000         0    0    1   0.01769        0.0000003796  -0.0000000541
    0    0    0   0.00000         0    0   -2   0.07075        0.0000000261  -0.0000000803
    0    0    0   0.00000         0    0    2   0.07075        0.0000000258   0.0000000806
    0    0    0   0.00000         0    0   -3   0.15919       -0.0000002939   0.0000000560
    0    0    0   0.00000         0    0    3   0.15919       -0.0000002932  -0.0000000562
    0    0    0   0.00000         0    0   -4   0.28301        0.0000002806   0.0000000097
    0    0    0   0.00000         0    0    4   0.28301        0.0000002802  -0.0000000097
    0    0    0   0.00000         0    0   -5   0.44220       -0.0000001150  -0.0000000673
    0    0    0   0.00000         0    0    5   0.44220       -0.0000001152   0.0000000673
    0    0    0   0.00000         0    0   -6   0.63677       -0.0000000239   0.0000000726
    0    0    0   0.00000         0    0    6   0.63677       -0.0000000234  -0.0000000725
    0    0    0   0.00000         0    0   -7   0.86672        0.0000000778  -0.0000000321
    0    0    0   0.00000         0    0    7   0.86672        0.0000000776   0.0000000320
    0    0    0   0.00000         0    0   -8   1.13204       -0.0000000743  -0.0000000110
    0    0    0   0.00000         0    0    8   1.13204       -0.0000000747   0.0000000109
    0    0    0   0.00000        -1    1    0   1.40920       -0.0000004550  -0.0000007798
    0    0    0   0.00000         1   -1    0   1.40920        0.0000002555  -0.0000007649
    0    0    0   0.00000        -1    0    0   1.40920       -0.0000008550   0.0000015457
    0    0    0   0.00000         1    0    0   1.40920        0.0000005656   0.0000015433
    0    0    0   0.00000         0   -1    0   1.40920       -0.0000004545  -0.0000007802
    0    0    0   0.00000         0    1    0   1.40920        0.0000002560  -0.0000007645
    0    0    0   0.00000        -1    1   -1   1.42689        0.0000014402   0.0000010821
    0    0    0   0.00000        -1    1    1   1.42689       -0.0000010390  -0.0000001052
    0    0    0   0.00000         1   -1   -1   1.42689        0.0000012572  -0.0000000850
    0    0    0   0.00000         1   -1    1   1.42689       -0.0000013822   0.0000010403
    0    0    0   0.00000        -1    0   -1   1.42689       -0.0000021767   0.0000002077
    0    0    0   0.00000        -1    0    1   1.42689        0.0000028984  -0.0000021419
    0    0    0   0.00000         1    0   -1   1.42689       -0.0000027454  -0.0000021027
    0    0    0   0.00000         1    0    1   1.42689        0.0000024149   0.0000001731
    0    0    0   0.00000         0   -1   -1   1.42689        0.0000014404   0.0000010823
    0    0    0   0.00000        -2    1   16   8.75576        0.0000039237   0.0000002112
    0    0    0   0.00000         2   -1  -16   8.75576       -0.0000038210   0.0000002255
    0    0    0   0.00000         2   -1   16   8.75576        0.0000012355   0.0000005388
    0    0    0   0.00000        -1    2  -16   8.75576        0.0000051039  -0.0000007561
    0    0    0   0.00000        -1    2   16   8.75576       -0.0000050051  -0.0000007705
    0    0    0   0.00000         1   -2  -16   8.75576        0.0000051039  -0.0000007561
    0    0    0   0.00000         1   -2   16   8.75576       -0.0000050051  -0.0000007705
    0    0    0   0.00000        -1   -1  -16   8.75576       -0.0000011277   0.0000005510
    0    0    0   0.00000        -1   -1   16   8.75576        0.0000039244   0.0000002114
    0    0    0   0.00000         1    1  -16   8.75576       -0.0000038205   0.0000002256
    0    0    0   0.00000         1    1   16   8.75576        0.0000012361   0.0000005390
    0    0   -1   0.01769         0    0   -1   0.01769       -0.0027197923   0.0000000000
    0    0    1   0.01769         0    0    1   0.01769       -0.0027197921   0.0000000000
    0    0   -2   0.07075         0    0   -2   0.07075       -0.0093475292   0.0000000000
    0    0    2   0.07075         0    0    2   0.07075       -0.0093475287   0.0000000000
    0    0   -3   0.15919         0    0   -3   0.15919       -0.0169245352   0.0000000000
    0    0    3   0.15919         0    0    3   0.15919       -0.0169245345   0.0000000000
    0    0   -4   0.28301         0    0   -4   0.28301       -0.0230994621   0.0000000000
    0    0    4   0.28301         0    0    4   0.28301       -0.0230994617   0.0000000000
    0    0   -5   0.44220         0    0   -5   0.44220       -0.0266114078   0.0000000000
    0    0    5   0.44220         0    0    5   0.44220       -0.0266114076   0.0000000000
    0    0   -6   0.63677         0    0   -6   0.63677       -0.0272874281   0.0000000000
    0    0    6   0.63677         0    0    6   0.63677       -0.0272874281   0.0000000000
    0    0   -7   0.86672         0    0   -7   0.86672       -0.0257569015   0.0000000000
    0    0    7   0.86672         0    0    7   0.86672       -0.0257569016   0.0000000000
    0    0   -8   1.13204         0    0   -8   1.13204       -0.0229666063   0.0000000000
    0    0    8   1.13204         0    0    8   1.13204       -0.0229666064   0.0000000000
   -1    1    0   1.40920        -1    1    0   1.40920       -0.0184938055   0.0000000000
    1   -1    0   1.40920         1   -1    0   1.40920       -0.0184778509   0.0000000000
   -1    0    0   1.40920        -1    0    0   1.40920       -0.0185018250   0.0000000000
    1    0    0   1.40920         1    0    0   1.40920       -0.0184699158   0.0000000000
    0   -1    0   1.40920         0   -1    0   1.40920       -0.0184938064   0.0000000000
    0    1    0   1.40920         0    1    0   1.40920       -0.0184778519   0.0000000000
   -1    1   -1   1.42689        -1    1   -1   1.42689       -0.0182811613   0.0000000000
   -1    1    1   1.42689        -1    1    1   1.42689       -0.0182523596   0.0000000000
    1   -1   -1   1.42689         1   -1   -1   1.42689       -0.0182365394   0.0000000000
    1   -1    1   1.42689         1   -1    1   1.42689       -0.0182652452   0.0000000000
   -1    0   -1   1.42689        -1    0   -1   1.42689       -0.0182603100   0.0000000000
   -1    0    1   1.42689        -1    0    1   1.42689       -0.0182891605   0.0000000000
    1    0   -1   1.42689         1    0   -1   1.42689       -0.0182573282   0.0000000000
    1    0    1   1.42689         1    0    1   1.42689       -0.0182286696   0.0000000000
    0   -1   -1   1.42689         0   -1   -1   1.42689       -0.0182811622   0.0000000000
    0    2    9   7.06954        -2    1   16   8.75576       -0.0001770806  -0.0001606276
    0    0  -20   7.07525         2   -1  -16   8.75576        0.0001350211   0.0000072894
    0    0   20   7.07525         2   -1   16   8.75576        0.0001350565  -0.0000074606
   -1    1  -18   7.14015        -1    2  -16   8.75576        0.0006022663  -0.0002382168
   -1    1   18   7.14015        -1    2   16   8.75576       -0.0005007829   0.0002264848
    1   -1  -18   7.14015         1   -2  -16   8.75576       -0.0005001021  -0.0002263863
    1   -1   18   7.14015         1   -2   16   8.75576        0.0006016713   0.0002380982
   -1    0  -18   7.14015        -1   -1  -16   8.75576       -0.0005006724  -0.0002265168
   -1    0   18   7.14015        -1   -1   16   8.75576        0.0006022335   0.0002382315
    1    0  -18   7.14015         1    1  -16   8.75576        0.0006017075  -0.0002380846
    1    0   18   7.14015         1    1   16   8.75576       -0.0005002159   0.0002263554

 For q0 points, you should check the symmetry (eps(G,G') = eps*(-G,-G')) by
 using the eps0sym code. Wavefunction convergence, as well as a finite q-shift
 may cause this property of eps(G,G') to be broken.


             g                   gp         inverse epsilon           nspin= 1
         0    0    0         0    0    0        0.79827931   0.00000000
         0    0   -1         0    0    0        0.00016419  -0.00001544
         0    0   -1         0    0   -1        0.20707109   0.00000000
         0    0    1         0    0   -1       -0.00353964  -0.01225046
         0    0    1         0    0    1        0.20707109  -0.00000000
         0    0   -2         0    0    1        0.00163465   0.00006810
         0    0   -2         0    0   -2        0.98863930  -0.00000000
         0    0    2         0    0   -2       -0.00090909  -0.00009710
         0    0    2         0    0    2        0.98863930   0.00000000
         0    0   -3         0    0    2       -0.02260094  -0.01473921
         0    0   -3         0    0   -3        0.27598710  -0.00000000
         0    0    3         0    0   -3        0.00005568  -0.01622842
         0    0    3         0    0    3        0.27598711   0.00000000
         0    0   -4         0    0    3        0.00080304   0.00001650
         0    0   -4         0    0   -4        0.99024979  -0.00000000
         0    0    4         0    0   -4       -0.00063880  -0.00007995
         0    0    4         0    0    4        0.99024979   0.00000000
         0    0   -5         0    0    4        0.00797197  -0.00953155
         0    0   -5         0    0   -5        0.39298392   0.00000000
         0    0    5         0    0   -5        0.01248107  -0.00992480
         0    0    5         0    0    5        0.39298392  -0.00000000
         0    0   -6         0    0    5       -0.00012452   0.00000214
         0    0   -6         0    0   -6        0.99240906   0.00000000
         0    0    6         0    0   -6        0.00028333  -0.00004491
         0    0    6         0    0    6        0.99240906   0.00000000
         0    0   -7         0    0    6       -0.00880748  -0.00702671
         0    0   -7         0    0   -7        0.53993850   0.00000000
         0    0    7         0    0   -7       -0.00658375  -0.00922371
         0    0    7         0    0    7        0.53993850  -0.00000000
         0    0   -8         0    0    7        0.00023796  -0.00002558
         0    0   -8         0    0   -8        0.99460539  -0.00000000
         0    0    8         0    0   -8       -0.00016376   0.00003792
         0    0    8         0    0    8        0.99460539   0.00000000
        -1    1    0         0    0    8       -0.01002203  -0.00135177
        -1    1    0        -1    1    0        0.83176729  -0.00000000
         1   -1    0        -1    1    0       -0.01831986  -0.00152873
         1   -1    0         1   -1    0        0.83207365  -0.00000000
        -1    0    0         1   -1    0        0.00072760  -0.00000056
        -1    0    0        -1    0    0        0.83162278  -0.00000000
         1    0    0        -1    0    0       -0.01829516   0.00153295
         1    0    0         1    0    0        0.83223523  -0.00000000
         0   -1    0         1    0    0        0.00072027   0.00000057
         0   -1    0         0   -1    0        0.83176733  -0.00000000
         0    1    0         0   -1    0       -0.01831986  -0.00152872
         0    1    0         0    1    0        0.83207368   0.00000000
        -1    1   -1         0    1    0        0.01348285   0.00325488
        -1    1   -1        -1    1   -1        0.83413195   0.00000000
        -1    1    1        -1    1   -1        0.00800261  -0.00213703
        -1    1    1        -1    1    1        0.83417053   0.00000000
         1   -1   -1        -1    1    1       -0.00296913   0.00198839
         1   -1   -1         1   -1   -1        0.83447205  -0.00000000
         1   -1    1         1   -1   -1        0.00798624  -0.00213243
         1   -1    1         1   -1    1        0.83443346  -0.00000000
        -1    0   -1         1   -1    1       -0.00000092  -0.00091284
        -1    0   -1        -1    0   -1        0.83403808   0.00000000
        -1    0    1        -1    0   -1        0.00799058  -0.00215394
        -1    0    1        -1    0    1        0.83401469  -0.00000000
         1    0   -1        -1    0    1        0.00496425   0.00183737
         1    0   -1         1    0   -1        0.83461594   0.00000000
         1    0    1         1    0   -1        0.00795854  -0.00214488
         1    0    1         1    0    1        0.83464141  -0.00000000
         0   -1   -1         1    0    1       -0.00000331  -0.00091010
         0   -1   -1         0   -1   -1        0.83413198   0.00000000
         0    2    9         0   -1   -1       -0.00001494  -0.00030300
         0    2    9        -2    1   16       -0.00043271  -0.00045778
         0    0  -20        -2    1   16       -0.00000552  -0.00000420
         0    0  -20         2   -1  -16        0.00000738   0.00000036
         0    0   20         2   -1  -16       -0.00000545   0.00000423
         0    0   20         2   -1   16        0.00000738  -0.00000035
        -1    1  -18         2   -1   16        0.00064328  -0.00013661
        -1    1  -18        -1    2  -16        0.00181763  -0.00057991
        -1    1   18        -1    2  -16       -0.00024618  -0.00012296
        -1    1   18        -1    2   16       -0.00150341   0.00055368
         1   -1  -18        -1    2   16        0.00053018   0.00002721
         1   -1  -18         1   -2  -16       -0.00150474  -0.00055151
         1   -1   18         1   -2  -16       -0.00010598  -0.00003066
         1   -1   18         1   -2   16        0.00181492   0.00057793
        -1    0  -18         1   -2   16       -0.00088646   0.00012344
        -1    0  -18        -1   -1  -16       -0.00151392  -0.00055434
        -1    0   18        -1   -1  -16       -0.00010023  -0.00002923
        -1    0   18        -1   -1   16        0.00182358   0.00057931
         1    0  -18        -1   -1   16        0.00062542  -0.00013784
         1    0  -18         1    1  -16        0.00181986  -0.00057795
         1    0   18         1    1  -16       -0.00025574  -0.00012516
         1    0   18         1    1   16       -0.00151210   0.00055232
         0   -1  -18         1    1   16        0.00064328  -0.00013661


     q= 0.0000 0.3333 0.0000  nmtx=     703  nrk=  6

           independent matrix elements of chi       spin index= 1 1

          g          g**2          gp          gp**2          chi(g,gp)
    0    0    0   0.15658         0    0    0   0.15658       -0.0215161499   0.0000000000
    0    0    0   0.15658         0    0   -1   0.17427        0.0139380131  -0.0012007511
    0    0    0   0.15658         0    0    1   0.17427        0.0137964643   0.0012344896
    0    0    0   0.15658         0    0   -2   0.22733        0.0007279290   0.0012565628
    0    0    0   0.15658         0    0    2   0.22733        0.0014470747  -0.0012426308
    0    0    0   0.15658         0    0   -3   0.31577       -0.0092733759  -0.0006342812
    0    0    0   0.15658         0    0    3   0.31577       -0.0101274831   0.0003865693
    0    0    0   0.15658         0    0   -4   0.43959        0.0083629060   0.0001421907
    0    0    0   0.15658         0    0    4   0.43959        0.0081559816   0.0002649610
    0    0    0   0.15658         0    0   -5   0.59878       -0.0037888506   0.0003008596
    0    0    0   0.15658         0    0    5   0.59878       -0.0022757966  -0.0005477929
    0    0    0   0.15658         0   -1    0   0.62631       -0.0059644377  -0.0001860608
    0    0    0   0.15658         0   -1   -1   0.64400        0.0049041313  -0.0004289279
    0    0    0   0.15658         0   -1    1   0.64400        0.0031640683   0.0006467154
    0    0    0   0.15658         0   -1   -2   0.69706       -0.0003531633   0.0007669036
    0    0    0   0.15658         0   -1    2   0.69706        0.0010503773  -0.0007604716
    0    0    0   0.15658         0   -1   -3   0.78550       -0.0041235007  -0.0005522518
    0    0    0   0.15658         0   -1    3   0.78550       -0.0042542126   0.0004951880
    0    0    0   0.15658         0    0   -6   0.79335        0.0003375838  -0.0007941536
    0    0    0   0.15658         0    0    6   0.79335       -0.0012961328   0.0007307460
    0    0    0   0.15658         0   -1   -4   0.90932        0.0051740160  -0.0000614700
    0    0    0   0.15658         0   -1    4   0.90932        0.0051981638   0.0001489176
    0    0    0   0.15658         0    0   -7   1.02330        0.0016992579   0.0007040729
    0    0    0   0.15658         0    0    7   1.02330        0.0023533802  -0.0004974694
    0    0    0   0.15658         0   -1   -5   1.06851       -0.0026049526   0.0007106466
    0    0    0   0.15658         0   -1    5   1.06851       -0.0033703226  -0.0008573503
    0    0    0   0.15658         1   -1    0   1.09604       -0.0045439144  -0.0000364400
    0    0    0   0.15658        -1    0    0   1.09604       -0.0045439139  -0.0000364401
    0    0    0   0.15658         1   -1   -1   1.11373        0.0045149434  -0.0005408796
    0    0    0   0.15658         1   -1    1   1.11373        0.0018316971   0.0006002222
    0    0    0   0.15658        -1    0   -1   1.11373        0.0045149428  -0.0005408797
    0    0    0   0.15658        -1    0    1   1.11373        0.0018316970   0.0006002224
    0    0    0   0.15658        -1    1   19   8.42093       -0.0001667937   0.0001462712
    0    0    0   0.15658         1    0  -19   8.42093       -0.0001053583   0.0001369852
    0    0    0   0.15658         1    0   19   8.42093       -0.0001667932   0.0001462713
    0    0    0   0.15658         2   -3   -4   8.42505       -0.0005719553   0.0000071402
    0    0    0   0.15658         2   -3    4   8.42505       -0.0005965953   0.0000130703
    0    0    0   0.15658        -2   -1   -4   8.42505       -0.0005719554   0.0000071402
    0    0    0   0.15658        -2   -1    4   8.42505       -0.0005965954   0.0000130703
    0    0    0   0.15658         0   -1  -21   8.42678        0.0006453161   0.0001710801
    0    0    0   0.15658         0   -1   21   8.42678       -0.0005983966  -0.0001963379
    0    0    0   0.15658         0   -2  -16   8.44260        0.0010941395  -0.0001468389
    0    0    0   0.15658         0   -2   16   8.44260        0.0003320399  -0.0000627839
    0    0    0   0.15658        -2    2  -10   8.50165       -0.0006604999   0.0000669844
    0    0    0   0.15658        -2    2   10   8.50165        0.0003908102  -0.0000744738
    0    0    0   0.15658         2    0  -10   8.50165       -0.0006604998   0.0000669845
    0    0    0   0.15658         2    0   10   8.50165        0.0003908098  -0.0000744739
    0    0    0   0.15658         1   -3   -7   8.53902       -0.0004259452   0.0000975076
    0    0    0   0.15658         1   -3    7   8.53902       -0.0010697265   0.0000937860
    0    0    0   0.15658         0    2   -7   8.53903        0.0002806972  -0.0003087078
    0    0    0   0.15658         0    2    7   8.53903       -0.0001620105  -0.0001012991
    0    0    0   0.15658        -1   -2   -7   8.53903       -0.0004259452   0.0000975075
    0    0    0   0.15658        -1   -2    7   8.53903       -0.0010697262   0.0000937859
    0    0    0   0.15658         2   -3   -5   8.58424        0.0002284283   0.0000520934
    0    0    0   0.15658         2   -3    5   8.58424        0.0005686885  -0.0000213398
    0    0    0   0.15658        -2   -1   -5   8.58424        0.0002284285   0.0000520934
    0    0    0   0.15658        -2   -1    5   8.58424        0.0005686884  -0.0000213398
    0    0    0   0.15658         1   -2  -18   8.70593        0.0000888363   0.0001219123
    0    0    0   0.15658         1   -2   18   8.70593       -0.0005622379  -0.0001081742
    0    0    0   0.15658        -1   -1  -18   8.70593        0.0000888359   0.0001219123
    0    0    0   0.15658        -1   -1   18   8.70593       -0.0005622380  -0.0001081743
    0    0    0   0.15658         0    0  -22   8.71763       -0.0007141739  -0.0001239920
    0    0    0   0.15658         0    0   22   8.71763       -0.0003264139   0.0001351938
    0    0    0   0.15658         2   -3   -6   8.77881        0.0003837870  -0.0000473779
    0    0   -1   0.17427         0    0   -1   0.17427       -0.0218070422   0.0000000000
    0    0    1   0.17427         0    0    1   0.17427       -0.0218216007   0.0000000000
    0    0   -2   0.22733         0    0   -2   0.22733       -0.0226406666   0.0000000000
    0    0    2   0.22733         0    0    2   0.22733       -0.0226571679   0.0000000000
    0    0   -3   0.31577         0    0   -3   0.31577       -0.0237622001   0.0000000000
    0    0    3   0.31577         0    0    3   0.31577       -0.0237861439   0.0000000000
    0    0   -4   0.43959         0    0   -4   0.43959       -0.0247634226   0.0000000000
    0    0    4   0.43959         0    0    4   0.43959       -0.0247739239   0.0000000000
    0    0   -5   0.59878         0    0   -5   0.59878       -0.0252010431   0.0000000000
    0    0    5   0.59878         0    0    5   0.59878       -0.0251758894   0.0000000000
    0   -1    0   0.62631         0   -1    0   0.62631       -0.0244721304   0.0000000000
    0   -1   -1   0.64400         0   -1   -1   0.64400       -0.0242234702   0.0000000000
    0   -1    1   0.64400         0   -1    1   0.64400       -0.0242413796   0.0000000000
    0   -1   -2   0.69706         0   -1   -2   0.69706       -0.0235337117   0.0000000000
    0   -1    2   0.69706         0   -1    2   0.69706       -0.0235248099   0.0000000000
    0   -1   -3   0.78550         0   -1   -3   0.78550       -0.0224684631   0.0000000000
    0   -1    3   0.78550         0   -1    3   0.78550       -0.0224220336   0.0000000000
    0    0   -6   0.79335         0    0   -6   0.79335       -0.0247487886   0.0000000000
    0    0    6   0.79335         0    0    6   0.79335       -0.0247244455   0.0000000000
    0   -1   -4   0.90932         0   -1   -4   0.90932       -0.0211786155   0.0000000000
    0   -1    4   0.90932         0   -1    4   0.90932       -0.0211316666   0.0000000000
    0    0   -7   1.02330         0    0   -7   1.02330       -0.0233798201   0.0000000000
    0    0    7   1.02330         0    0    7   1.02330       -0.0233887363   0.0000000000
    0   -1   -5   1.06851         0   -1   -5   1.06851       -0.0198653575   0.0000000000
    0   -1    5   1.06851         0   -1    5   1.06851       -0.0198435196   0.0000000000
    1   -1    0   1.09604         1   -1    0   1.09604       -0.0210735915   0.0000000000
   -1    0    0   1.09604        -1    0    0   1.09604       -0.0210735907   0.0000000000
    1   -1   -1   1.11373         1   -1   -1   1.11373       -0.0209594715   0.0000000000
    1   -1    1   1.11373         1   -1    1   1.11373       -0.0209738318   0.0000000000
   -1    0   -1   1.11373        -1    0   -1   1.11373       -0.0209594707   0.0000000000
   -1    0    1   1.11373        -1    0    1   1.11373       -0.0209738311   0.0000000000
    2   -2  -12   7.40100        -1    1   19   8.42093        0.0003399433  -0.0000198777
    2   -2   12   7.40100         1    0  -19   8.42093       -0.0002630919   0.0000148513
   -2    0  -12   7.40100         1    0   19   8.42093        0.0003399434  -0.0000198777
   -2    0   12   7.40100         2   -3   -4   8.42505        0.0003127964  -0.0000379353
    1   -1  -19   7.48146         2   -3    4   8.42505        0.0001559865   0.0000293428
    1   -1   19   7.48146        -2   -1   -4   8.42505       -0.0002677417  -0.0000118248
   -1    0  -19   7.48146        -2   -1    4   8.42505        0.0001559864   0.0000293428
   -1    0   19   7.48146         0   -1  -21   8.42678        0.0001032832  -0.0000514827
    1   -2  -16   7.50314         0   -1   21   8.42678       -0.0000751492   0.0000529988
    1   -2   16   7.50314         0   -2  -16   8.44260       -0.0000341807  -0.0001739960
   -1   -1  -16   7.50314         0   -2   16   8.44260       -0.0000842799   0.0000929276
   -1   -1   16   7.50314        -2    2  -10   8.50165       -0.0001314653  -0.0000356941
   -1    2  -10   7.56219        -2    2   10   8.50165       -0.0000311526   0.0000227589
   -1    2   10   7.56219         2    0  -10   8.50165       -0.0000656149   0.0000753240
    1    1  -10   7.56219         2    0   10   8.50165       -0.0000311526   0.0000227589
    1    1   10   7.56219         1   -3   -7   8.53902       -0.0002360966   0.0000215891
   -2    2   -7   7.59956         1   -3    7   8.53902       -0.0000468108   0.0000278276
   -2    2    7   7.59956         0    2   -7   8.53903        0.0000442014   0.0000624999
    2    0   -7   7.59956         0    2    7   8.53903        0.0001095905  -0.0001075719
    2    0    7   7.59956        -1   -2   -7   8.53903        0.0000474051  -0.0000206419
    0    1  -17   7.61711        -1   -2    7   8.53903       -0.0000996641  -0.0000240582
    0    1   17   7.61711         2   -3   -5   8.58424        0.0002741060   0.0000532413
    1   -3    0   7.67231         2   -3    5   8.58424       -0.0004047353  -0.0001283817
    0    2    0   7.67231        -2   -1   -5   8.58424        0.0000629755  -0.0000244653
   -1   -2    0   7.67231        -2   -1    5   8.58424       -0.0004047353  -0.0001283817
    1   -3   -1   7.68999         1   -2  -18   8.70593        0.0000540009   0.0000592377
    1   -3    1   7.68999         1   -2   18   8.70593       -0.0001052545  -0.0000128779
    0    2   -1   7.69000        -1   -1  -18   8.70593       -0.0000346572   0.0000504339
    0    2    1   7.69000        -1   -1   18   8.70593       -0.0000824361  -0.0000656728
   -1   -2   -1   7.69000         0    0  -22   8.71763       -0.0000374494  -0.0001036936
   -1   -2    1   7.69000         0    0   22   8.71763        0.0000586721   0.0001126278
    0   -1  -20   7.70156         2   -3   -6   8.77881        0.0001097961  -0.0000445249


             g                   gp         inverse epsilon           nspin= 1
         0    0    0         0    0    0        0.53697528  -0.00000000
         0    0   -1         0    0    0        0.23847503   0.01022080
         0    0   -1         0    0   -1        0.55302880   0.00000000
         0    0    1         0    0   -1        0.05139680  -0.00111501
         0    0    1         0    0    1        0.55195887  -0.00000000
         0    0   -2         0    0    1       -0.07339512  -0.00526086
         0    0   -2         0    0   -2        0.58865194   0.00000000
         0    0    2         0    0   -2       -0.00712595   0.00533522
         0    0    2         0    0    2        0.58782354  -0.00000000
         0    0   -3         0    0    2        0.00916066   0.00662882
         0    0   -3         0    0   -3        0.62845095  -0.00000000
         0    0    3         0    0   -3        0.02267273   0.00032930
         0    0    3         0    0    3        0.62852569  -0.00000000
         0    0   -4         0    0    3       -0.01090311  -0.00025266
         0    0   -4         0    0   -4        0.66759723  -0.00000000
         0    0    4         0    0   -4       -0.01093819   0.00428045
         0    0    4         0    0    4        0.66802356   0.00000000
         0    0   -5         0    0    4        0.00504827   0.00359493
         0    0   -5         0    0   -5        0.70615130   0.00000000
         0    0    5         0    0   -5        0.01446304   0.00151645
         0    0    5         0    0    5        0.70621917   0.00000000
         0   -1    0         0    0    5       -0.01433768  -0.00044783
         0   -1    0         0   -1    0        0.70572591  -0.00000000
         0   -1   -1         0   -1    0        0.17621210   0.00558034
         0   -1   -1         0   -1   -1        0.70934165   0.00000000
         0   -1    1         0   -1   -1        0.01739594  -0.00026627
         0   -1    1         0   -1    1        0.70967724  -0.00000000
         0   -1   -2         0   -1    1       -0.07994787  -0.00473669
         0   -1   -2         0   -1   -2        0.72137942   0.00000000
         0   -1    2         0   -1   -2        0.02684396   0.00196779
         0   -1    2         0   -1    2        0.72186020  -0.00000000
         0   -1   -3         0   -1    2        0.00968603   0.00687182
         0   -1   -3         0   -1   -3        0.74197129   0.00000000
         0   -1    3         0   -1   -3        0.01006984   0.00314425
         0   -1    3         0   -1    3        0.74243605  -0.00000000
         0    0   -6         0   -1    3        0.00776065   0.00228638
         0    0   -6         0    0   -6        0.74518847   0.00000000
         0    0    6         0    0   -6        0.01811440   0.00185650
         0    0    6         0    0    6        0.74489357  -0.00000000
         0   -1   -4         0    0    6        0.00616554  -0.00243939
         0   -1   -4         0   -1   -4        0.76807768   0.00000000
         0   -1    4         0   -1   -4        0.01042263   0.00212759
         0   -1    4         0   -1    4        0.76850498  -0.00000000
         0    0   -7         0   -1    4       -0.00450966  -0.00105908
         0    0   -7         0    0   -7        0.78384625  -0.00000000
         0    0    7         0    0   -7       -0.00100426  -0.00067838
         0    0    7         0    0    7        0.78365787   0.00000000
         0   -1   -5         0    0    7        0.00739908  -0.00071560
         0   -1   -5         0   -1   -5        0.79560975  -0.00000000
         0   -1    5         0   -1   -5        0.00581253   0.00478416
         0   -1    5         0   -1    5        0.79589447  -0.00000000
         1   -1    0         0   -1    5       -0.01932647  -0.00040352
         1   -1    0         1   -1    0        0.79219631   0.00000000
        -1    0    0         1   -1    0        0.00893816  -0.00000000
        -1    0    0        -1    0    0        0.79219633   0.00000000
         1   -1   -1        -1    0    0       -0.00442679   0.00173314
         1   -1   -1         1   -1   -1        0.79475026   0.00000000
         1   -1    1         1   -1   -1        0.01036903  -0.00127184
         1   -1    1         1   -1    1        0.79461697   0.00000000
        -1    0   -1         1   -1    1       -0.00057623  -0.00231620
        -1    0   -1        -1    0   -1        0.79475028   0.00000000
        -1    0    1        -1    0   -1        0.01036903  -0.00127184
        -1    0    1        -1    0    1        0.79461699   0.00000000
         2   -2  -12        -1    0    1       -0.00019708   0.00006899
         2   -2  -12        -1    1   19        0.00080457  -0.00001029
         2   -2   12        -1    1   19        0.00076757   0.00036413
         2   -2   12         1    0  -19       -0.00059964   0.00002733
        -2    0  -12         1    0  -19        0.00075267  -0.00030106
        -2    0  -12         1    0   19        0.00080457  -0.00001029
        -2    0   12         1    0   19        0.00076757   0.00036413
        -2    0   12         2   -3   -4        0.00074199  -0.00011054
         1   -1  -19         2   -3   -4       -0.00078626  -0.00010269
         1   -1  -19         2   -3    4        0.00056662   0.00009255
         1   -1   19         2   -3    4       -0.00074000   0.00011588
         1   -1   19        -2   -1   -4       -0.00055592  -0.00001957
        -1    0  -19        -2   -1   -4       -0.00078626  -0.00010269
        -1    0  -19        -2   -1    4        0.00056662   0.00009255
        -1    0   19        -2   -1    4       -0.00074000   0.00011588
        -1    0   19         0   -1  -21        0.00023421  -0.00008443
         1   -2  -16         0   -1  -21       -0.00215796   0.00031008
         1   -2  -16         0   -1   21       -0.00024679   0.00011206
         1   -2   16         0   -1   21       -0.00114812  -0.00044694
         1   -2   16         0   -2  -16       -0.00003453  -0.00036186
        -1   -1  -16         0   -2  -16       -0.00190585   0.00025094
        -1   -1  -16         0   -2   16       -0.00021716   0.00018724
        -1   -1   16         0   -2   16       -0.00189632   0.00024092
        -1   -1   16        -2    2  -10       -0.00035126  -0.00006230
        -1    2  -10        -2    2  -10       -0.00185744   0.00031900
        -1    2  -10        -2    2   10       -0.00025940   0.00002865
        -1    2   10        -2    2   10       -0.00187115   0.00031839
        -1    2   10         2    0  -10       -0.00006449   0.00018735
         1    1  -10         2    0  -10       -0.00185744   0.00031900
         1    1  -10         2    0   10       -0.00025940   0.00002865
         1    1   10         2    0   10       -0.00187115   0.00031839
         1    1   10         1   -3   -7       -0.00055280   0.00002207
        -2    2   -7         1   -3   -7        0.00097291   0.00012869
        -2    2   -7         1   -3    7       -0.00012770   0.00009203
        -2    2    7         1   -3    7        0.00097087   0.00012688
        -2    2    7         0    2   -7        0.00013805   0.00016330
         2    0   -7         0    2   -7        0.00070717  -0.00028472
         2    0   -7         0    2    7        0.00030490  -0.00031247
         2    0    7         0    2    7        0.00071249  -0.00028660
         2    0    7        -1   -2   -7        0.00008491  -0.00005606
         0    1  -17        -1   -2   -7        0.00003377   0.00011884
         0    1  -17        -1   -2    7       -0.00000652  -0.00010148
         0    1   17        -1   -2    7       -0.00002850  -0.00015725
         0    1   17         2   -3   -5        0.00076700   0.00008154
         1   -3    0         2   -3   -5       -0.00187836   0.00025577
         1   -3    0         2   -3    5       -0.00110807  -0.00034729
         0    2    0         2   -3    5        0.00039767   0.00012315
         0    2    0        -2   -1   -5        0.00034695  -0.00005742
        -1   -2    0        -2   -1   -5       -0.00187836   0.00025577
        -1   -2    0        -2   -1    5       -0.00110807  -0.00034729
         1   -3   -1        -2   -1    5        0.00037204  -0.00003040
         1   -3   -1         1   -2  -18        0.00003901   0.00020276
         1   -3    1         1   -2  -18        0.00049178  -0.00013074
         1   -3    1         1   -2   18       -0.00027432  -0.00005666
         0    2   -1         1   -2   18        0.00068426   0.00003572
         0    2   -1        -1   -1  -18       -0.00012403   0.00010957
         0    2    1        -1   -1  -18        0.00068058   0.00006247
         0    2    1        -1   -1   18       -0.00014713  -0.00013775
        -1   -2   -1        -1   -1   18        0.00048994  -0.00018141
        -1   -2   -1         0    0  -22       -0.00015432  -0.00023337
        -1   -2    1         0    0  -22       -0.00010817  -0.00015193
        -1   -2    1         0    0   22        0.00014948   0.00025457
         0   -1  -20         0    0   22        0.00113173  -0.00009659
         0   -1  -20         2   -3   -6        0.00021824  -0.00009844


     q= 0.0000 0.6667 0.0000  nmtx=     703  nrk=  6

           independent matrix elements of chi       spin index= 1 1

          g          g**2          gp          gp**2          chi(g,gp)
    0   -1    0   0.15658         0   -1    0   0.15658       -0.0215161491   0.0000000000
    0   -1   -1   0.17427         0   -1   -1   0.17427       -0.0218216000   0.0000000000
    0   -1    1   0.17427         0   -1    1   0.17427       -0.0218070415   0.0000000000
    0   -1   -2   0.22733         0   -1   -2   0.22733       -0.0226571676   0.0000000000
    0   -1    2   0.22733         0   -1    2   0.22733       -0.0226406663   0.0000000000
    0   -1   -3   0.31577         0   -1   -3   0.31577       -0.0237861439   0.0000000000
    0   -1    3   0.31577         0   -1    3   0.31577       -0.0237622001   0.0000000000
    0   -1   -4   0.43959         0   -1   -4   0.43959       -0.0247739241   0.0000000000
    0   -1    4   0.43959         0   -1    4   0.43959       -0.0247634228   0.0000000000
    0   -1   -5   0.59878         0   -1   -5   0.59878       -0.0251758897   0.0000000000
    0   -1    5   0.59878         0   -1    5   0.59878       -0.0252010433   0.0000000000
    0    0    0   0.62631         0   -1    0   0.15658       -0.0059644375  -0.0001860602
    0    0    0   0.62631         0   -1   -1   0.17427        0.0051647658  -0.0004419444
    0    0    0   0.62631         0   -1    1   0.17427        0.0031756459   0.0007084393
    0    0    0   0.62631         0   -1   -2   0.22733       -0.0008933224   0.0009559829
    0    0    0   0.62631         0   -1    2   0.22733        0.0016744560  -0.0009369252
    0    0    0   0.62631         0   -1   -3   0.31577       -0.0044987373  -0.0009385788
    0    0    0   0.62631         0   -1    3   0.31577       -0.0061231891   0.0005412307
    0    0    0   0.62631         0   -1   -4   0.43959        0.0075199910   0.0001590185
    0    0    0   0.62631         0   -1    4   0.43959        0.0071876158   0.0004879226
    0    0    0   0.62631         0   -1   -5   0.59878       -0.0058849689   0.0009500248
    0    0    0   0.62631         0   -1    5   0.59878       -0.0032990298  -0.0014081245
    0    0    0   0.62631         0    0    0   0.62631       -0.0244721290   0.0000000000
    0    0    0   0.62631         0    0   -1   0.64400        0.0158379643  -0.0007121776
    0    0    0   0.62631         0    0    1   0.64400        0.0155247727   0.0007780532
    0    0    0   0.62631         0    0   -2   0.69706        0.0004429157   0.0006523007
    0    0    0   0.62631         0    0    2   0.69706        0.0019560801  -0.0006251898
    0    0    0   0.62631         0    0   -3   0.78550       -0.0092654386  -0.0004148372
    0    0    0   0.62631         0    0    3   0.78550       -0.0111210912  -0.0000714482
    0    0    0   0.62631         0   -1   -6   0.79335        0.0004099801  -0.0015034013
    0    0    0   0.62631         0   -1    6   0.79335       -0.0032063223   0.0013632345
    0    0    0   0.62631         0    0   -4   0.90932        0.0079316090   0.0003872780
    0    0    0   0.62631         0    0    4   0.90932        0.0074713881   0.0004055650
    0    0    0   0.62631         0   -1   -7   1.02330        0.0051520996   0.0010352259
    0    0    0   0.62631         0   -1    7   1.02330        0.0072661079  -0.0004124317
    0    0    0   0.62631         0    0   -5   1.06851       -0.0039972882   0.0000216280
    0    0    0   0.62631         0    0    5   1.06851       -0.0002496082  -0.0004822805
    0    0    0   0.62631        -1    0    0   1.09604       -0.0045704053  -0.0000753799
    0    0    0   0.62631         1   -1    0   1.09604       -0.0045704052  -0.0000753799
    0    0    0   0.62631        -1    0   -1   1.11373        0.0058770645  -0.0007307245
    0    0    0   0.62631        -1    0    1   1.11373        0.0005457886   0.0007949340
    0    0    0   0.62631         1   -1   -1   1.11373        0.0058770648  -0.0007307244
    0    0    0   0.62631         1   -1    1   1.11373        0.0005457882   0.0007949339
    0    0    0   0.62631         1   -2   19   8.42093        0.0000657344  -0.0000071732
    0    0    0   0.62631        -1   -1  -19   8.42093        0.0000065858  -0.0000421284
    0    0    0   0.62631        -1   -1   19   8.42093        0.0000657344  -0.0000071731
    0    0    0   0.62631        -2    2   -4   8.42505       -0.0002513471   0.0000764510
    0    0    0   0.62631        -2    2    4   8.42505       -0.0002696868   0.0000823637
    0    0    0   0.62631         2    0   -4   8.42505       -0.0002513473   0.0000764510
    0    0    0   0.62631         2    0    4   8.42505       -0.0002696870   0.0000823637
    0    0    0   0.62631         0    0  -21   8.42678        0.0002272371   0.0003002497
    0    0    0   0.62631         0    0   21   8.42678       -0.0002781375  -0.0002952387
    0    0    0   0.62631         0    1  -16   8.44260        0.0004290520   0.0002584329
    0    0    0   0.62631         0    1   16   8.44260       -0.0000845012   0.0001640494
    0    0    0   0.62631         2   -3  -10   8.50165       -0.0003695711   0.0000336008
    0    0    0   0.62631         2   -3   10   8.50165        0.0000389448  -0.0000798110
    0    0    0   0.62631        -2   -1  -10   8.50165       -0.0003695711   0.0000336007
    0    0    0   0.62631        -2   -1   10   8.50165        0.0000389448  -0.0000798110
    0    0    0   0.62631        -1    2   -7   8.53902       -0.0002408243   0.0001840465
    0    0    0   0.62631        -1    2    7   8.53902       -0.0000276670  -0.0002622018
    0    0    0   0.62631         0   -3   -7   8.53903        0.0000425351  -0.0002186718
    0    0    0   0.62631         0   -3    7   8.53903       -0.0000878072   0.0001239633
    0    0    0   0.62631         1    1   -7   8.53903       -0.0002408243   0.0001840466
    0    0    0   0.62631         1    1    7   8.53903       -0.0000276670  -0.0002622018
    0    0    0   0.62631        -2    2   -5   8.58424       -0.0000168020  -0.0001096810
    0    0    0   0.62631        -2    2    5   8.58424        0.0003864204  -0.0000751241
    0    0    0   0.62631         2    0   -5   8.58424       -0.0000168018  -0.0001096810
    0    0    0   0.62631         2    0    5   8.58424        0.0003864205  -0.0000751241
    0    0    0   0.62631        -1    1  -18   8.70593       -0.0003970038  -0.0000520212
    0    0    0   0.62631        -1    1   18   8.70593        0.0003389623  -0.0000761491
    0    0    0   0.62631         1    0  -18   8.70593       -0.0003970039  -0.0000520212
    0    0    0   0.62631         1    0   18   8.70593        0.0003389623  -0.0000761491
    0    0    0   0.62631         0   -1  -22   8.71763       -0.0003675884  -0.0001809195
    0    0    0   0.62631         0   -1   22   8.71763        0.0005618534   0.0000460541
    0    0    0   0.62631        -2    2   -6   8.77881        0.0004863836   0.0000214900
    0    0   -1   0.64400         0    0   -1   0.64400       -0.0242413781   0.0000000000
    0    0    1   0.64400         0    0    1   0.64400       -0.0242234687   0.0000000000
    0    0   -2   0.69706         0    0   -2   0.69706       -0.0235248084   0.0000000000
    0    0    2   0.69706         0    0    2   0.69706       -0.0235337102   0.0000000000
    0    0   -3   0.78550         0    0   -3   0.78550       -0.0224220321   0.0000000000
    0    0    3   0.78550         0    0    3   0.78550       -0.0224684616   0.0000000000
    0   -1   -6   0.79335         0   -1   -6   0.79335       -0.0247244458   0.0000000000
    0   -1    6   0.79335         0   -1    6   0.79335       -0.0247487889   0.0000000000
    0    0   -4   0.90932         0    0   -4   0.90932       -0.0211316651   0.0000000000
    0    0    4   0.90932         0    0    4   0.90932       -0.0211786140   0.0000000000
    0   -1   -7   1.02330         0   -1   -7   1.02330       -0.0233887365   0.0000000000
    0   -1    7   1.02330         0   -1    7   1.02330       -0.0233798203   0.0000000000
    0    0   -5   1.06851         0    0   -5   1.06851       -0.0198435180   0.0000000000
    0    0    5   1.06851         0    0    5   1.06851       -0.0198653559   0.0000000000
   -1    0    0   1.09604        -1    0    0   1.09604       -0.0210735904   0.0000000000
    1   -1    0   1.09604         1   -1    0   1.09604       -0.0210735897   0.0000000000
   -1    0   -1   1.11373        -1    0   -1   1.11373       -0.0209738307   0.0000000000
   -1    0    1   1.11373        -1    0    1   1.11373       -0.0209594704   0.0000000000
    1   -1   -1   1.11373         1   -1   -1   1.11373       -0.0209738300   0.0000000000
    1   -1    1   1.11373         1   -1    1   1.11373       -0.0209594696   0.0000000000
   -2    1  -12   7.40100         1   -2   19   8.42093        0.0003211256  -0.0000100645
   -2    1   12   7.40100        -1   -1  -19   8.42093       -0.0002679028  -0.0000048731
    2   -1  -12   7.40100        -1   -1   19   8.42093        0.0003211257  -0.0000100645
    2   -1   12   7.40100        -2    2   -4   8.42505        0.0002199870  -0.0000270182
   -1    0  -19   7.48146        -2    2    4   8.42505        0.0001489837   0.0000018042
   -1    0   19   7.48146         2    0   -4   8.42505       -0.0002760595  -0.0000092535
    1   -1  -19   7.48146         2    0    4   8.42505        0.0001489836   0.0000018042
    1   -1   19   7.48146         0    0  -21   8.42678       -0.0001263560  -0.0000096043
   -1    1  -16   7.50314         0    0   21   8.42678       -0.0001105603   0.0000309134
   -1    1   16   7.50314         0    1  -16   8.44260       -0.0000842799  -0.0000929276
    1    0  -16   7.50314         0    1   16   8.44260       -0.0000341807   0.0001739960
    1    0   16   7.50314         2   -3  -10   8.50165       -0.0002215527  -0.0001205781
    1   -3  -10   7.56219         2   -3   10   8.50165       -0.0000235711  -0.0000626180
    1   -3   10   7.56219        -2   -1  -10   8.50165        0.0000053469   0.0000248012
   -1   -2  -10   7.56219        -2   -1   10   8.50165       -0.0000235711  -0.0000626180
   -1   -2   10   7.56219        -1    2   -7   8.53902        0.0000597059  -0.0000165554
    2   -3   -7   7.59956        -1    2    7   8.53902        0.0000474052   0.0000206419
    2   -3    7   7.59956         0   -3   -7   8.53903        0.0001095904   0.0001075719
   -2   -1   -7   7.59956         0   -3    7   8.53903        0.0000442015  -0.0000624999
   -2   -1    7   7.59956         1    1   -7   8.53903       -0.0000468109  -0.0000278276
    0   -2  -17   7.61711         1    1    7   8.53903        0.0001495244   0.0001041203
    0   -2   17   7.61711        -2    2   -5   8.58424        0.0002523678   0.0000388056
   -1    2    0   7.67231        -2    2    5   8.58424       -0.0007612223  -0.0001208558
    0   -3    0   7.67231         2    0   -5   8.58424        0.0001570228  -0.0000468800
    1    1    0   7.67231         2    0    5   8.58424       -0.0007612223  -0.0001208558
   -1    2   -1   7.68999        -1    1  -18   8.70593       -0.0001052544   0.0000128779
   -1    2    1   7.68999        -1    1   18   8.70593        0.0000540009  -0.0000592377
    0   -3   -1   7.69000         1    0  -18   8.70593       -0.0000824361   0.0000656728
    0   -3    1   7.69000         1    0   18   8.70593       -0.0000346572  -0.0000504340
    1    1   -1   7.69000         0   -1  -22   8.71763        0.0000586721  -0.0001126278
    1    1    1   7.69000         0   -1   22   8.71763       -0.0000374494   0.0001036936
    0    0  -20   7.70156        -2    2   -6   8.77881        0.0000712024  -0.0001077370


             g                   gp         inverse epsilon           nspin= 1
         0   -1    0         0   -1    0        0.53697528  -0.00000000
         0   -1   -1         0   -1    0        0.23828009   0.01025403
         0   -1   -1         0   -1   -1        0.55195887  -0.00000000
         0   -1    1         0   -1   -1        0.05139680  -0.00111501
         0   -1    1         0   -1    1        0.55302880  -0.00000000
         0   -1   -2         0   -1    1       -0.07438035  -0.00534801
         0   -1   -2         0   -1   -2        0.58782354  -0.00000000
         0   -1    2         0   -1   -2       -0.00712595   0.00533522
         0   -1    2         0   -1    2        0.58865194  -0.00000000
         0   -1   -3         0   -1    2        0.01057195   0.00657151
         0   -1   -3         0   -1   -3        0.62852569  -0.00000000
         0   -1    3         0   -1   -3        0.02267273   0.00032930
         0   -1    3         0   -1    3        0.62845095  -0.00000000
         0   -1   -4         0   -1    3       -0.01056835  -0.00016723
         0   -1   -4         0   -1   -4        0.66802356   0.00000000
         0   -1    4         0   -1   -4       -0.01093819   0.00428045
         0   -1    4         0   -1    4        0.66759723  -0.00000000
         0   -1   -5         0   -1    4        0.00422361   0.00364550
         0   -1   -5         0   -1   -5        0.70621916  -0.00000000
         0   -1    5         0   -1   -5        0.01446304   0.00151645
         0   -1    5         0   -1    5        0.70615130  -0.00000000
         0    0    0         0   -1    5       -0.00322945  -0.00116639
         0    0    0         0    0    0        0.70572592   0.00000000
         0    0   -1         0    0    0        0.17676237   0.00544468
         0    0   -1         0    0   -1        0.70967725  -0.00000000
         0    0    1         0    0   -1        0.01739594  -0.00026627
         0    0    1         0    0    1        0.70934166  -0.00000000
         0    0   -2         0    0    1       -0.07856778  -0.00437598
         0    0   -2         0    0   -2        0.72186021  -0.00000000
         0    0    2         0    0   -2        0.02684396   0.00196779
         0    0    2         0    0    2        0.72137943  -0.00000000
         0    0   -3         0    0    2        0.00780574   0.00708108
         0    0   -3         0    0   -3        0.74243606  -0.00000000
         0    0    3         0    0   -3        0.01006984   0.00314425
         0    0    3         0    0    3        0.74197130   0.00000000
         0   -1   -6         0    0    3       -0.00210305   0.00071749
         0   -1   -6         0   -1   -6        0.74489357   0.00000000
         0   -1    6         0   -1   -6        0.01811440   0.00185650
         0   -1    6         0   -1    6        0.74518847  -0.00000000
         0    0   -4         0   -1    6       -0.00255089  -0.00039046
         0    0   -4         0    0   -4        0.76850499   0.00000000
         0    0    4         0    0   -4        0.01042263   0.00212759
         0    0    4         0    0    4        0.76807769   0.00000000
         0   -1   -7         0    0    4       -0.00704977   0.00200663
         0   -1   -7         0   -1   -7        0.78365787   0.00000000
         0   -1    7         0   -1   -7       -0.00100426  -0.00067838
         0   -1    7         0   -1    7        0.78384625  -0.00000000
         0    0   -5         0   -1    7        0.00508672   0.00099377
         0    0   -5         0    0   -5        0.79589448  -0.00000000
         0    0    5         0    0   -5        0.00581253   0.00478416
         0    0    5         0    0    5        0.79560976   0.00000000
        -1    0    0         0    0    5        0.00088316  -0.00017786
        -1    0    0        -1    0    0        0.79219631   0.00000000
         1   -1    0        -1    0    0        0.00893816   0.00000000
         1   -1    0         1   -1    0        0.79219633  -0.00000000
        -1    0   -1         1   -1    0       -0.00442148   0.00175180
        -1    0   -1        -1    0   -1        0.79461697   0.00000000
        -1    0    1        -1    0   -1        0.01036903  -0.00127184
        -1    0    1        -1    0    1        0.79475026   0.00000000
         1   -1   -1        -1    0    1       -0.00057622  -0.00231620
         1   -1   -1         1   -1   -1        0.79461699   0.00000000
         1   -1    1         1   -1   -1        0.01036903  -0.00127184
         1   -1    1         1   -1    1        0.79475028  -0.00000000
        -2    1  -12         1   -1    1        0.00001626  -0.00006147
        -2    1  -12         1   -2   19        0.00079678  -0.00004855
        -2    1   12         1   -2   19        0.00075267   0.00030106
        -2    1   12        -1   -1  -19       -0.00063331  -0.00000428
         2   -1  -12        -1   -1  -19        0.00076757  -0.00036413
         2   -1  -12        -1   -1   19        0.00079678  -0.00004855
         2   -1   12        -1   -1   19        0.00075267   0.00030106
         2   -1   12        -2    2   -4        0.00050556  -0.00000493
        -1    0  -19        -2    2   -4       -0.00074000  -0.00011588
        -1    0  -19        -2    2    4        0.00056330  -0.00000951
        -1    0   19        -2    2    4       -0.00078626   0.00010269
        -1    0   19         2    0   -4       -0.00058734  -0.00001884
         1   -1  -19         2    0   -4       -0.00074000  -0.00011588
         1   -1  -19         2    0    4        0.00056330  -0.00000951
         1   -1   19         2    0    4       -0.00078626   0.00010269
         1   -1   19         0    0  -21       -0.00028871   0.00001999
        -1    1  -16         0    0  -21       -0.00114811   0.00044694
        -1    1  -16         0    0   21       -0.00028880   0.00005586
        -1    1   16         0    0   21       -0.00215796  -0.00031008
        -1    1   16         0    1  -16       -0.00021716  -0.00018724
         1    0  -16         0    1  -16       -0.00189632  -0.00024092
         1    0  -16         0    1   16       -0.00003453   0.00036186
         1    0   16         0    1   16       -0.00190585  -0.00025094
         1    0   16         2   -3  -10       -0.00044156  -0.00026235
         1   -3  -10         2   -3  -10       -0.00187115  -0.00031839
         1   -3  -10         2   -3   10       -0.00027652  -0.00016401
         1   -3   10         2   -3   10       -0.00185744  -0.00031900
         1   -3   10        -2   -1  -10        0.00009025   0.00004449
        -1   -2  -10        -2   -1  -10       -0.00187115  -0.00031839
        -1   -2  -10        -2   -1   10       -0.00027652  -0.00016401
        -1   -2   10        -2   -1   10       -0.00185744  -0.00031900
        -1   -2   10        -1    2   -7        0.00008155  -0.00009147
         2   -3   -7        -1    2   -7        0.00097087  -0.00012688
         2   -3   -7        -1    2    7        0.00008491   0.00005606
         2   -3    7        -1    2    7        0.00097291  -0.00012869
         2   -3    7         0   -3   -7        0.00030490   0.00031247
        -2   -1   -7         0   -3   -7        0.00071249   0.00028660
        -2   -1   -7         0   -3    7        0.00013805  -0.00016330
        -2   -1    7         0   -3    7        0.00070717   0.00028472
        -2   -1    7         1    1   -7       -0.00012770  -0.00009203
         0   -2  -17         1    1   -7       -0.00002850   0.00015725
         0   -2  -17         1    1    7        0.00032938   0.00025843
         0   -2   17         1    1    7        0.00003377  -0.00011884
         0   -2   17        -2    2   -5        0.00049608   0.00003287
        -1    2    0        -2    2   -5       -0.00110807   0.00034729
        -1    2    0        -2    2    5       -0.00187836  -0.00025577
         0   -3    0        -2    2    5        0.00034695   0.00005742
         0   -3    0         2    0   -5        0.00039767  -0.00012315
         1    1    0         2    0   -5       -0.00110807   0.00034729
         1    1    0         2    0    5       -0.00187836  -0.00025577
        -1    2   -1         2    0    5       -0.00027826   0.00002265
        -1    2   -1        -1    1  -18       -0.00027432   0.00005666
        -1    2    1        -1    1  -18        0.00048994   0.00018141
        -1    2    1        -1    1   18        0.00003901  -0.00020276
         0   -3   -1        -1    1   18        0.00068058  -0.00006247
         0   -3   -1         1    0  -18       -0.00014713   0.00013775
         0   -3    1         1    0  -18        0.00068426  -0.00003572
         0   -3    1         1    0   18       -0.00012403  -0.00010957
         1    1   -1         1    0   18        0.00049178   0.00013074
         1    1   -1         0   -1  -22        0.00014948  -0.00025457
         1    1    1         0   -1  -22       -0.00008246   0.00011969
         1    1    1         0   -1   22       -0.00015432   0.00023337
         0    0  -20         0   -1   22        0.00107613  -0.00003205
         0    0  -20        -2    2   -6        0.00029516  -0.00029322


     q= 0.3333 0.3333 0.0000  nmtx=     699  nrk=  5

           independent matrix elements of chi       spin index= 1 1

          g          g**2          gp          gp**2          chi(g,gp)
   -1    0    0   0.46973        -1    0    0   0.46973       -0.0263117732   0.0000000000
    0   -1    0   0.46973         0   -1    0   0.46973       -0.0263117725   0.0000000000
    0    0    0   0.46973        -1    0    0   0.46973       -0.0076510180  -0.0001739627
    0    0    0   0.46973         0   -1    0   0.46973       -0.0076510176   0.0001739627
    0    0    0   0.46973         0    0    0   0.46973       -0.0263117727   0.0000000000
    0    0    0   0.46973        -1    0   -1   0.48742        0.0061975866  -0.0006290281
    0    0    0   0.46973        -1    0    1   0.48742        0.0043073863   0.0008209704
    0    0    0   0.46973         0   -1   -1   0.48742        0.0043073868  -0.0008209704
    0    0    0   0.46973         0   -1    1   0.48742        0.0061975856   0.0006290281
    0    0    0   0.46973         0    0   -1   0.48742        0.0169254172  -0.0009352466
    0    0    0   0.46973         0    0    1   0.48742        0.0169254171   0.0009352466
    0    0    0   0.46973        -1    0   -2   0.54049       -0.0003482133   0.0010279183
    0    0    0   0.46973        -1    0    2   0.54049        0.0013037071  -0.0010229154
    0    0    0   0.46973         0   -1   -2   0.54049        0.0013037062   0.0010229155
    0    0    0   0.46973         0   -1    2   0.54049       -0.0003482125  -0.0010279183
    0    0    0   0.46973         0    0   -2   0.54049        0.0013203729   0.0008583262
    0    0    0   0.46973         0    0    2   0.54049        0.0013203733  -0.0008583262
    0    0    0   0.46973        -1    0   -3   0.62893       -0.0058694154  -0.0006424443
    0    0    0   0.46973        -1    0    3   0.62893       -0.0060693325   0.0007353101
    0    0    0   0.46973         0   -1   -3   0.62893       -0.0060693320  -0.0007353102
    0    0    0   0.46973         0   -1    3   0.62893       -0.0058694159   0.0006424442
    0    0    0   0.46973         0    0   -3   0.62893       -0.0115067900  -0.0002803105
    0    0    0   0.46973         0    0    3   0.62893       -0.0115067904   0.0002803104
    0    0    0   0.46973        -1    0   -4   0.75274        0.0076062983  -0.0002745195
    0    0    0   0.46973        -1    0    4   0.75274        0.0077449051  -0.0000177773
    0    0    0   0.46973         0   -1   -4   0.75274        0.0077449053   0.0000177775
    0    0    0   0.46973         0   -1    4   0.75274        0.0076062984   0.0002745197
    0    0    0   0.46973         0    0   -4   0.75274        0.0092719458  -0.0000150682
    0    0    0   0.46973         0    0    4   0.75274        0.0092719456   0.0000150684
    0    0    0   0.46973        -1    0   -5   0.91194       -0.0035121067   0.0010190569
    0    0    0   0.46973        -1    0    5   0.91194       -0.0054257057  -0.0008091542
    0    0    0   0.46973         0   -1   -5   0.91194       -0.0054257062   0.0008091541
    0    0    0   0.46973         0   -1    5   0.91194       -0.0035121065  -0.0010190569
    0    0    0   0.46973         0    0   -5   0.91194       -0.0029606262   0.0002982925
    0    0    0   0.46973        -3    1    8   8.64777        0.0005140714   0.0000881780
    0    0    0   0.46973         1   -3   -8   8.64777        0.0005140714  -0.0000881780
    0    0    0   0.46973         1   -3    8   8.64777        0.0003115476  -0.0000838672
    0    0    0   0.46973         1    1   -8   8.64777       -0.0000761776   0.0001087664
    0    0    0   0.46973         1    1    8   8.64777       -0.0000761777  -0.0001087663
    0    0    0   0.46973         2   -2  -12   8.65362       -0.0008177542   0.0000896454
    0    0    0   0.46973         2   -2   12   8.65362       -0.0006617704   0.0001599273
    0    0    0   0.46973        -2    2  -12   8.65362       -0.0006617703  -0.0001599271
    0    0    0   0.46973        -2    2   12   8.65362       -0.0008177542  -0.0000896452
    0    0    0   0.46973         2   -1  -12   8.65362       -0.0001708854   0.0000192240
    0    0    0   0.46973         2   -1   12   8.65362       -0.0005100896  -0.0000498144
    0    0    0   0.46973        -1    2  -12   8.65362       -0.0005100898   0.0000498144
    0    0    0   0.46973        -1    2   12   8.65362       -0.0001708855  -0.0000192240
    0    0    0   0.46973        -2   -1  -12   8.65362       -0.0004933103   0.0000399855
    0    0    0   0.46973        -2   -1   12   8.65362       -0.0003856084   0.0000834030
    0    0    0   0.46973        -1   -2  -12   8.65362       -0.0003856087  -0.0000834030
    0    0    0   0.46973        -1   -2   12   8.65362       -0.0004933103  -0.0000399855
    0    0    0   0.46973        -3    2    0   8.92493       -0.0000678895  -0.0000390276
    0    0    0   0.46973         2   -3    0   8.92493       -0.0000678895   0.0000390274
    0    0    0   0.46973        -3    0    0   8.92493        0.0005907716   0.0000418615
    0    0    0   0.46973         0   -3    0   8.92493        0.0005907718  -0.0000418614
    0    0    0   0.46973         2    0    0   8.92493        0.0000021730   0.0002227606
    0    0    0   0.46973         0    2    0   8.92493        0.0000021734  -0.0002227604
    0    0    0   0.46973        -3    2   -1   8.94261        0.0001216303   0.0000868084
    0    0    0   0.46973        -3    2    1   8.94261       -0.0000607828  -0.0000375691
    0    0    0   0.46973         2   -3   -1   8.94261       -0.0000607825   0.0000375693
    0    0    0   0.46973         2   -3    1   8.94261        0.0001216300  -0.0000868083
    0    0    0   0.46973        -3    0   -1   8.94262       -0.0001682482  -0.0000958760
    0    0    0   0.46973        -3    0    1   8.94262       -0.0005835319   0.0000442420
    0    0    0   0.46973         0   -3   -1   8.94262       -0.0005835322  -0.0000442421
    0    0    0   0.46973         0   -3    1   8.94262       -0.0001682483   0.0000958758
    0    0    0   0.46973         2    0   -1   8.94262       -0.0004116706  -0.0002823770
   -1    0   -1   0.48742        -1    0   -1   0.48742       -0.0261125747   0.0000000000
   -1    0    1   0.48742        -1    0    1   0.48742       -0.0261125747   0.0000000000
    0   -1   -1   0.48742         0   -1   -1   0.48742       -0.0261125742   0.0000000000
    0   -1    1   0.48742         0   -1    1   0.48742       -0.0261125742   0.0000000000
    0    0   -1   0.48742         0    0   -1   0.48742       -0.0261125741   0.0000000000
    0    0    1   0.48742         0    0    1   0.48742       -0.0261125742   0.0000000000
   -1    0   -2   0.54049        -1    0   -2   0.54049       -0.0255198697   0.0000000000
   -1    0    2   0.54049        -1    0    2   0.54049       -0.0255198698   0.0000000000
    0   -1   -2   0.54049         0   -1   -2   0.54049       -0.0255198696   0.0000000000
    0   -1    2   0.54049         0   -1    2   0.54049       -0.0255198696   0.0000000000
    0    0   -2   0.54049         0    0   -2   0.54049       -0.0255198691   0.0000000000
    0    0    2   0.54049         0    0    2   0.54049       -0.0255198691   0.0000000000
   -1    0   -3   0.62893        -1    0   -3   0.62893       -0.0246022101   0.0000000000
   -1    0    3   0.62893        -1    0    3   0.62893       -0.0246022101   0.0000000000
    0   -1   -3   0.62893         0   -1   -3   0.62893       -0.0246022103   0.0000000000
    0   -1    3   0.62893         0   -1    3   0.62893       -0.0246022104   0.0000000000
    0    0   -3   0.62893         0    0   -3   0.62893       -0.0246022094   0.0000000000
    0    0    3   0.62893         0    0    3   0.62893       -0.0246022094   0.0000000000
   -1    0   -4   0.75274        -1    0   -4   0.75274       -0.0234952875   0.0000000000
   -1    0    4   0.75274        -1    0    4   0.75274       -0.0234952876   0.0000000000
    0   -1   -4   0.75274         0   -1   -4   0.75274       -0.0234952881   0.0000000000
    0   -1    4   0.75274         0   -1    4   0.75274       -0.0234952881   0.0000000000
    0    0   -4   0.75274         0    0   -4   0.75274       -0.0234952869   0.0000000000
    0    0    4   0.75274         0    0    4   0.75274       -0.0234952868   0.0000000000
   -1    0   -5   0.91194        -1    0   -5   0.91194       -0.0222936810   0.0000000000
   -1    0    5   0.91194        -1    0    5   0.91194       -0.0222936810   0.0000000000
    0   -1   -5   0.91194         0   -1   -5   0.91194       -0.0222936816   0.0000000000
    0   -1    5   0.91194         0   -1    5   0.91194       -0.0222936816   0.0000000000
    0    0   -5   0.91194         0    0   -5   0.91194       -0.0222936802   0.0000000000
    1    1    0   7.51573        -3    1    8   8.64777        0.0001477074  -0.0000069958
   -3    1   -1   7.53342         1   -3   -8   8.64777       -0.0001016511  -0.0000251210
   -3    1    1   7.53342         1   -3    8   8.64777       -0.0001787324   0.0000470169
    1   -3   -1   7.53342         1    1   -8   8.64777       -0.0001016511  -0.0000251210
    1   -3    1   7.53342         1    1    8   8.64777       -0.0001787325   0.0000470169
    1    1   -1   7.53342         2   -2  -12   8.65362        0.0000735293  -0.0000564749
    1    1    1   7.53342         2   -2   12   8.65362        0.0001569024  -0.0000786779
    2   -2   -9   7.53927        -2    2  -12   8.65362        0.0000700309   0.0000496337
    2   -2    9   7.53927        -2    2   12   8.65362       -0.0000074403  -0.0000387852
   -2    2   -9   7.53927         2   -1  -12   8.65362       -0.0000753800   0.0000922779
   -2    2    9   7.53927         2   -1   12   8.65362       -0.0001072189  -0.0000472869
    2   -1   -9   7.53927        -1    2  -12   8.65362        0.0000882085  -0.0000128150
    2   -1    9   7.53927        -1    2   12   8.65362        0.0001637691  -0.0000117603
   -1    2   -9   7.53927        -2   -1  -12   8.65362       -0.0001072188   0.0000472869
   -1    2    9   7.53927        -2   -1   12   8.65362       -0.0000753799  -0.0000922778
   -2   -1   -9   7.53927        -1   -2  -12   8.65362       -0.0004824081  -0.0000480881
   -2   -1    9   7.53927        -1   -2   12   8.65362       -0.0007690870   0.0002215371
   -1   -2   -9   7.53927        -3    2    0   8.92493        0.0000097901  -0.0001418193
   -1   -2    9   7.53927         2   -3    0   8.92493       -0.0002644034   0.0000392776
   -1    0  -20   7.54499        -3    0    0   8.92493       -0.0000753023  -0.0000736546
   -1    0   20   7.54499         0   -3    0   8.92493       -0.0000245779   0.0000432213
    0   -1  -20   7.54499         2    0    0   8.92493       -0.0000117866  -0.0000712109
    0   -1   20   7.54499         0    2    0   8.92493       -0.0000480320   0.0000737901
    0    0  -20   7.54499        -3    2   -1   8.94261       -0.0000196168   0.0000359900
    0    0   20   7.54499        -3    2    1   8.94261        0.0000004832   0.0000855426
   -3    1   -2   7.58648         2   -3   -1   8.94261        0.0000384591  -0.0000138114
   -3    1    2   7.58648         2   -3    1   8.94261        0.0000201602   0.0000469754
    1   -3   -2   7.58648        -3    0   -1   8.94262        0.0001222668  -0.0000369823
    1   -3    2   7.58648        -3    0    1   8.94262        0.0000593478   0.0001312619
    1    1   -2   7.58648         0   -3   -1   8.94262        0.0000201602  -0.0000469754
    1    1    2   7.58648         0   -3    1   8.94262        0.0000384592   0.0000138114
    1   -1  -18   7.60989         2    0   -1   8.94262       -0.0000764964   0.0001216437


             g                   gp         inverse epsilon           nspin= 1
        -1    0    0        -1    0    0        0.66233584   0.00000000
         0   -1    0        -1    0    0       -0.00800891   0.00074678
         0   -1    0         0   -1    0        0.66233584  -0.00000000
         0    0    0         0   -1    0       -0.00800891   0.00074678
         0    0    0         0    0    0        0.66233588  -0.00000000
        -1    0   -1         0    0    0        0.01223888  -0.00088110
        -1    0   -1        -1    0   -1        0.66803302  -0.00000000
        -1    0    1        -1    0   -1        0.02243418   0.00011924
        -1    0    1        -1    0    1        0.66803302  -0.00000000
         0   -1   -1        -1    0    1       -0.00229919   0.00038333
         0   -1   -1         0   -1   -1        0.66803302   0.00000000
         0   -1    1         0   -1   -1        0.02243418   0.00011924
         0   -1    1         0   -1    1        0.66803302   0.00000000
         0    0   -1         0   -1    1       -0.00229919   0.00038333
         0    0   -1         0    0   -1        0.66803306   0.00000000
         0    0    1         0    0   -1        0.02243418   0.00011924
         0    0    1         0    0    1        0.66803306  -0.00000000
        -1    0   -2         0    0    1       -0.01212913   0.00004009
        -1    0   -2        -1    0   -2        0.68418354   0.00000000
        -1    0    2        -1    0   -2        0.02446260   0.00253629
        -1    0    2        -1    0    2        0.68418354  -0.00000000
         0   -1   -2        -1    0    2        0.01416530  -0.00028095
         0   -1   -2         0   -1   -2        0.68418354  -0.00000000
         0   -1    2         0   -1   -2        0.02446261   0.00253629
         0   -1    2         0   -1    2        0.68418354   0.00000000
         0    0   -2         0   -1    2        0.01416530  -0.00028095
         0    0   -2         0    0   -2        0.68418358   0.00000000
         0    0    2         0    0   -2        0.02446261   0.00253629
         0    0    2         0    0    2        0.68418358   0.00000000
        -1    0   -3         0    0    2       -0.00412433   0.00009805
        -1    0   -3        -1    0   -3        0.70811326   0.00000000
        -1    0    3        -1    0   -3        0.01221778   0.00315949
        -1    0    3        -1    0    3        0.70811326   0.00000000
         0   -1   -3        -1    0    3       -0.00262748   0.00033682
         0   -1   -3         0   -1   -3        0.70811326   0.00000000
         0   -1    3         0   -1   -3        0.01221778   0.00315949
         0   -1    3         0   -1    3        0.70811326   0.00000000
         0    0   -3         0   -1    3       -0.00262748   0.00033682
         0    0   -3         0    0   -3        0.70811329   0.00000000
         0    0    3         0    0   -3        0.01221778   0.00315949
         0    0    3         0    0    3        0.70811329   0.00000000
        -1    0   -4         0    0    3        0.00542052  -0.00017282
        -1    0   -4        -1    0   -4        0.73652223   0.00000000
        -1    0    4        -1    0   -4        0.00337916   0.00256220
        -1    0    4        -1    0    4        0.73652223  -0.00000000
         0   -1   -4        -1    0    4       -0.00813488  -0.00097555
         0   -1   -4         0   -1   -4        0.73652223   0.00000000
         0   -1    4         0   -1   -4        0.00337916   0.00256220
         0   -1    4         0   -1    4        0.73652223  -0.00000000
         0    0   -4         0   -1    4       -0.00813488  -0.00097555
         0    0   -4         0    0   -4        0.73652226   0.00000000
         0    0    4         0    0   -4        0.00337916   0.00256220
         0    0    4         0    0    4        0.73652226  -0.00000000
        -1    0   -5         0    0    4        0.00707278   0.00125631
        -1    0   -5        -1    0   -5        0.76695308  -0.00000000
        -1    0    5        -1    0   -5        0.00914493   0.00420106
        -1    0    5        -1    0    5        0.76695308  -0.00000000
         0   -1   -5        -1    0    5       -0.00246785   0.00001224
         0   -1   -5         0   -1   -5        0.76695308  -0.00000000
         0   -1    5         0   -1   -5        0.00914493   0.00420106
         0   -1    5         0   -1    5        0.76695308  -0.00000000
         0    0   -5         0   -1    5       -0.00246785   0.00001224
         0    0   -5         0    0   -5        0.76695310   0.00000000
         1    1    0         0    0   -5       -0.00012495   0.00051006
         1    1    0        -3    1    8        0.00042830  -0.00003943
        -3    1   -1        -3    1    8        0.00047703   0.00060022
        -3    1   -1         1   -3   -8       -0.00027475  -0.00004193
        -3    1    1         1   -3   -8       -0.00046565   0.00019088
        -3    1    1         1   -3    8       -0.00049566   0.00013260
         1   -3   -1         1   -3    8        0.00047703   0.00060022
         1   -3   -1         1    1   -8       -0.00027475  -0.00004193
         1   -3    1         1    1   -8       -0.00046565   0.00019088
         1   -3    1         1    1    8       -0.00049566   0.00013260
         1    1   -1         1    1    8        0.00047703   0.00060022
         1    1   -1         2   -2  -12        0.00028598  -0.00019406
         1    1    1         2   -2  -12       -0.00004398  -0.00016474
         1    1    1         2   -2   12        0.00052538  -0.00021408
         2   -2   -9         2   -2   12        0.00007105   0.00022160
         2   -2   -9        -2    2  -12        0.00023538   0.00014179
         2   -2    9        -2    2  -12       -0.00036363  -0.00002892
         2   -2    9        -2    2   12        0.00009337  -0.00006575
        -2    2   -9        -2    2   12        0.00009105   0.00022162
        -2    2   -9         2   -1  -12       -0.00015271   0.00022615
        -2    2    9         2   -1  -12        0.00017411  -0.00005585
        -2    2    9         2   -1   12       -0.00036870  -0.00009801
         2   -1   -9         2   -1   12        0.00009105   0.00022162
         2   -1   -9        -1    2  -12        0.00022226  -0.00008699
         2   -1    9        -1    2  -12       -0.00015211  -0.00027566
         2   -1    9        -1    2   12        0.00039674  -0.00001290
        -1    2   -9        -1    2   12        0.00007105   0.00022160
        -1    2   -9        -2   -1  -12       -0.00036870   0.00009801
        -1    2    9        -2   -1  -12        0.00002490  -0.00005998
        -1    2    9        -2   -1   12       -0.00015271  -0.00022615
        -2   -1   -9        -2   -1   12        0.00007105   0.00022160
        -2   -1   -9        -1   -2  -12       -0.00126393  -0.00014234
        -2   -1    9        -1   -2  -12       -0.00001515  -0.00008305
        -2   -1    9        -1   -2   12       -0.00223028   0.00053734
        -1   -2   -9        -1   -2   12        0.00009105   0.00022162
        -1   -2   -9        -3    2    0        0.00012951  -0.00033125
        -1   -2    9        -3    2    0        0.00024043   0.00032032
        -1   -2    9         2   -3    0       -0.00076529   0.00011247
        -1    0  -20         2   -3    0        0.00003120  -0.00006812
        -1    0  -20        -3    0    0       -0.00017001  -0.00020502
        -1    0   20        -3    0    0       -0.00011302   0.00001706
        -1    0   20         0   -3    0        0.00003949   0.00009328
         0   -1  -20         0   -3    0       -0.00011302  -0.00001706
         0   -1  -20         2    0    0        0.00008322  -0.00018317
         0   -1   20         2    0    0        0.00003949   0.00009328
         0   -1   20         0    2    0        0.00000605   0.00015266
         0    0  -20         0    2    0       -0.00017001  -0.00020502
         0    0  -20        -3    2   -1       -0.00017513   0.00011032
         0    0   20        -3    2   -1        0.00019286  -0.00018250
         0    0   20        -3    2    1       -0.00012972   0.00023069
        -3    1   -2        -3    2    1       -0.00233528   0.00035233
        -3    1   -2         2   -3   -1       -0.00000974  -0.00003601
        -3    1    2         2   -3   -1        0.00010737  -0.00001460
        -3    1    2         2   -3    1       -0.00000953   0.00010903
         1   -3   -2         2   -3    1       -0.00133530   0.00017439
         1   -3   -2        -3    0   -1        0.00040922  -0.00008847
         1   -3    2        -3    0   -1       -0.00024325   0.00008933
         1   -3    2        -3    0    1        0.00020403   0.00031374
         1    1   -2        -3    0    1        0.00003520  -0.00005870
         1    1   -2         0   -3   -1       -0.00000953  -0.00010903
         1    1    2         0   -3   -1        0.00003520   0.00005870
         1    1    2         0   -3    1       -0.00000974   0.00003601
         1   -1  -18         0   -3    1       -0.00004025   0.00009787
         1   -1  -18         2    0   -1       -0.00024902   0.00035201
